#
# There is insufficient memory for the Java Runtime Environment to continue.
# Native memory allocation (malloc) failed to allocate 277840 bytes for Chunk::new
# Possible reasons:
#   The system is out of physical RAM or swap space
#   The process is running with CompressedOops enabled, and the Java Heap may be blocking the growth of the native heap
# Possible solutions:
#   Reduce memory load on the system
#   Increase physical memory or swap space
#   Check if swap backing store is full
#   Decrease Java heap size (-Xmx/-Xms)
#   Decrease number of Java threads
#   Decrease Java thread stack sizes (-Xss)
#   Set larger code cache with -XX:ReservedCodeCacheSize=
#   JVM is running with Unscaled Compressed Oops mode in which the Java heap is
#     placed in the first 4GB address space. The Java Heap base address is the
#     maximum limit for the native heap growth. Please use -XX:HeapBaseMinAddress
#     to set the Java Heap base and to place the Java Heap above 4GB virtual address.
# This output file may be truncated or incomplete.
#
#  Out of Memory Error (./src/hotspot/share/memory/arena.cpp:197), pid=16804, tid=16488
#
# JRE version: OpenJDK Runtime Environment (11.0.8+10) (build 11.0.8+10-b944.6842174)
# Java VM: OpenJDK 64-Bit Server VM (11.0.8+10-b944.6842174, mixed mode, tiered, compressed oops, g1 gc, windows-amd64)
# No core dump will be written. Minidumps are not enabled by default on client versions of Windows
#

---------------  S U M M A R Y ------------

Command Line: --add-opens=java.base/java.util=ALL-UNNAMED --add-opens=java.base/java.lang=ALL-UNNAMED --add-opens=java.base/java.lang.invoke=ALL-UNNAMED --add-opens=java.prefs/java.util.prefs=ALL-UNNAMED -Xmx2048m -Dfile.encoding=UTF-8 -Duser.country=PT -Duser.language=pt -Duser.variant org.gradle.launcher.daemon.bootstrap.GradleDaemon 6.5

Host: Intel(R) Core(TM) i5-2410M CPU @ 2.30GHz, 4 cores, 6G,  Windows 10 , 64 bit Build 19041 (10.0.19041.928)
Time: Mon May 10 23:41:55 2021 Hor. Padrão Centro-oeste África elapsed time: 5120 seconds (0d 1h 25m 20s)

---------------  T H R E A D  ---------------

Current thread (0x0000017c20497000):  JavaThread "C2 CompilerThread0" daemon [_thread_in_native, id=16488, stack(0x0000002328000000,0x0000002328100000)]


Current CompileTask:
C2:5120923 30057       4       org.gradle.internal.component.external.model.AbstractConfigurationMetadata::getConfigDependencies (36 bytes)

Stack: [0x0000002328000000,0x0000002328100000]
Native frames: (J=compiled Java code, j=interpreted, Vv=VM code, C=native code)
V  [jvm.dll+0x5de50a]
V  [jvm.dll+0x7122f5]
V  [jvm.dll+0x71384d]
V  [jvm.dll+0x713f03]
V  [jvm.dll+0x23e728]
V  [jvm.dll+0xb899c]
V  [jvm.dll+0xb8e9c]
V  [jvm.dll+0x1f6f41]
V  [jvm.dll+0x576955]
V  [jvm.dll+0x5756ee]
V  [jvm.dll+0x1f75a2]
V  [jvm.dll+0x1f68d4]
V  [jvm.dll+0x17f32c]
V  [jvm.dll+0x205047]
V  [jvm.dll+0x203891]
V  [jvm.dll+0x6dad3f]
V  [jvm.dll+0x6d3895]
V  [jvm.dll+0x5dd4a6]
C  [ucrtbase.dll+0x21bb2]
C  [KERNEL32.DLL+0x17034]
C  [ntdll.dll+0x52651]


---------------  P R O C E S S  ---------------

Threads class SMR info:
_java_thread_list=0x0000017c27035760, length=38, elements={
0x0000017c062b8800, 0x0000017c2048c000, 0x0000017c2048d800, 0x0000017c20495000,
0x0000017c20496000, 0x0000017c20497000, 0x0000017c204ba800, 0x0000017c204cb800,
0x0000017c20f7a000, 0x0000017c20fe5000, 0x0000017c22817000, 0x0000017c22548800,
0x0000017c22146800, 0x0000017c20e4f800, 0x0000017c20e52000, 0x0000017c20e51000,
0x0000017c23431000, 0x0000017c2342d000, 0x0000017c23246800, 0x0000017c26e0c800,
0x0000017c2a59b000, 0x0000017c2a5a0000, 0x0000017c26e0c000, 0x0000017c26e0e800,
0x0000017c29c36000, 0x0000017c29c39800, 0x0000017c29c34800, 0x0000017c29c3a000,
0x0000017c29c3b000, 0x0000017c29c37000, 0x0000017c29c35000, 0x0000017c29c3b800,
0x0000017c2a5a7000, 0x0000017c2a5ac000, 0x0000017c2a5a6000, 0x0000017c2a5a7800,
0x0000017c2a5ac800, 0x0000017c2a597000
}

Java Threads: ( => current thread )
  0x0000017c062b8800 JavaThread "main" [_thread_blocked, id=16468, stack(0x0000002327500000,0x0000002327600000)]
  0x0000017c2048c000 JavaThread "Reference Handler" daemon [_thread_blocked, id=12212, stack(0x0000002327c00000,0x0000002327d00000)]
  0x0000017c2048d800 JavaThread "Finalizer" daemon [_thread_blocked, id=7364, stack(0x0000002327d00000,0x0000002327e00000)]
  0x0000017c20495000 JavaThread "Signal Dispatcher" daemon [_thread_blocked, id=4324, stack(0x0000002327e00000,0x0000002327f00000)]
  0x0000017c20496000 JavaThread "Attach Listener" daemon [_thread_blocked, id=18268, stack(0x0000002327f00000,0x0000002328000000)]
=>0x0000017c20497000 JavaThread "C2 CompilerThread0" daemon [_thread_in_native, id=16488, stack(0x0000002328000000,0x0000002328100000)]
  0x0000017c204ba800 JavaThread "C1 CompilerThread0" daemon [_thread_blocked, id=12516, stack(0x0000002328100000,0x0000002328200000)]
  0x0000017c204cb800 JavaThread "Sweeper thread" daemon [_thread_blocked, id=12160, stack(0x0000002328200000,0x0000002328300000)]
  0x0000017c20f7a000 JavaThread "Common-Cleaner" daemon [_thread_blocked, id=12796, stack(0x0000002328300000,0x0000002328400000)]
  0x0000017c20fe5000 JavaThread "Service Thread" daemon [_thread_blocked, id=17756, stack(0x0000002328400000,0x0000002328500000)]
  0x0000017c22817000 JavaThread "Daemon health stats" [_thread_blocked, id=15020, stack(0x0000002328600000,0x0000002328700000)]
  0x0000017c22548800 JavaThread "Incoming local TCP Connector on port 50823" [_thread_in_native, id=15644, stack(0x0000002328a00000,0x0000002328b00000)]
  0x0000017c22146800 JavaThread "Daemon periodic checks" [_thread_blocked, id=6420, stack(0x0000002328b00000,0x0000002328c00000)]
  0x0000017c20e4f800 JavaThread "Cache worker for journal cache (C:\Users\cient\.gradle\caches\journal-1)" [_thread_blocked, id=6804, stack(0x0000002329500000,0x0000002329600000)]
  0x0000017c20e52000 JavaThread "File lock request listener" [_thread_in_native, id=140, stack(0x0000002329600000,0x0000002329700000)]
  0x0000017c20e51000 JavaThread "Cache worker for file hash cache (C:\Users\cient\.gradle\caches\6.5\fileHashes)" [_thread_blocked, id=7368, stack(0x0000002329700000,0x0000002329800000)]
  0x0000017c23431000 JavaThread "Cache worker for execution history cache (C:\Users\cient\.gradle\caches\6.5\executionHistory)" [_thread_blocked, id=10696, stack(0x000000232b200000,0x000000232b300000)]
  0x0000017c2342d000 JavaThread "Cache worker for file content cache (C:\Users\cient\.gradle\caches\6.5\fileContent)" [_thread_blocked, id=15108, stack(0x000000232b100000,0x000000232b200000)]
  0x0000017c23246800 JavaThread "Memory manager" [_thread_blocked, id=14340, stack(0x0000002328900000,0x0000002328a00000)]
  0x0000017c26e0c800 JavaThread "Java2D Disposer" daemon [_thread_blocked, id=10152, stack(0x0000002330200000,0x0000002330300000)]
  0x0000017c2a59b000 JavaThread "Cache worker for Java compile cache (C:\Users\cient\.gradle\caches\6.5\javaCompile)" [_thread_blocked, id=6108, stack(0x000000232a200000,0x000000232a300000)]
  0x0000017c2a5a0000 JavaThread "ForkJoinPool.commonPool-worker-3" daemon [_thread_blocked, id=11944, stack(0x0000002331300000,0x0000002331400000)]
  0x0000017c26e0c000 JavaThread "Daemon Thread 12" [_thread_blocked, id=13004, stack(0x0000002327200000,0x0000002327300000)]
  0x0000017c26e0e800 JavaThread "Daemon worker Thread 12" [_thread_blocked, id=15276, stack(0x0000002328800000,0x0000002328900000)]
  0x0000017c29c36000 JavaThread "Handler for socket connection from /127.0.0.1:50823 to /127.0.0.1:52329" [_thread_in_native, id=11152, stack(0x0000002327300000,0x0000002327400000)]
  0x0000017c29c39800 JavaThread "Cancel handler" [_thread_blocked, id=7344, stack(0x0000002327400000,0x0000002327500000)]
  0x0000017c29c34800 JavaThread "Asynchronous log dispatcher for DefaultDaemonConnection: socket connection from /127.0.0.1:50823 to /127.0.0.1:52329" [_thread_blocked, id=3648, stack(0x0000002328c00000,0x0000002328d00000)]
  0x0000017c29c3a000 JavaThread "Thread-1415" [_thread_blocked, id=13784, stack(0x0000002328e00000,0x0000002328f00000)]
  0x0000017c29c3b000 JavaThread "Cache worker for file hash cache (C:\Users\cient\Documents\Cientista\ListaNova\Ex14\.gradle\6.5\fileHashes)" [_thread_blocked, id=12240, stack(0x0000002328f00000,0x0000002329000000)]
  0x0000017c29c37000 JavaThread "Cache worker for checksums cache (C:\Users\cient\Documents\Cientista\ListaNova\Ex14\.gradle\checksums)" [_thread_blocked, id=6968, stack(0x0000002329000000,0x0000002329100000)]
  0x0000017c29c35000 JavaThread "Cache worker for cache directory md-supplier (C:\Users\cient\.gradle\caches\6.5\md-supplier)" [_thread_blocked, id=12632, stack(0x0000002329200000,0x0000002329300000)]
  0x0000017c29c3b800 JavaThread "Cache worker for cache directory md-rule (C:\Users\cient\.gradle\caches\6.5\md-rule)" [_thread_blocked, id=2032, stack(0x0000002329800000,0x0000002329900000)]
  0x0000017c2a5a7000 JavaThread "Cache worker for Build Output Cleanup Cache (C:\Users\cient\Documents\Cientista\ListaNova\Ex14\.gradle\buildOutputCleanup)" [_thread_blocked, id=11144, stack(0x000000232a800000,0x000000232a900000)]
  0x0000017c2a5ac000 JavaThread "Build operations" [_thread_in_native, id=9988, stack(0x000000232a900000,0x000000232aa00000)]
  0x0000017c2a5a6000 JavaThread "Build operations Thread 2" [_thread_blocked, id=10128, stack(0x000000232aa00000,0x000000232ab00000)]
  0x0000017c2a5a7800 JavaThread "Build operations Thread 3" [_thread_blocked, id=240, stack(0x000000232ab00000,0x000000232ac00000)]
  0x0000017c2a5ac800 JavaThread "Build operations Thread 4" [_thread_blocked, id=11724, stack(0x000000232ac00000,0x000000232ad00000)]
  0x0000017c2a597000 JavaThread "C2 CompilerThread1" daemon [_thread_blocked, id=13928, stack(0x0000002329a00000,0x0000002329b00000)]

Other Threads:
  0x0000017c20486000 VMThread "VM Thread" [stack: 0x0000002327b00000,0x0000002327c00000] [id=10764]
  0x0000017c20fea000 WatcherThread [stack: 0x0000002328500000,0x0000002328600000] [id=13360]
  0x0000017c062d2000 GCTaskThread "GC Thread#0" [stack: 0x0000002327600000,0x0000002327700000] [id=13480]
  0x0000017c213d2000 GCTaskThread "GC Thread#1" [stack: 0x0000002328700000,0x0000002328800000] [id=8312]
  0x0000017c22909800 GCTaskThread "GC Thread#2" [stack: 0x0000002329300000,0x0000002329400000] [id=15592]
  0x0000017c2268b800 GCTaskThread "GC Thread#3" [stack: 0x0000002329400000,0x0000002329500000] [id=2780]
  0x0000017c06305000 ConcurrentGCThread "G1 Main Marker" [stack: 0x0000002327700000,0x0000002327800000] [id=11584]
  0x0000017c06307800 ConcurrentGCThread "G1 Conc#0" [stack: 0x0000002327800000,0x0000002327900000] [id=6468]
  0x0000017c06382000 ConcurrentGCThread "G1 Refine#0" [stack: 0x0000002327900000,0x0000002327a00000] [id=10464]
  0x0000017c255cb800 ConcurrentGCThread "G1 Refine#1" [stack: 0x0000002329100000,0x0000002329200000] [id=10832]
  0x0000017c06383000 ConcurrentGCThread "G1 Young RemSet Sampling" [stack: 0x0000002327a00000,0x0000002327b00000] [id=11104]

Threads with active compile tasks:
C2 CompilerThread05126412 30057       4       org.gradle.internal.component.external.model.AbstractConfigurationMetadata::getConfigDependencies (36 bytes)

VM state:not at safepoint (normal execution)

VM Mutex/Monitor currently owned by a thread: None

Heap address: 0x0000000080000000, size: 2048 MB, Compressed Oops mode: 32-bit
Narrow klass base: 0x0000000000000000, Narrow klass shift: 3
Compressed class space size: 1073741824 Address: 0x0000000100000000

Heap:
 garbage-first heap   total 359424K, used 178477K [0x0000000080000000, 0x0000000100000000)
  region size 1024K, 50 young (51200K), 6 survivors (6144K)
 Metaspace       used 153511K, capacity 158468K, committed 158492K, reserved 1187840K
  class space    used 18629K, capacity 20339K, committed 20352K, reserved 1048576K
Heap Regions: E=young(eden), S=young(survivor), O=old, HS=humongous(starts), HC=humongous(continues), CS=collection set, F=free, A=archive, TAMS=top-at-mark-start (previous, next)
|   0|0x0000000080000000, 0x0000000080100000, 0x0000000080100000|100%| O|  |TAMS 0x0000000080100000, 0x0000000080000000| Untracked 
|   1|0x0000000080100000, 0x0000000080200000, 0x0000000080200000|100%| O|  |TAMS 0x0000000080200000, 0x0000000080100000| Untracked 
|   2|0x0000000080200000, 0x0000000080300000, 0x0000000080300000|100%| O|  |TAMS 0x0000000080300000, 0x0000000080200000| Untracked 
|   3|0x0000000080300000, 0x0000000080400000, 0x0000000080400000|100%|HS|  |TAMS 0x0000000080400000, 0x0000000080300000| Complete 
|   4|0x0000000080400000, 0x0000000080500000, 0x0000000080500000|100%|HC|  |TAMS 0x0000000080500000, 0x0000000080400000| Complete 
|   5|0x0000000080500000, 0x0000000080600000, 0x0000000080600000|100%|HC|  |TAMS 0x0000000080600000, 0x0000000080500000| Complete 
|   6|0x0000000080600000, 0x0000000080700000, 0x0000000080700000|100%| O|  |TAMS 0x0000000080700000, 0x0000000080600000| Untracked 
|   7|0x0000000080700000, 0x0000000080800000, 0x0000000080800000|100%| O|  |TAMS 0x0000000080800000, 0x0000000080700000| Untracked 
|   8|0x0000000080800000, 0x0000000080900000, 0x0000000080900000|100%| O|  |TAMS 0x0000000080900000, 0x0000000080800000| Untracked 
|   9|0x0000000080900000, 0x0000000080a00000, 0x0000000080a00000|100%| O|  |TAMS 0x0000000080a00000, 0x0000000080900000| Untracked 
|  10|0x0000000080a00000, 0x0000000080b00000, 0x0000000080b00000|100%| O|  |TAMS 0x0000000080b00000, 0x0000000080a00000| Untracked 
|  11|0x0000000080b00000, 0x0000000080c00000, 0x0000000080c00000|100%| O|  |TAMS 0x0000000080c00000, 0x0000000080b00000| Untracked 
|  12|0x0000000080c00000, 0x0000000080d00000, 0x0000000080d00000|100%| O|  |TAMS 0x0000000080d00000, 0x0000000080c00000| Complete 
|  13|0x0000000080d00000, 0x0000000080e00000, 0x0000000080e00000|100%|HS|  |TAMS 0x0000000080e00000, 0x0000000080d00000| Complete 
|  14|0x0000000080e00000, 0x0000000080f00000, 0x0000000080f00000|100%|HC|  |TAMS 0x0000000080f00000, 0x0000000080e00000| Complete 
|  15|0x0000000080f00000, 0x0000000081000000, 0x0000000081000000|100%|HS|  |TAMS 0x0000000081000000, 0x0000000080f00000| Complete 
|  16|0x0000000081000000, 0x0000000081100000, 0x0000000081100000|100%|HC|  |TAMS 0x0000000081100000, 0x0000000081000000| Complete 
|  17|0x0000000081100000, 0x0000000081200000, 0x0000000081200000|100%|HC|  |TAMS 0x0000000081200000, 0x0000000081100000| Complete 
|  18|0x0000000081200000, 0x0000000081300000, 0x0000000081300000|100%|HS|  |TAMS 0x0000000081300000, 0x0000000081200000| Complete 
|  19|0x0000000081300000, 0x0000000081400000, 0x0000000081400000|100%|HC|  |TAMS 0x0000000081400000, 0x0000000081300000| Complete 
|  20|0x0000000081400000, 0x0000000081500000, 0x0000000081500000|100%|HC|  |TAMS 0x0000000081500000, 0x0000000081400000| Complete 
|  21|0x0000000081500000, 0x0000000081600000, 0x0000000081600000|100%|HC|  |TAMS 0x0000000081600000, 0x0000000081500000| Complete 
|  22|0x0000000081600000, 0x0000000081700000, 0x0000000081700000|100%| O|  |TAMS 0x0000000081700000, 0x0000000081600000| Untracked 
|  23|0x0000000081700000, 0x0000000081800000, 0x0000000081800000|100%| O|  |TAMS 0x0000000081800000, 0x0000000081700000| Complete 
|  24|0x0000000081800000, 0x0000000081900000, 0x0000000081900000|100%| O|  |TAMS 0x0000000081900000, 0x0000000081800000| Untracked 
|  25|0x0000000081900000, 0x0000000081a00000, 0x0000000081a00000|100%| O|  |TAMS 0x0000000081a00000, 0x0000000081900000| Complete 
|  26|0x0000000081a00000, 0x0000000081b00000, 0x0000000081b00000|100%| O|  |TAMS 0x0000000081b00000, 0x0000000081a00000| Complete 
|  27|0x0000000081b00000, 0x0000000081c00000, 0x0000000081c00000|100%| O|  |TAMS 0x0000000081c00000, 0x0000000081b00000| Complete 
|  28|0x0000000081c00000, 0x0000000081d00000, 0x0000000081d00000|100%|HS|  |TAMS 0x0000000081d00000, 0x0000000081c00000| Complete 
|  29|0x0000000081d00000, 0x0000000081d00000, 0x0000000081e00000|  0%| F|  |TAMS 0x0000000081d00000, 0x0000000081d00000| Untracked 
|  30|0x0000000081e00000, 0x0000000081f00000, 0x0000000081f00000|100%| O|  |TAMS 0x0000000081f00000, 0x0000000081e00000| Untracked 
|  31|0x0000000081f00000, 0x0000000082000000, 0x0000000082000000|100%| O|  |TAMS 0x0000000082000000, 0x0000000081f00000| Untracked 
|  32|0x0000000082000000, 0x0000000082100000, 0x0000000082100000|100%| O|  |TAMS 0x0000000082100000, 0x0000000082000000| Complete 
|  33|0x0000000082100000, 0x0000000082100000, 0x0000000082200000|  0%| F|  |TAMS 0x0000000082100000, 0x0000000082100000| Untracked 
|  34|0x0000000082200000, 0x0000000082300000, 0x0000000082300000|100%|HS|  |TAMS 0x0000000082300000, 0x0000000082200000| Complete 
|  35|0x0000000082300000, 0x0000000082400000, 0x0000000082400000|100%|HC|  |TAMS 0x0000000082400000, 0x0000000082300000| Complete 
|  36|0x0000000082400000, 0x0000000082500000, 0x0000000082500000|100%| O|  |TAMS 0x0000000082500000, 0x0000000082400000| Complete 
|  37|0x0000000082500000, 0x0000000082600000, 0x0000000082600000|100%| O|  |TAMS 0x0000000082600000, 0x0000000082500000| Complete 
|  38|0x0000000082600000, 0x0000000082700000, 0x0000000082700000|100%| O|  |TAMS 0x0000000082700000, 0x0000000082600000| Complete 
|  39|0x0000000082700000, 0x0000000082800000, 0x0000000082800000|100%| O|  |TAMS 0x0000000082800000, 0x0000000082700000| Complete 
|  40|0x0000000082800000, 0x0000000082900000, 0x0000000082900000|100%| O|  |TAMS 0x0000000082900000, 0x0000000082800000| Untracked 
|  41|0x0000000082900000, 0x0000000082a00000, 0x0000000082a00000|100%| O|  |TAMS 0x0000000082a00000, 0x0000000082900000| Complete 
|  42|0x0000000082a00000, 0x0000000082b00000, 0x0000000082b00000|100%| O|  |TAMS 0x0000000082b00000, 0x0000000082a00000| Untracked 
|  43|0x0000000082b00000, 0x0000000082c00000, 0x0000000082c00000|100%| O|  |TAMS 0x0000000082c00000, 0x0000000082b00000| Complete 
|  44|0x0000000082c00000, 0x0000000082d00000, 0x0000000082d00000|100%| O|  |TAMS 0x0000000082d00000, 0x0000000082c00000| Untracked 
|  45|0x0000000082d00000, 0x0000000082e00000, 0x0000000082e00000|100%| O|  |TAMS 0x0000000082e00000, 0x0000000082d00000| Complete 
|  46|0x0000000082e00000, 0x0000000082e00000, 0x0000000082f00000|  0%| F|  |TAMS 0x0000000082e00000, 0x0000000082e00000| Untracked 
|  47|0x0000000082f00000, 0x0000000083000000, 0x0000000083000000|100%| O|  |TAMS 0x0000000083000000, 0x0000000082f00000| Complete 
|  48|0x0000000083000000, 0x0000000083100000, 0x0000000083100000|100%| O|  |TAMS 0x0000000083100000, 0x0000000083000000| Complete 
|  49|0x0000000083100000, 0x0000000083200000, 0x0000000083200000|100%| O|  |TAMS 0x0000000083200000, 0x0000000083100000| Complete 
|  50|0x0000000083200000, 0x0000000083200000, 0x0000000083300000|  0%| F|  |TAMS 0x0000000083200000, 0x0000000083200000| Untracked 
|  51|0x0000000083300000, 0x0000000083300000, 0x0000000083400000|  0%| F|  |TAMS 0x0000000083300000, 0x0000000083300000| Untracked 
|  52|0x0000000083400000, 0x0000000083400000, 0x0000000083500000|  0%| F|  |TAMS 0x0000000083400000, 0x0000000083400000| Untracked 
|  53|0x0000000083500000, 0x0000000083600000, 0x0000000083600000|100%| O|  |TAMS 0x0000000083600000, 0x0000000083500000| Complete 
|  54|0x0000000083600000, 0x0000000083700000, 0x0000000083700000|100%| O|  |TAMS 0x0000000083700000, 0x0000000083600000| Complete 
|  55|0x0000000083700000, 0x0000000083800000, 0x0000000083800000|100%| O|  |TAMS 0x0000000083800000, 0x0000000083700000| Complete 
|  56|0x0000000083800000, 0x0000000083800000, 0x0000000083900000|  0%| F|  |TAMS 0x0000000083800000, 0x0000000083800000| Untracked 
|  57|0x0000000083900000, 0x0000000083a00000, 0x0000000083a00000|100%| O|  |TAMS 0x0000000083a00000, 0x0000000083900000| Complete 
|  58|0x0000000083a00000, 0x0000000083a00000, 0x0000000083b00000|  0%| F|  |TAMS 0x0000000083a00000, 0x0000000083a00000| Untracked 
|  59|0x0000000083b00000, 0x0000000083b00000, 0x0000000083c00000|  0%| F|  |TAMS 0x0000000083b00000, 0x0000000083b00000| Untracked 
|  60|0x0000000083c00000, 0x0000000083d00000, 0x0000000083d00000|100%| O|  |TAMS 0x0000000083d00000, 0x0000000083c00000| Untracked 
|  61|0x0000000083d00000, 0x0000000083e00000, 0x0000000083e00000|100%| O|  |TAMS 0x0000000083e00000, 0x0000000083d00000| Complete 
|  62|0x0000000083e00000, 0x0000000083f00000, 0x0000000083f00000|100%| O|  |TAMS 0x0000000083f00000, 0x0000000083e00000| Complete 
|  63|0x0000000083f00000, 0x0000000084000000, 0x0000000084000000|100%| O|  |TAMS 0x0000000084000000, 0x0000000083f00000| Untracked 
|  64|0x0000000084000000, 0x0000000084000000, 0x0000000084100000|  0%| F|  |TAMS 0x0000000084000000, 0x0000000084000000| Untracked 
|  65|0x0000000084100000, 0x0000000084200000, 0x0000000084200000|100%| O|  |TAMS 0x0000000084200000, 0x0000000084100000| Complete 
|  66|0x0000000084200000, 0x0000000084300000, 0x0000000084300000|100%| O|  |TAMS 0x0000000084300000, 0x0000000084200000| Complete 
|  67|0x0000000084300000, 0x0000000084300000, 0x0000000084400000|  0%| F|  |TAMS 0x0000000084300000, 0x0000000084300000| Untracked 
|  68|0x0000000084400000, 0x0000000084500000, 0x0000000084500000|100%| O|  |TAMS 0x0000000084500000, 0x0000000084400000| Complete 
|  69|0x0000000084500000, 0x0000000084600000, 0x0000000084600000|100%| O|  |TAMS 0x0000000084600000, 0x0000000084500000| Complete 
|  70|0x0000000084600000, 0x0000000084600000, 0x0000000084700000|  0%| F|  |TAMS 0x0000000084600000, 0x0000000084600000| Untracked 
|  71|0x0000000084700000, 0x0000000084800000, 0x0000000084800000|100%| O|  |TAMS 0x0000000084800000, 0x0000000084700000| Complete 
|  72|0x0000000084800000, 0x0000000084900000, 0x0000000084900000|100%| O|  |TAMS 0x0000000084900000, 0x0000000084800000| Complete 
|  73|0x0000000084900000, 0x0000000084900000, 0x0000000084a00000|  0%| F|  |TAMS 0x0000000084900000, 0x0000000084900000| Untracked 
|  74|0x0000000084a00000, 0x0000000084a00000, 0x0000000084b00000|  0%| F|  |TAMS 0x0000000084a00000, 0x0000000084a00000| Untracked 
|  75|0x0000000084b00000, 0x0000000084b00000, 0x0000000084c00000|  0%| F|  |TAMS 0x0000000084b00000, 0x0000000084b00000| Untracked 
|  76|0x0000000084c00000, 0x0000000084c00000, 0x0000000084d00000|  0%| F|  |TAMS 0x0000000084c00000, 0x0000000084c00000| Untracked 
|  77|0x0000000084d00000, 0x0000000084e00000, 0x0000000084e00000|100%| O|  |TAMS 0x0000000084e00000, 0x0000000084d00000| Complete 
|  78|0x0000000084e00000, 0x0000000084e00000, 0x0000000084f00000|  0%| F|  |TAMS 0x0000000084e00000, 0x0000000084e00000| Untracked 
|  79|0x0000000084f00000, 0x0000000084f00000, 0x0000000085000000|  0%| F|  |TAMS 0x0000000084f00000, 0x0000000084f00000| Untracked 
|  80|0x0000000085000000, 0x0000000085100000, 0x0000000085100000|100%| O|  |TAMS 0x0000000085100000, 0x0000000085000000| Complete 
|  81|0x0000000085100000, 0x0000000085200000, 0x0000000085200000|100%| O|  |TAMS 0x0000000085200000, 0x0000000085100000| Complete 
|  82|0x0000000085200000, 0x0000000085300000, 0x0000000085300000|100%| O|  |TAMS 0x0000000085300000, 0x0000000085200000| Complete 
|  83|0x0000000085300000, 0x0000000085400000, 0x0000000085400000|100%| O|  |TAMS 0x0000000085400000, 0x0000000085300000| Complete 
|  84|0x0000000085400000, 0x0000000085500000, 0x0000000085500000|100%| O|  |TAMS 0x0000000085500000, 0x0000000085400000| Complete 
|  85|0x0000000085500000, 0x0000000085600000, 0x0000000085600000|100%| O|  |TAMS 0x0000000085600000, 0x0000000085500000| Complete 
|  86|0x0000000085600000, 0x0000000085700000, 0x0000000085700000|100%| O|  |TAMS 0x0000000085700000, 0x0000000085600000| Complete 
|  87|0x0000000085700000, 0x0000000085800000, 0x0000000085800000|100%| O|  |TAMS 0x0000000085800000, 0x0000000085700000| Complete 
|  88|0x0000000085800000, 0x0000000085900000, 0x0000000085900000|100%| O|  |TAMS 0x0000000085900000, 0x0000000085800000| Complete 
|  89|0x0000000085900000, 0x0000000085a00000, 0x0000000085a00000|100%| O|  |TAMS 0x0000000085a00000, 0x0000000085900000| Complete 
|  90|0x0000000085a00000, 0x0000000085b00000, 0x0000000085b00000|100%| O|  |TAMS 0x0000000085b00000, 0x0000000085a00000| Complete 
|  91|0x0000000085b00000, 0x0000000085c00000, 0x0000000085c00000|100%| O|  |TAMS 0x0000000085c00000, 0x0000000085b00000| Complete 
|  92|0x0000000085c00000, 0x0000000085d00000, 0x0000000085d00000|100%| O|  |TAMS 0x0000000085d00000, 0x0000000085c00000| Complete 
|  93|0x0000000085d00000, 0x0000000085e00000, 0x0000000085e00000|100%| O|  |TAMS 0x0000000085e00000, 0x0000000085d00000| Complete 
|  94|0x0000000085e00000, 0x0000000085f00000, 0x0000000085f00000|100%| O|  |TAMS 0x0000000085f00000, 0x0000000085e00000| Complete 
|  95|0x0000000085f00000, 0x0000000086000000, 0x0000000086000000|100%| O|  |TAMS 0x0000000086000000, 0x0000000085f00000| Untracked 
|  96|0x0000000086000000, 0x0000000086100000, 0x0000000086100000|100%| O|  |TAMS 0x0000000086100000, 0x0000000086000000| Complete 
|  97|0x0000000086100000, 0x0000000086200000, 0x0000000086200000|100%| O|  |TAMS 0x0000000086200000, 0x0000000086100000| Untracked 
|  98|0x0000000086200000, 0x0000000086300000, 0x0000000086300000|100%| O|  |TAMS 0x0000000086300000, 0x0000000086200000| Untracked 
|  99|0x0000000086300000, 0x0000000086400000, 0x0000000086400000|100%| O|  |TAMS 0x0000000086400000, 0x0000000086300000| Untracked 
| 100|0x0000000086400000, 0x0000000086400000, 0x0000000086500000|  0%| F|  |TAMS 0x0000000086400000, 0x0000000086400000| Untracked 
| 101|0x0000000086500000, 0x0000000086600000, 0x0000000086600000|100%| O|  |TAMS 0x0000000086600000, 0x0000000086500000| Complete 
| 102|0x0000000086600000, 0x0000000086700000, 0x0000000086700000|100%| O|  |TAMS 0x0000000086700000, 0x0000000086600000| Untracked 
| 103|0x0000000086700000, 0x0000000086800000, 0x0000000086800000|100%| O|  |TAMS 0x0000000086800000, 0x0000000086700000| Complete 
| 104|0x0000000086800000, 0x0000000086900000, 0x0000000086900000|100%| O|  |TAMS 0x0000000086900000, 0x0000000086800000| Untracked 
| 105|0x0000000086900000, 0x0000000086a00000, 0x0000000086a00000|100%| O|  |TAMS 0x0000000086a00000, 0x0000000086900000| Complete 
| 106|0x0000000086a00000, 0x0000000086b00000, 0x0000000086b00000|100%| O|  |TAMS 0x0000000086b00000, 0x0000000086a00000| Complete 
| 107|0x0000000086b00000, 0x0000000086c00000, 0x0000000086c00000|100%| O|  |TAMS 0x0000000086c00000, 0x0000000086b00000| Complete 
| 108|0x0000000086c00000, 0x0000000086d00000, 0x0000000086d00000|100%| O|  |TAMS 0x0000000086d00000, 0x0000000086c00000| Complete 
| 109|0x0000000086d00000, 0x0000000086e00000, 0x0000000086e00000|100%| O|  |TAMS 0x0000000086e00000, 0x0000000086d00000| Untracked 
| 110|0x0000000086e00000, 0x0000000086f00000, 0x0000000086f00000|100%| O|  |TAMS 0x0000000086f00000, 0x0000000086e00000| Complete 
| 111|0x0000000086f00000, 0x0000000087000000, 0x0000000087000000|100%| O|  |TAMS 0x0000000087000000, 0x0000000086f00000| Complete 
| 112|0x0000000087000000, 0x0000000087100000, 0x0000000087100000|100%| O|  |TAMS 0x0000000087100000, 0x0000000087000000| Complete 
| 113|0x0000000087100000, 0x0000000087200000, 0x0000000087200000|100%| O|  |TAMS 0x0000000087200000, 0x0000000087100000| Complete 
| 114|0x0000000087200000, 0x0000000087300000, 0x0000000087300000|100%| O|  |TAMS 0x0000000087300000, 0x0000000087200000| Complete 
| 115|0x0000000087300000, 0x0000000087300000, 0x0000000087400000|  0%| F|  |TAMS 0x0000000087300000, 0x0000000087300000| Untracked 
| 116|0x0000000087400000, 0x0000000087500000, 0x0000000087500000|100%| O|  |TAMS 0x0000000087500000, 0x0000000087400000| Untracked 
| 117|0x0000000087500000, 0x0000000087500000, 0x0000000087600000|  0%| F|  |TAMS 0x0000000087500000, 0x0000000087500000| Untracked 
| 118|0x0000000087600000, 0x0000000087600000, 0x0000000087700000|  0%| F|  |TAMS 0x0000000087600000, 0x0000000087600000| Untracked 
| 119|0x0000000087700000, 0x0000000087700000, 0x0000000087800000|  0%| F|  |TAMS 0x0000000087700000, 0x0000000087700000| Untracked 
| 120|0x0000000087800000, 0x0000000087800000, 0x0000000087900000|  0%| F|  |TAMS 0x0000000087800000, 0x0000000087800000| Untracked 
| 121|0x0000000087900000, 0x0000000087900000, 0x0000000087a00000|  0%| F|  |TAMS 0x0000000087900000, 0x0000000087900000| Untracked 
| 122|0x0000000087a00000, 0x0000000087b00000, 0x0000000087b00000|100%| O|  |TAMS 0x0000000087b00000, 0x0000000087a00000| Complete 
| 123|0x0000000087b00000, 0x0000000087c00000, 0x0000000087c00000|100%| O|  |TAMS 0x0000000087c00000, 0x0000000087b00000| Complete 
| 124|0x0000000087c00000, 0x0000000087c00000, 0x0000000087d00000|  0%| F|  |TAMS 0x0000000087c00000, 0x0000000087c00000| Untracked 
| 125|0x0000000087d00000, 0x0000000087d00000, 0x0000000087e00000|  0%| F|  |TAMS 0x0000000087d00000, 0x0000000087d00000| Untracked 
| 126|0x0000000087e00000, 0x0000000087f00000, 0x0000000087f00000|100%| O|  |TAMS 0x0000000087f00000, 0x0000000087e00000| Complete 
| 127|0x0000000087f00000, 0x0000000087f00000, 0x0000000088000000|  0%| F|  |TAMS 0x0000000087f00000, 0x0000000087f00000| Untracked 
| 128|0x0000000088000000, 0x0000000088000000, 0x0000000088100000|  0%| F|  |TAMS 0x0000000088000000, 0x0000000088000000| Untracked 
| 129|0x0000000088100000, 0x0000000088100000, 0x0000000088200000|  0%| F|  |TAMS 0x0000000088100000, 0x0000000088100000| Untracked 
| 130|0x0000000088200000, 0x0000000088200000, 0x0000000088300000|  0%| F|  |TAMS 0x0000000088200000, 0x0000000088200000| Untracked 
| 131|0x0000000088300000, 0x0000000088300000, 0x0000000088400000|  0%| F|  |TAMS 0x0000000088300000, 0x0000000088300000| Untracked 
| 132|0x0000000088400000, 0x0000000088500000, 0x0000000088500000|100%| O|  |TAMS 0x0000000088500000, 0x0000000088400000| Untracked 
| 133|0x0000000088500000, 0x0000000088600000, 0x0000000088600000|100%| O|  |TAMS 0x0000000088600000, 0x0000000088500000| Complete 
| 134|0x0000000088600000, 0x0000000088700000, 0x0000000088700000|100%| O|  |TAMS 0x0000000088700000, 0x0000000088600000| Complete 
| 135|0x0000000088700000, 0x0000000088800000, 0x0000000088800000|100%| O|  |TAMS 0x0000000088800000, 0x0000000088700000| Complete 
| 136|0x0000000088800000, 0x0000000088900000, 0x0000000088900000|100%| O|  |TAMS 0x0000000088900000, 0x0000000088800000| Complete 
| 137|0x0000000088900000, 0x0000000088900000, 0x0000000088a00000|  0%| F|  |TAMS 0x0000000088900000, 0x0000000088900000| Untracked 
| 138|0x0000000088a00000, 0x0000000088a00000, 0x0000000088b00000|  0%| F|  |TAMS 0x0000000088a00000, 0x0000000088a00000| Untracked 
| 139|0x0000000088b00000, 0x0000000088b00000, 0x0000000088c00000|  0%| F|  |TAMS 0x0000000088b00000, 0x0000000088b00000| Untracked 
| 140|0x0000000088c00000, 0x0000000088c00000, 0x0000000088d00000|  0%| F|  |TAMS 0x0000000088c00000, 0x0000000088c00000| Untracked 
| 141|0x0000000088d00000, 0x0000000088e00000, 0x0000000088e00000|100%| O|  |TAMS 0x0000000088e00000, 0x0000000088d00000| Complete 
| 142|0x0000000088e00000, 0x0000000088f00000, 0x0000000088f00000|100%| O|  |TAMS 0x0000000088f00000, 0x0000000088e00000| Complete 
| 143|0x0000000088f00000, 0x0000000088f00000, 0x0000000089000000|  0%| F|  |TAMS 0x0000000088f00000, 0x0000000088f00000| Untracked 
| 144|0x0000000089000000, 0x0000000089100000, 0x0000000089100000|100%| O|  |TAMS 0x0000000089100000, 0x0000000089000000| Complete 
| 145|0x0000000089100000, 0x0000000089100000, 0x0000000089200000|  0%| F|  |TAMS 0x0000000089100000, 0x0000000089100000| Untracked 
| 146|0x0000000089200000, 0x0000000089200000, 0x0000000089300000|  0%| F|  |TAMS 0x0000000089200000, 0x0000000089200000| Untracked 
| 147|0x0000000089300000, 0x0000000089300000, 0x0000000089400000|  0%| F|  |TAMS 0x0000000089300000, 0x0000000089300000| Untracked 
| 148|0x0000000089400000, 0x0000000089500000, 0x0000000089500000|100%| O|  |TAMS 0x0000000089500000, 0x0000000089400000| Untracked 
| 149|0x0000000089500000, 0x0000000089500000, 0x0000000089600000|  0%| F|  |TAMS 0x0000000089500000, 0x0000000089500000| Untracked 
| 150|0x0000000089600000, 0x0000000089700000, 0x0000000089700000|100%| O|  |TAMS 0x0000000089700000, 0x0000000089600000| Complete 
| 151|0x0000000089700000, 0x0000000089800000, 0x0000000089800000|100%| O|  |TAMS 0x0000000089800000, 0x0000000089700000| Complete 
| 152|0x0000000089800000, 0x0000000089900000, 0x0000000089900000|100%| O|  |TAMS 0x0000000089900000, 0x0000000089800000| Complete 
| 153|0x0000000089900000, 0x0000000089900000, 0x0000000089a00000|  0%| F|  |TAMS 0x0000000089900000, 0x0000000089900000| Untracked 
| 154|0x0000000089a00000, 0x0000000089b00000, 0x0000000089b00000|100%| O|  |TAMS 0x0000000089b00000, 0x0000000089a00000| Complete 
| 155|0x0000000089b00000, 0x0000000089b00000, 0x0000000089c00000|  0%| F|  |TAMS 0x0000000089b00000, 0x0000000089b00000| Untracked 
| 156|0x0000000089c00000, 0x0000000089d00000, 0x0000000089d00000|100%| O|  |TAMS 0x0000000089d00000, 0x0000000089c00000| Complete 
| 157|0x0000000089d00000, 0x0000000089e00000, 0x0000000089e00000|100%| O|  |TAMS 0x0000000089e00000, 0x0000000089d00000| Complete 
| 158|0x0000000089e00000, 0x0000000089f00000, 0x0000000089f00000|100%| O|  |TAMS 0x0000000089f00000, 0x0000000089e00000| Complete 
| 159|0x0000000089f00000, 0x0000000089f00000, 0x000000008a000000|  0%| F|  |TAMS 0x0000000089f00000, 0x0000000089f00000| Untracked 
| 160|0x000000008a000000, 0x000000008a000000, 0x000000008a100000|  0%| F|  |TAMS 0x000000008a000000, 0x000000008a000000| Untracked 
| 161|0x000000008a100000, 0x000000008a200000, 0x000000008a200000|100%| O|  |TAMS 0x000000008a200000, 0x000000008a100000| Complete 
| 162|0x000000008a200000, 0x000000008a200000, 0x000000008a300000|  0%| F|  |TAMS 0x000000008a200000, 0x000000008a200000| Untracked 
| 163|0x000000008a300000, 0x000000008a300000, 0x000000008a400000|  0%| F|  |TAMS 0x000000008a300000, 0x000000008a300000| Untracked 
| 164|0x000000008a400000, 0x000000008a500000, 0x000000008a500000|100%| O|  |TAMS 0x000000008a500000, 0x000000008a400000| Complete 
| 165|0x000000008a500000, 0x000000008a600000, 0x000000008a600000|100%| O|  |TAMS 0x000000008a600000, 0x000000008a500000| Complete 
| 166|0x000000008a600000, 0x000000008a700000, 0x000000008a700000|100%| O|  |TAMS 0x000000008a700000, 0x000000008a600000| Complete 
| 167|0x000000008a700000, 0x000000008a800000, 0x000000008a800000|100%| O|  |TAMS 0x000000008a800000, 0x000000008a700000| Untracked 
| 168|0x000000008a800000, 0x000000008a900000, 0x000000008a900000|100%| O|  |TAMS 0x000000008a900000, 0x000000008a800000| Untracked 
| 169|0x000000008a900000, 0x000000008aa00000, 0x000000008aa00000|100%| O|  |TAMS 0x000000008aa00000, 0x000000008a900000| Complete 
| 170|0x000000008aa00000, 0x000000008ab00000, 0x000000008ab00000|100%| O|  |TAMS 0x000000008ab00000, 0x000000008aa00000| Complete 
| 171|0x000000008ab00000, 0x000000008ac00000, 0x000000008ac00000|100%| O|  |TAMS 0x000000008ac00000, 0x000000008ab00000| Complete 
| 172|0x000000008ac00000, 0x000000008acf6400, 0x000000008ad00000| 96%| O|  |TAMS 0x000000008acf6400, 0x000000008ac00000| Untracked 
| 173|0x000000008ad00000, 0x000000008ad00000, 0x000000008ae00000|  0%| F|  |TAMS 0x000000008ad00000, 0x000000008ad00000| Untracked 
| 174|0x000000008ae00000, 0x000000008ae00000, 0x000000008af00000|  0%| F|  |TAMS 0x000000008ae00000, 0x000000008ae00000| Untracked 
| 175|0x000000008af00000, 0x000000008af00000, 0x000000008b000000|  0%| F|  |TAMS 0x000000008af00000, 0x000000008af00000| Untracked 
| 176|0x000000008b000000, 0x000000008b000000, 0x000000008b100000|  0%| F|  |TAMS 0x000000008b000000, 0x000000008b000000| Untracked 
| 177|0x000000008b100000, 0x000000008b100000, 0x000000008b200000|  0%| F|  |TAMS 0x000000008b100000, 0x000000008b100000| Untracked 
| 178|0x000000008b200000, 0x000000008b200000, 0x000000008b300000|  0%| F|  |TAMS 0x000000008b200000, 0x000000008b200000| Untracked 
| 179|0x000000008b300000, 0x000000008b300000, 0x000000008b400000|  0%| F|  |TAMS 0x000000008b300000, 0x000000008b300000| Untracked 
| 180|0x000000008b400000, 0x000000008b400000, 0x000000008b500000|  0%| F|  |TAMS 0x000000008b400000, 0x000000008b400000| Untracked 
| 181|0x000000008b500000, 0x000000008b500000, 0x000000008b600000|  0%| F|  |TAMS 0x000000008b500000, 0x000000008b500000| Untracked 
| 182|0x000000008b600000, 0x000000008b600000, 0x000000008b700000|  0%| F|  |TAMS 0x000000008b600000, 0x000000008b600000| Untracked 
| 183|0x000000008b700000, 0x000000008b800000, 0x000000008b800000|100%| O|  |TAMS 0x000000008b800000, 0x000000008b700000| Complete 
| 184|0x000000008b800000, 0x000000008b800000, 0x000000008b900000|  0%| F|  |TAMS 0x000000008b800000, 0x000000008b800000| Untracked 
| 185|0x000000008b900000, 0x000000008b900000, 0x000000008ba00000|  0%| F|  |TAMS 0x000000008b900000, 0x000000008b900000| Untracked 
| 186|0x000000008ba00000, 0x000000008ba00000, 0x000000008bb00000|  0%| F|  |TAMS 0x000000008ba00000, 0x000000008ba00000| Untracked 
| 187|0x000000008bb00000, 0x000000008bb00000, 0x000000008bc00000|  0%| F|  |TAMS 0x000000008bb00000, 0x000000008bb00000| Untracked 
| 188|0x000000008bc00000, 0x000000008bc00000, 0x000000008bd00000|  0%| F|  |TAMS 0x000000008bc00000, 0x000000008bc00000| Untracked 
| 189|0x000000008bd00000, 0x000000008bd00000, 0x000000008be00000|  0%| F|  |TAMS 0x000000008bd00000, 0x000000008bd00000| Untracked 
| 190|0x000000008be00000, 0x000000008be00000, 0x000000008bf00000|  0%| F|  |TAMS 0x000000008be00000, 0x000000008be00000| Untracked 
| 191|0x000000008bf00000, 0x000000008bf00000, 0x000000008c000000|  0%| F|  |TAMS 0x000000008bf00000, 0x000000008bf00000| Untracked 
| 192|0x000000008c000000, 0x000000008c000000, 0x000000008c100000|  0%| F|  |TAMS 0x000000008c000000, 0x000000008c000000| Untracked 
| 193|0x000000008c100000, 0x000000008c100000, 0x000000008c200000|  0%| F|  |TAMS 0x000000008c100000, 0x000000008c100000| Untracked 
| 194|0x000000008c200000, 0x000000008c200000, 0x000000008c300000|  0%| F|  |TAMS 0x000000008c200000, 0x000000008c200000| Untracked 
| 195|0x000000008c300000, 0x000000008c300000, 0x000000008c400000|  0%| F|  |TAMS 0x000000008c300000, 0x000000008c300000| Untracked 
| 196|0x000000008c400000, 0x000000008c400000, 0x000000008c500000|  0%| F|  |TAMS 0x000000008c400000, 0x000000008c400000| Untracked 
| 197|0x000000008c500000, 0x000000008c500000, 0x000000008c600000|  0%| F|  |TAMS 0x000000008c500000, 0x000000008c500000| Untracked 
| 198|0x000000008c600000, 0x000000008c600000, 0x000000008c700000|  0%| F|  |TAMS 0x000000008c600000, 0x000000008c600000| Untracked 
| 199|0x000000008c700000, 0x000000008c700000, 0x000000008c800000|  0%| F|  |TAMS 0x000000008c700000, 0x000000008c700000| Untracked 
| 200|0x000000008c800000, 0x000000008c800000, 0x000000008c900000|  0%| F|  |TAMS 0x000000008c800000, 0x000000008c800000| Untracked 
| 201|0x000000008c900000, 0x000000008c900000, 0x000000008ca00000|  0%| F|  |TAMS 0x000000008c900000, 0x000000008c900000| Untracked 
| 202|0x000000008ca00000, 0x000000008ca00000, 0x000000008cb00000|  0%| F|  |TAMS 0x000000008ca00000, 0x000000008ca00000| Untracked 
| 203|0x000000008cb00000, 0x000000008cb00000, 0x000000008cc00000|  0%| F|  |TAMS 0x000000008cb00000, 0x000000008cb00000| Untracked 
| 204|0x000000008cc00000, 0x000000008cc00000, 0x000000008cd00000|  0%| F|  |TAMS 0x000000008cc00000, 0x000000008cc00000| Untracked 
| 205|0x000000008cd00000, 0x000000008cd00000, 0x000000008ce00000|  0%| F|  |TAMS 0x000000008cd00000, 0x000000008cd00000| Untracked 
| 206|0x000000008ce00000, 0x000000008ce00000, 0x000000008cf00000|  0%| F|  |TAMS 0x000000008ce00000, 0x000000008ce00000| Untracked 
| 207|0x000000008cf00000, 0x000000008cf00000, 0x000000008d000000|  0%| F|  |TAMS 0x000000008cf00000, 0x000000008cf00000| Untracked 
| 208|0x000000008d000000, 0x000000008d000000, 0x000000008d100000|  0%| F|  |TAMS 0x000000008d000000, 0x000000008d000000| Untracked 
| 209|0x000000008d100000, 0x000000008d100000, 0x000000008d200000|  0%| F|  |TAMS 0x000000008d100000, 0x000000008d100000| Untracked 
| 210|0x000000008d200000, 0x000000008d200000, 0x000000008d300000|  0%| F|  |TAMS 0x000000008d200000, 0x000000008d200000| Untracked 
| 211|0x000000008d300000, 0x000000008d300000, 0x000000008d400000|  0%| F|  |TAMS 0x000000008d300000, 0x000000008d300000| Untracked 
| 212|0x000000008d400000, 0x000000008d400000, 0x000000008d500000|  0%| F|  |TAMS 0x000000008d400000, 0x000000008d400000| Untracked 
| 213|0x000000008d500000, 0x000000008d500000, 0x000000008d600000|  0%| F|  |TAMS 0x000000008d500000, 0x000000008d500000| Untracked 
| 214|0x000000008d600000, 0x000000008d600000, 0x000000008d700000|  0%| F|  |TAMS 0x000000008d600000, 0x000000008d600000| Untracked 
| 215|0x000000008d700000, 0x000000008d700000, 0x000000008d800000|  0%| F|  |TAMS 0x000000008d700000, 0x000000008d700000| Untracked 
| 216|0x000000008d800000, 0x000000008d800000, 0x000000008d900000|  0%| F|  |TAMS 0x000000008d800000, 0x000000008d800000| Untracked 
| 217|0x000000008d900000, 0x000000008d900000, 0x000000008da00000|  0%| F|  |TAMS 0x000000008d900000, 0x000000008d900000| Untracked 
| 218|0x000000008da00000, 0x000000008da00000, 0x000000008db00000|  0%| F|  |TAMS 0x000000008da00000, 0x000000008da00000| Untracked 
| 219|0x000000008db00000, 0x000000008db00000, 0x000000008dc00000|  0%| F|  |TAMS 0x000000008db00000, 0x000000008db00000| Untracked 
| 220|0x000000008dc00000, 0x000000008dc00000, 0x000000008dd00000|  0%| F|  |TAMS 0x000000008dc00000, 0x000000008dc00000| Untracked 
| 221|0x000000008dd00000, 0x000000008dd00000, 0x000000008de00000|  0%| F|  |TAMS 0x000000008dd00000, 0x000000008dd00000| Untracked 
| 222|0x000000008de00000, 0x000000008de00000, 0x000000008df00000|  0%| F|  |TAMS 0x000000008de00000, 0x000000008de00000| Untracked 
| 223|0x000000008df00000, 0x000000008df00000, 0x000000008e000000|  0%| F|  |TAMS 0x000000008df00000, 0x000000008df00000| Untracked 
| 224|0x000000008e000000, 0x000000008e000000, 0x000000008e100000|  0%| F|  |TAMS 0x000000008e000000, 0x000000008e000000| Untracked 
| 225|0x000000008e100000, 0x000000008e100000, 0x000000008e200000|  0%| F|  |TAMS 0x000000008e100000, 0x000000008e100000| Untracked 
| 226|0x000000008e200000, 0x000000008e200000, 0x000000008e300000|  0%| F|  |TAMS 0x000000008e200000, 0x000000008e200000| Untracked 
| 227|0x000000008e300000, 0x000000008e300000, 0x000000008e400000|  0%| F|  |TAMS 0x000000008e300000, 0x000000008e300000| Untracked 
| 228|0x000000008e400000, 0x000000008e400000, 0x000000008e500000|  0%| F|  |TAMS 0x000000008e400000, 0x000000008e400000| Untracked 
| 229|0x000000008e500000, 0x000000008e500000, 0x000000008e600000|  0%| F|  |TAMS 0x000000008e500000, 0x000000008e500000| Untracked 
| 230|0x000000008e600000, 0x000000008e600000, 0x000000008e700000|  0%| F|  |TAMS 0x000000008e600000, 0x000000008e600000| Untracked 
| 231|0x000000008e700000, 0x000000008e700000, 0x000000008e800000|  0%| F|  |TAMS 0x000000008e700000, 0x000000008e700000| Untracked 
| 232|0x000000008e800000, 0x000000008e800000, 0x000000008e900000|  0%| F|  |TAMS 0x000000008e800000, 0x000000008e800000| Untracked 
| 233|0x000000008e900000, 0x000000008e900000, 0x000000008ea00000|  0%| F|  |TAMS 0x000000008e900000, 0x000000008e900000| Untracked 
| 234|0x000000008ea00000, 0x000000008ea00000, 0x000000008eb00000|  0%| F|  |TAMS 0x000000008ea00000, 0x000000008ea00000| Untracked 
| 235|0x000000008eb00000, 0x000000008eb00000, 0x000000008ec00000|  0%| F|  |TAMS 0x000000008eb00000, 0x000000008eb00000| Untracked 
| 236|0x000000008ec00000, 0x000000008ec00000, 0x000000008ed00000|  0%| F|  |TAMS 0x000000008ec00000, 0x000000008ec00000| Untracked 
| 237|0x000000008ed00000, 0x000000008ed00000, 0x000000008ee00000|  0%| F|  |TAMS 0x000000008ed00000, 0x000000008ed00000| Untracked 
| 238|0x000000008ee00000, 0x000000008ee00000, 0x000000008ef00000|  0%| F|  |TAMS 0x000000008ee00000, 0x000000008ee00000| Untracked 
| 239|0x000000008ef00000, 0x000000008ef00000, 0x000000008f000000|  0%| F|  |TAMS 0x000000008ef00000, 0x000000008ef00000| Untracked 
| 240|0x000000008f000000, 0x000000008f000000, 0x000000008f100000|  0%| F|  |TAMS 0x000000008f000000, 0x000000008f000000| Untracked 
| 241|0x000000008f100000, 0x000000008f100000, 0x000000008f200000|  0%| F|  |TAMS 0x000000008f100000, 0x000000008f100000| Untracked 
| 242|0x000000008f200000, 0x000000008f200000, 0x000000008f300000|  0%| F|  |TAMS 0x000000008f200000, 0x000000008f200000| Untracked 
| 243|0x000000008f300000, 0x000000008f300000, 0x000000008f400000|  0%| F|  |TAMS 0x000000008f300000, 0x000000008f300000| Untracked 
| 244|0x000000008f400000, 0x000000008f400000, 0x000000008f500000|  0%| F|  |TAMS 0x000000008f400000, 0x000000008f400000| Untracked 
| 245|0x000000008f500000, 0x000000008f500000, 0x000000008f600000|  0%| F|  |TAMS 0x000000008f500000, 0x000000008f500000| Untracked 
| 246|0x000000008f600000, 0x000000008f600000, 0x000000008f700000|  0%| F|  |TAMS 0x000000008f600000, 0x000000008f600000| Untracked 
| 247|0x000000008f700000, 0x000000008f700000, 0x000000008f800000|  0%| F|  |TAMS 0x000000008f700000, 0x000000008f700000| Untracked 
| 248|0x000000008f800000, 0x000000008f800000, 0x000000008f900000|  0%| F|  |TAMS 0x000000008f800000, 0x000000008f800000| Untracked 
| 249|0x000000008f900000, 0x000000008f900000, 0x000000008fa00000|  0%| F|  |TAMS 0x000000008f900000, 0x000000008f900000| Untracked 
| 250|0x000000008fa00000, 0x000000008fa00000, 0x000000008fb00000|  0%| F|  |TAMS 0x000000008fa00000, 0x000000008fa00000| Untracked 
| 251|0x000000008fb00000, 0x000000008fb00000, 0x000000008fc00000|  0%| F|  |TAMS 0x000000008fb00000, 0x000000008fb00000| Untracked 
| 252|0x000000008fc00000, 0x000000008fc00000, 0x000000008fd00000|  0%| F|  |TAMS 0x000000008fc00000, 0x000000008fc00000| Untracked 
| 253|0x000000008fd00000, 0x000000008fd00000, 0x000000008fe00000|  0%| F|  |TAMS 0x000000008fd00000, 0x000000008fd00000| Untracked 
| 254|0x000000008fe00000, 0x000000008fe00000, 0x000000008ff00000|  0%| F|  |TAMS 0x000000008fe00000, 0x000000008fe00000| Untracked 
| 255|0x000000008ff00000, 0x000000008ff00000, 0x0000000090000000|  0%| F|  |TAMS 0x000000008ff00000, 0x000000008ff00000| Untracked 
| 256|0x0000000090000000, 0x0000000090000000, 0x0000000090100000|  0%| F|  |TAMS 0x0000000090000000, 0x0000000090000000| Untracked 
| 257|0x0000000090100000, 0x0000000090100000, 0x0000000090200000|  0%| F|  |TAMS 0x0000000090100000, 0x0000000090100000| Untracked 
| 258|0x0000000090200000, 0x0000000090200000, 0x0000000090300000|  0%| F|  |TAMS 0x0000000090200000, 0x0000000090200000| Untracked 
| 259|0x0000000090300000, 0x0000000090300000, 0x0000000090400000|  0%| F|  |TAMS 0x0000000090300000, 0x0000000090300000| Untracked 
| 260|0x0000000090400000, 0x0000000090400000, 0x0000000090500000|  0%| F|  |TAMS 0x0000000090400000, 0x0000000090400000| Untracked 
| 261|0x0000000090500000, 0x0000000090500000, 0x0000000090600000|  0%| F|  |TAMS 0x0000000090500000, 0x0000000090500000| Untracked 
| 262|0x0000000090600000, 0x0000000090600000, 0x0000000090700000|  0%| F|  |TAMS 0x0000000090600000, 0x0000000090600000| Untracked 
| 263|0x0000000090700000, 0x0000000090700000, 0x0000000090800000|  0%| F|  |TAMS 0x0000000090700000, 0x0000000090700000| Untracked 
| 264|0x0000000090800000, 0x0000000090800000, 0x0000000090900000|  0%| F|  |TAMS 0x0000000090800000, 0x0000000090800000| Untracked 
| 265|0x0000000090900000, 0x0000000090900000, 0x0000000090a00000|  0%| F|  |TAMS 0x0000000090900000, 0x0000000090900000| Untracked 
| 266|0x0000000090a00000, 0x0000000090a00000, 0x0000000090b00000|  0%| F|  |TAMS 0x0000000090a00000, 0x0000000090a00000| Untracked 
| 267|0x0000000090b00000, 0x0000000090b00000, 0x0000000090c00000|  0%| F|  |TAMS 0x0000000090b00000, 0x0000000090b00000| Untracked 
| 268|0x0000000090c00000, 0x0000000090c00000, 0x0000000090d00000|  0%| F|  |TAMS 0x0000000090c00000, 0x0000000090c00000| Untracked 
| 269|0x0000000090d00000, 0x0000000090d00000, 0x0000000090e00000|  0%| F|  |TAMS 0x0000000090d00000, 0x0000000090d00000| Untracked 
| 270|0x0000000090e00000, 0x0000000090e00000, 0x0000000090f00000|  0%| F|  |TAMS 0x0000000090e00000, 0x0000000090e00000| Untracked 
| 271|0x0000000090f00000, 0x0000000090f00000, 0x0000000091000000|  0%| F|  |TAMS 0x0000000090f00000, 0x0000000090f00000| Untracked 
| 272|0x0000000091000000, 0x0000000091000000, 0x0000000091100000|  0%| F|  |TAMS 0x0000000091000000, 0x0000000091000000| Untracked 
| 273|0x0000000091100000, 0x0000000091100000, 0x0000000091200000|  0%| F|  |TAMS 0x0000000091100000, 0x0000000091100000| Untracked 
| 274|0x0000000091200000, 0x0000000091200000, 0x0000000091300000|  0%| F|  |TAMS 0x0000000091200000, 0x0000000091200000| Untracked 
| 275|0x0000000091300000, 0x0000000091300000, 0x0000000091400000|  0%| F|  |TAMS 0x0000000091300000, 0x0000000091300000| Untracked 
| 276|0x0000000091400000, 0x0000000091400000, 0x0000000091500000|  0%| F|  |TAMS 0x0000000091400000, 0x0000000091400000| Untracked 
| 277|0x0000000091500000, 0x0000000091500000, 0x0000000091600000|  0%| F|  |TAMS 0x0000000091500000, 0x0000000091500000| Untracked 
| 278|0x0000000091600000, 0x0000000091600000, 0x0000000091700000|  0%| F|  |TAMS 0x0000000091600000, 0x0000000091600000| Untracked 
| 279|0x0000000091700000, 0x0000000091700000, 0x0000000091800000|  0%| F|  |TAMS 0x0000000091700000, 0x0000000091700000| Untracked 
| 280|0x0000000091800000, 0x0000000091800000, 0x0000000091900000|  0%| F|  |TAMS 0x0000000091800000, 0x0000000091800000| Untracked 
| 281|0x0000000091900000, 0x0000000091900000, 0x0000000091a00000|  0%| F|  |TAMS 0x0000000091900000, 0x0000000091900000| Untracked 
| 282|0x0000000091a00000, 0x0000000091a00000, 0x0000000091b00000|  0%| F|  |TAMS 0x0000000091a00000, 0x0000000091a00000| Untracked 
| 283|0x0000000091b00000, 0x0000000091b00000, 0x0000000091c00000|  0%| F|  |TAMS 0x0000000091b00000, 0x0000000091b00000| Untracked 
| 284|0x0000000091c00000, 0x0000000091c00000, 0x0000000091d00000|  0%| F|  |TAMS 0x0000000091c00000, 0x0000000091c00000| Untracked 
| 285|0x0000000091d00000, 0x0000000091d00000, 0x0000000091e00000|  0%| F|  |TAMS 0x0000000091d00000, 0x0000000091d00000| Untracked 
| 286|0x0000000091e00000, 0x0000000091e00000, 0x0000000091f00000|  0%| F|  |TAMS 0x0000000091e00000, 0x0000000091e00000| Untracked 
| 287|0x0000000091f00000, 0x0000000091f00000, 0x0000000092000000|  0%| F|  |TAMS 0x0000000091f00000, 0x0000000091f00000| Untracked 
| 288|0x0000000092000000, 0x0000000092000000, 0x0000000092100000|  0%| F|  |TAMS 0x0000000092000000, 0x0000000092000000| Untracked 
| 289|0x0000000092100000, 0x0000000092100000, 0x0000000092200000|  0%| F|  |TAMS 0x0000000092100000, 0x0000000092100000| Untracked 
| 290|0x0000000092200000, 0x0000000092200000, 0x0000000092300000|  0%| F|  |TAMS 0x0000000092200000, 0x0000000092200000| Untracked 
| 291|0x0000000092300000, 0x0000000092300000, 0x0000000092400000|  0%| F|  |TAMS 0x0000000092300000, 0x0000000092300000| Untracked 
| 292|0x0000000092400000, 0x0000000092400000, 0x0000000092500000|  0%| F|  |TAMS 0x0000000092400000, 0x0000000092400000| Untracked 
| 293|0x0000000092500000, 0x0000000092500000, 0x0000000092600000|  0%| F|  |TAMS 0x0000000092500000, 0x0000000092500000| Untracked 
| 294|0x0000000092600000, 0x0000000092600000, 0x0000000092700000|  0%| F|  |TAMS 0x0000000092600000, 0x0000000092600000| Untracked 
| 295|0x0000000092700000, 0x0000000092700000, 0x0000000092800000|  0%| F|  |TAMS 0x0000000092700000, 0x0000000092700000| Untracked 
| 296|0x0000000092800000, 0x00000000928550e0, 0x0000000092900000| 33%| S|CS|TAMS 0x0000000092800000, 0x0000000092800000| Complete 
| 297|0x0000000092900000, 0x0000000092a00000, 0x0000000092a00000|100%| S|CS|TAMS 0x0000000092900000, 0x0000000092900000| Complete 
| 298|0x0000000092a00000, 0x0000000092b00000, 0x0000000092b00000|100%| S|CS|TAMS 0x0000000092a00000, 0x0000000092a00000| Complete 
| 299|0x0000000092b00000, 0x0000000092c00000, 0x0000000092c00000|100%| S|CS|TAMS 0x0000000092b00000, 0x0000000092b00000| Complete 
| 300|0x0000000092c00000, 0x0000000092d00000, 0x0000000092d00000|100%| S|CS|TAMS 0x0000000092c00000, 0x0000000092c00000| Complete 
| 301|0x0000000092d00000, 0x0000000092e00000, 0x0000000092e00000|100%| S|CS|TAMS 0x0000000092d00000, 0x0000000092d00000| Complete 
| 302|0x0000000092e00000, 0x0000000092e00000, 0x0000000092f00000|  0%| F|  |TAMS 0x0000000092e00000, 0x0000000092e00000| Untracked 
| 303|0x0000000092f00000, 0x0000000092f00000, 0x0000000093000000|  0%| F|  |TAMS 0x0000000092f00000, 0x0000000092f00000| Untracked 
| 304|0x0000000093000000, 0x0000000093000000, 0x0000000093100000|  0%| F|  |TAMS 0x0000000093000000, 0x0000000093000000| Untracked 
| 305|0x0000000093100000, 0x0000000093100000, 0x0000000093200000|  0%| F|  |TAMS 0x0000000093100000, 0x0000000093100000| Untracked 
| 306|0x0000000093200000, 0x0000000093200000, 0x0000000093300000|  0%| F|  |TAMS 0x0000000093200000, 0x0000000093200000| Untracked 
| 307|0x0000000093300000, 0x00000000933cd250, 0x0000000093400000| 80%| E|  |TAMS 0x0000000093300000, 0x0000000093300000| Complete 
| 308|0x0000000093400000, 0x0000000093500000, 0x0000000093500000|100%| E|  |TAMS 0x0000000093400000, 0x0000000093400000| Complete 
| 309|0x0000000093500000, 0x0000000093600000, 0x0000000093600000|100%| E|CS|TAMS 0x0000000093500000, 0x0000000093500000| Complete 
| 310|0x0000000093600000, 0x0000000093700000, 0x0000000093700000|100%| E|CS|TAMS 0x0000000093600000, 0x0000000093600000| Complete 
| 311|0x0000000093700000, 0x0000000093800000, 0x0000000093800000|100%| E|CS|TAMS 0x0000000093700000, 0x0000000093700000| Complete 
| 312|0x0000000093800000, 0x0000000093900000, 0x0000000093900000|100%| E|CS|TAMS 0x0000000093800000, 0x0000000093800000| Complete 
| 313|0x0000000093900000, 0x0000000093a00000, 0x0000000093a00000|100%| E|CS|TAMS 0x0000000093900000, 0x0000000093900000| Complete 
| 314|0x0000000093a00000, 0x0000000093b00000, 0x0000000093b00000|100%| E|CS|TAMS 0x0000000093a00000, 0x0000000093a00000| Complete 
| 315|0x0000000093b00000, 0x0000000093c00000, 0x0000000093c00000|100%| E|CS|TAMS 0x0000000093b00000, 0x0000000093b00000| Complete 
| 316|0x0000000093c00000, 0x0000000093d00000, 0x0000000093d00000|100%| E|CS|TAMS 0x0000000093c00000, 0x0000000093c00000| Complete 
| 317|0x0000000093d00000, 0x0000000093e00000, 0x0000000093e00000|100%| E|CS|TAMS 0x0000000093d00000, 0x0000000093d00000| Complete 
| 318|0x0000000093e00000, 0x0000000093f00000, 0x0000000093f00000|100%| E|CS|TAMS 0x0000000093e00000, 0x0000000093e00000| Complete 
| 319|0x0000000093f00000, 0x0000000094000000, 0x0000000094000000|100%| E|CS|TAMS 0x0000000093f00000, 0x0000000093f00000| Complete 
| 320|0x0000000094000000, 0x0000000094100000, 0x0000000094100000|100%| E|CS|TAMS 0x0000000094000000, 0x0000000094000000| Complete 
| 321|0x0000000094100000, 0x0000000094200000, 0x0000000094200000|100%| E|CS|TAMS 0x0000000094100000, 0x0000000094100000| Complete 
| 322|0x0000000094200000, 0x0000000094300000, 0x0000000094300000|100%| E|CS|TAMS 0x0000000094200000, 0x0000000094200000| Complete 
| 323|0x0000000094300000, 0x0000000094400000, 0x0000000094400000|100%| E|CS|TAMS 0x0000000094300000, 0x0000000094300000| Complete 
| 324|0x0000000094400000, 0x0000000094500000, 0x0000000094500000|100%| E|CS|TAMS 0x0000000094400000, 0x0000000094400000| Complete 
| 325|0x0000000094500000, 0x0000000094600000, 0x0000000094600000|100%| E|CS|TAMS 0x0000000094500000, 0x0000000094500000| Complete 
| 326|0x0000000094600000, 0x0000000094700000, 0x0000000094700000|100%| E|CS|TAMS 0x0000000094600000, 0x0000000094600000| Complete 
| 327|0x0000000094700000, 0x0000000094800000, 0x0000000094800000|100%| E|CS|TAMS 0x0000000094700000, 0x0000000094700000| Complete 
| 328|0x0000000094800000, 0x0000000094900000, 0x0000000094900000|100%| E|CS|TAMS 0x0000000094800000, 0x0000000094800000| Complete 
| 329|0x0000000094900000, 0x0000000094a00000, 0x0000000094a00000|100%| E|CS|TAMS 0x0000000094900000, 0x0000000094900000| Complete 
| 330|0x0000000094a00000, 0x0000000094b00000, 0x0000000094b00000|100%| E|CS|TAMS 0x0000000094a00000, 0x0000000094a00000| Complete 
| 331|0x0000000094b00000, 0x0000000094c00000, 0x0000000094c00000|100%| E|CS|TAMS 0x0000000094b00000, 0x0000000094b00000| Complete 
| 332|0x0000000094c00000, 0x0000000094d00000, 0x0000000094d00000|100%| E|CS|TAMS 0x0000000094c00000, 0x0000000094c00000| Complete 
| 333|0x0000000094d00000, 0x0000000094e00000, 0x0000000094e00000|100%| E|CS|TAMS 0x0000000094d00000, 0x0000000094d00000| Complete 
| 334|0x0000000094e00000, 0x0000000094f00000, 0x0000000094f00000|100%| E|CS|TAMS 0x0000000094e00000, 0x0000000094e00000| Complete 
| 335|0x0000000094f00000, 0x0000000095000000, 0x0000000095000000|100%| E|CS|TAMS 0x0000000094f00000, 0x0000000094f00000| Complete 
| 336|0x0000000095000000, 0x0000000095100000, 0x0000000095100000|100%| E|CS|TAMS 0x0000000095000000, 0x0000000095000000| Complete 
| 337|0x0000000095100000, 0x0000000095200000, 0x0000000095200000|100%| E|CS|TAMS 0x0000000095100000, 0x0000000095100000| Complete 
| 338|0x0000000095200000, 0x0000000095300000, 0x0000000095300000|100%| E|CS|TAMS 0x0000000095200000, 0x0000000095200000| Complete 
| 339|0x0000000095300000, 0x0000000095400000, 0x0000000095400000|100%| E|CS|TAMS 0x0000000095300000, 0x0000000095300000| Complete 
| 340|0x0000000095400000, 0x0000000095500000, 0x0000000095500000|100%| E|CS|TAMS 0x0000000095400000, 0x0000000095400000| Complete 
| 341|0x0000000095500000, 0x0000000095600000, 0x0000000095600000|100%| E|CS|TAMS 0x0000000095500000, 0x0000000095500000| Complete 
| 342|0x0000000095600000, 0x0000000095700000, 0x0000000095700000|100%| E|CS|TAMS 0x0000000095600000, 0x0000000095600000| Complete 
| 343|0x0000000095700000, 0x0000000095800000, 0x0000000095800000|100%| E|CS|TAMS 0x0000000095700000, 0x0000000095700000| Complete 
| 344|0x0000000095800000, 0x0000000095900000, 0x0000000095900000|100%| E|CS|TAMS 0x0000000095800000, 0x0000000095800000| Complete 
| 345|0x0000000095900000, 0x0000000095a00000, 0x0000000095a00000|100%| E|CS|TAMS 0x0000000095900000, 0x0000000095900000| Complete 
| 346|0x0000000095a00000, 0x0000000095b00000, 0x0000000095b00000|100%| E|CS|TAMS 0x0000000095a00000, 0x0000000095a00000| Complete 
| 347|0x0000000095b00000, 0x0000000095c00000, 0x0000000095c00000|100%| E|CS|TAMS 0x0000000095b00000, 0x0000000095b00000| Complete 
| 348|0x0000000095c00000, 0x0000000095d00000, 0x0000000095d00000|100%| E|CS|TAMS 0x0000000095c00000, 0x0000000095c00000| Complete 
| 349|0x0000000095d00000, 0x0000000095e00000, 0x0000000095e00000|100%| E|CS|TAMS 0x0000000095d00000, 0x0000000095d00000| Complete 
| 350|0x0000000095e00000, 0x0000000095f00000, 0x0000000095f00000|100%| E|CS|TAMS 0x0000000095e00000, 0x0000000095e00000| Complete 

Card table byte_map: [0x0000017c19660000,0x0000017c19a60000] _byte_map_base: 0x0000017c19260000

Marking Bits (Prev, Next): (CMBitMap*) 0x0000017c062fc350, (CMBitMap*) 0x0000017c062fc318
 Prev Bits: [0x0000017c1be60000, 0x0000017c1de60000)
 Next Bits: [0x0000017c19e60000, 0x0000017c1be60000)

Polling page: 0x0000017c049a0000

Metaspace:

Usage:
  Non-class:    134.89 MB capacity,   131.72 MB ( 98%) used,     2.70 MB (  2%) free+waste,   482.44 KB ( <1%) overhead. 
      Class:     19.86 MB capacity,    18.19 MB ( 92%) used,     1.46 MB (  7%) free+waste,   212.50 KB (  1%) overhead. 
       Both:    154.75 MB capacity,   149.92 MB ( 97%) used,     4.16 MB (  3%) free+waste,   694.94 KB ( <1%) overhead. 

Virtual space:
  Non-class space:      136.00 MB reserved,     134.90 MB (>99%) committed 
      Class space:        1.00 GB reserved,      19.88 MB (  2%) committed 
             Both:        1.13 GB reserved,     154.78 MB ( 13%) committed 

Chunk freelists:
   Non-Class:  11.00 KB
       Class:  13.00 KB
        Both:  24.00 KB

MaxMetaspaceSize: 17179869184.00 GB
CompressedClassSpaceSize: 1.00 GB

CodeHeap 'non-profiled nmethods': size=120064Kb used=22679Kb max_used=22679Kb free=97384Kb
 bounds [0x0000017c11700000, 0x0000017c12d30000, 0x0000017c18c40000]
CodeHeap 'profiled nmethods': size=120000Kb used=47210Kb max_used=47210Kb free=72789Kb
 bounds [0x0000017c0a1d0000, 0x0000017c0d070000, 0x0000017c11700000]
CodeHeap 'non-nmethods': size=5696Kb used=2455Kb max_used=2505Kb free=3240Kb
 bounds [0x0000017c09c40000, 0x0000017c09ec0000, 0x0000017c0a1d0000]
 total_blobs=24191 nmethods=23067 adapters=1034
 compilation: enabled
              stopped_count=0, restarted_count=0
 full_count=0

Compilation events (20 events):
Event: 5117.359 Thread 0x0000017c204ba800 30054       3       com.sun.org.apache.xerces.internal.impl.dtd.XMLDTDValidator::addDTDDefaultAttrsAndValidate (1018 bytes)
Event: 5117.365 Thread 0x0000017c204ba800 nmethod 30054 0x0000017c0d044910 code [0x0000017c0d044fc0, 0x0000017c0d04a1d8]
Event: 5117.365 Thread 0x0000017c204ba800 30050       3       com.sun.org.apache.xerces.internal.impl.dtd.XMLDTDValidator::endElement (8 bytes)
Event: 5117.365 Thread 0x0000017c204ba800 nmethod 30050 0x0000017c0c175d10 code [0x0000017c0c175ec0, 0x0000017c0c176068]
Event: 5117.365 Thread 0x0000017c204ba800 30051       3       com.sun.org.apache.xerces.internal.impl.dtd.XMLDTDValidator::handleEndElement (397 bytes)
Event: 5117.367 Thread 0x0000017c204ba800 nmethod 30051 0x0000017c0cdfd790 code [0x0000017c0cdfdb00, 0x0000017c0cdff7c8]
Event: 5117.367 Thread 0x0000017c20497000 nmethod 30048 0x0000017c12d25910 code [0x0000017c12d25b00, 0x0000017c12d25fd0]
Event: 5117.367 Thread 0x0000017c204ba800 30052       3       com.sun.org.apache.xerces.internal.impl.dtd.XMLDTDValidator::endNamespaceScope (26 bytes)
Event: 5117.368 Thread 0x0000017c204ba800 nmethod 30052 0x0000017c0c40d710 code [0x0000017c0c40d8e0, 0x0000017c0c40db08]
Event: 5117.368 Thread 0x0000017c204ba800 30055       3       org.apache.ivy.core.IvyPatternHelper::substituteVariables (213 bytes)
Event: 5117.372 Thread 0x0000017c204ba800 nmethod 30055 0x0000017c0d04c010 code [0x0000017c0d04c660, 0x0000017c0d0508d8]
Event: 5119.357 Thread 0x0000017c20497000 30056       4       org.gradle.internal.component.external.model.DefaultModuleComponentIdentifier::newId (10 bytes)
Event: 5119.371 Thread 0x0000017c20497000 nmethod 30056 0x0000017c12d26410 code [0x0000017c12d265c0, 0x0000017c12d26a78]
Event: 5120.063 Thread 0x0000017c20497000 30057       4       org.gradle.internal.component.external.model.AbstractConfigurationMetadata::getConfigDependencies (36 bytes)
Event: 5120.065 Thread 0x0000017c204ba800 30059       3       org.gradle.internal.resource.ExternalResourceName::getDecoded (37 bytes)
Event: 5120.066 Thread 0x0000017c204ba800 nmethod 30059 0x0000017c0c512710 code [0x0000017c0c512960, 0x0000017c0c513108]
Event: 5120.066 Thread 0x0000017c204ba800 30060       1       org.apache.http.client.methods.HttpRequestBase::getURI (5 bytes)
Event: 5120.066 Thread 0x0000017c204ba800 nmethod 30060 0x0000017c12d26d10 code [0x0000017c12d26ec0, 0x0000017c12d26f78]
Event: 5120.067 Thread 0x0000017c204ba800 30061       3       org.apache.commons.logging.impl.SLF4JLog::isDebugEnabled (10 bytes)
Event: 5120.067 Thread 0x0000017c204ba800 nmethod 30061 0x0000017c0c491910 code [0x0000017c0c491ac0, 0x0000017c0c491c88]

GC Heap History (20 events):
Event: 4954.098 GC heap before
{Heap before GC invocations=213 (full 0):
 garbage-first heap   total 359424K, used 158697K [0x0000000080000000, 0x0000000100000000)
  region size 1024K, 52 young (53248K), 2 survivors (2048K)
 Metaspace       used 145306K, capacity 149835K, committed 150556K, reserved 1181696K
  class space    used 17607K, capacity 19175K, committed 19328K, reserved 1048576K
}
Event: 4954.105 GC heap after
{Heap after GC invocations=214 (full 0):
 garbage-first heap   total 359424K, used 109573K [0x0000000080000000, 0x0000000100000000)
  region size 1024K, 3 young (3072K), 3 survivors (3072K)
 Metaspace       used 145306K, capacity 149835K, committed 150556K, reserved 1181696K
  class space    used 17607K, capacity 19175K, committed 19328K, reserved 1048576K
}
Event: 4961.707 GC heap before
{Heap before GC invocations=215 (full 0):
 garbage-first heap   total 359424K, used 240645K [0x0000000080000000, 0x0000000100000000)
  region size 1024K, 114 young (116736K), 3 survivors (3072K)
 Metaspace       used 145450K, capacity 149979K, committed 150556K, reserved 1181696K
  class space    used 17607K, capacity 19175K, committed 19328K, reserved 1048576K
}
Event: 4962.768 GC heap after
{Heap after GC invocations=216 (full 0):
 garbage-first heap   total 359424K, used 139846K [0x0000000080000000, 0x0000000100000000)
  region size 1024K, 15 young (15360K), 15 survivors (15360K)
 Metaspace       used 145450K, capacity 149979K, committed 150556K, reserved 1181696K
  class space    used 17607K, capacity 19175K, committed 19328K, reserved 1048576K
}
Event: 4962.790 GC heap before
{Heap before GC invocations=216 (full 0):
 garbage-first heap   total 359424K, used 141894K [0x0000000080000000, 0x0000000100000000)
  region size 1024K, 17 young (17408K), 15 survivors (15360K)
 Metaspace       used 145450K, capacity 149979K, committed 150556K, reserved 1181696K
  class space    used 17607K, capacity 19175K, committed 19328K, reserved 1048576K
}
Event: 4962.912 GC heap after
{Heap after GC invocations=217 (full 0):
 garbage-first heap   total 359424K, used 139990K [0x0000000080000000, 0x0000000100000000)
  region size 1024K, 3 young (3072K), 3 survivors (3072K)
 Metaspace       used 145450K, capacity 149979K, committed 150556K, reserved 1181696K
  class space    used 17607K, capacity 19175K, committed 19328K, reserved 1048576K
}
Event: 4963.058 GC heap before
{Heap before GC invocations=217 (full 0):
 garbage-first heap   total 359424K, used 154326K [0x0000000080000000, 0x0000000100000000)
  region size 1024K, 17 young (17408K), 3 survivors (3072K)
 Metaspace       used 145450K, capacity 149979K, committed 150556K, reserved 1181696K
  class space    used 17607K, capacity 19175K, committed 19328K, reserved 1048576K
}
Event: 4963.137 GC heap after
{Heap after GC invocations=218 (full 0):
 garbage-first heap   total 359424K, used 147456K [0x0000000080000000, 0x0000000100000000)
  region size 1024K, 3 young (3072K), 3 survivors (3072K)
 Metaspace       used 145450K, capacity 149979K, committed 150556K, reserved 1181696K
  class space    used 17607K, capacity 19175K, committed 19328K, reserved 1048576K
}
Event: 4964.120 GC heap before
{Heap before GC invocations=219 (full 0):
 garbage-first heap   total 359424K, used 195584K [0x0000000080000000, 0x0000000100000000)
  region size 1024K, 48 young (49152K), 3 survivors (3072K)
 Metaspace       used 145451K, capacity 149979K, committed 150556K, reserved 1181696K
  class space    used 17607K, capacity 19175K, committed 19328K, reserved 1048576K
}
Event: 4964.211 GC heap after
{Heap after GC invocations=220 (full 0):
 garbage-first heap   total 359424K, used 164352K [0x0000000080000000, 0x0000000100000000)
  region size 1024K, 6 young (6144K), 6 survivors (6144K)
 Metaspace       used 145451K, capacity 149979K, committed 150556K, reserved 1181696K
  class space    used 17607K, capacity 19175K, committed 19328K, reserved 1048576K
}
Event: 4964.477 GC heap before
{Heap before GC invocations=220 (full 0):
 garbage-first heap   total 359424K, used 178688K [0x0000000080000000, 0x0000000100000000)
  region size 1024K, 17 young (17408K), 6 survivors (6144K)
 Metaspace       used 145451K, capacity 149979K, committed 150556K, reserved 1181696K
  class space    used 17607K, capacity 19175K, committed 19328K, reserved 1048576K
}
Event: 4964.543 GC heap after
{Heap after GC invocations=221 (full 0):
 garbage-first heap   total 359424K, used 171648K [0x0000000080000000, 0x0000000100000000)
  region size 1024K, 3 young (3072K), 3 survivors (3072K)
 Metaspace       used 145451K, capacity 149979K, committed 150556K, reserved 1181696K
  class space    used 17607K, capacity 19175K, committed 19328K, reserved 1048576K
}
Event: 4964.573 GC heap before
{Heap before GC invocations=221 (full 0):
 garbage-first heap   total 359424K, used 187008K [0x0000000080000000, 0x0000000100000000)
  region size 1024K, 18 young (18432K), 3 survivors (3072K)
 Metaspace       used 145451K, capacity 149979K, committed 150556K, reserved 1181696K
  class space    used 17607K, capacity 19175K, committed 19328K, reserved 1048576K
}
Event: 4964.605 GC heap after
{Heap after GC invocations=222 (full 0):
 garbage-first heap   total 359424K, used 174102K [0x0000000080000000, 0x0000000100000000)
  region size 1024K, 3 young (3072K), 3 survivors (3072K)
 Metaspace       used 145451K, capacity 149979K, committed 150556K, reserved 1181696K
  class space    used 17607K, capacity 19175K, committed 19328K, reserved 1048576K
}
Event: 4999.499 GC heap before
{Heap before GC invocations=223 (full 0):
 garbage-first heap   total 359424K, used 258070K [0x0000000080000000, 0x0000000100000000)
  region size 1024K, 67 young (68608K), 3 survivors (3072K)
 Metaspace       used 146052K, capacity 150703K, committed 151068K, reserved 1181696K
  class space    used 17677K, capacity 19281K, committed 19328K, reserved 1048576K
}
Event: 4999.515 GC heap after
{Heap after GC invocations=224 (full 0):
 garbage-first heap   total 359424K, used 172530K [0x0000000080000000, 0x0000000100000000)
  region size 1024K, 5 young (5120K), 5 survivors (5120K)
 Metaspace       used 146052K, capacity 150703K, committed 151068K, reserved 1181696K
  class space    used 17677K, capacity 19281K, committed 19328K, reserved 1048576K
}
Event: 5001.399 GC heap before
{Heap before GC invocations=224 (full 0):
 garbage-first heap   total 359424K, used 184818K [0x0000000080000000, 0x0000000100000000)
  region size 1024K, 17 young (17408K), 5 survivors (5120K)
 Metaspace       used 146161K, capacity 150859K, committed 151068K, reserved 1181696K
  class space    used 17693K, capacity 19289K, committed 19328K, reserved 1048576K
}
Event: 5001.435 GC heap after
{Heap after GC invocations=225 (full 0):
 garbage-first heap   total 359424K, used 167277K [0x0000000080000000, 0x0000000100000000)
  region size 1024K, 2 young (2048K), 2 survivors (2048K)
 Metaspace       used 146161K, capacity 150859K, committed 151068K, reserved 1181696K
  class space    used 17693K, capacity 19289K, committed 19328K, reserved 1048576K
}
Event: 5021.331 GC heap before
{Heap before GC invocations=225 (full 0):
 garbage-first heap   total 359424K, used 214381K [0x0000000080000000, 0x0000000100000000)
  region size 1024K, 49 young (50176K), 2 survivors (2048K)
 Metaspace       used 148341K, capacity 153194K, committed 153500K, reserved 1183744K
  class space    used 17972K, capacity 19656K, committed 19712K, reserved 1048576K
}
Event: 5022.094 GC heap after
{Heap after GC invocations=226 (full 0):
 garbage-first heap   total 359424K, used 171309K [0x0000000080000000, 0x0000000100000000)
  region size 1024K, 6 young (6144K), 6 survivors (6144K)
 Metaspace       used 148341K, capacity 153194K, committed 153500K, reserved 1183744K
  class space    used 17972K, capacity 19656K, committed 19712K, reserved 1048576K
}

Deoptimization events (20 events):
Event: 5074.394 Thread 0x0000017c2a5ac800 DEOPT PACKING pc=0x0000017c0bf8ca8e sp=0x000000232acfbba0
Event: 5074.394 Thread 0x0000017c2a5ac800 DEOPT UNPACKING pc=0x0000017c09c6724e sp=0x000000232acfafd0 mode 0
Event: 5074.399 Thread 0x0000017c2a5a6000 DEOPT PACKING pc=0x0000017c0bf8ca8e sp=0x000000232aafb550
Event: 5074.399 Thread 0x0000017c2a5a6000 DEOPT UNPACKING pc=0x0000017c09c6724e sp=0x000000232aafa980 mode 0
Event: 5074.412 Thread 0x0000017c2a5a6000 DEOPT PACKING pc=0x0000017c0bf8ca8e sp=0x000000232aafbce0
Event: 5074.412 Thread 0x0000017c2a5a6000 DEOPT UNPACKING pc=0x0000017c09c6724e sp=0x000000232aafb110 mode 0
Event: 5074.422 Thread 0x0000017c2a5a7800 DEOPT PACKING pc=0x0000017c0bf8ca8e sp=0x000000232abfbd80
Event: 5074.422 Thread 0x0000017c2a5a7800 DEOPT UNPACKING pc=0x0000017c09c6724e sp=0x000000232abfb1b0 mode 0
Event: 5079.053 Thread 0x0000017c26e0e800 Uncommon trap: trap_request=0xffffffbe fr.pc=0x0000017c1245a5dc relative=0x0000000000002d3c
Event: 5079.053 Thread 0x0000017c26e0e800 Uncommon trap: reason=profile_predicate action=maybe_recompile pc=0x0000017c1245a5dc method=org.gradle.internal.component.external.model.maven.DefaultMavenModuleResolveMetadata.filterDependencies(Lorg/gradle/internal/component/external/model/DefaultConfig
Event: 5079.054 Thread 0x0000017c26e0e800 DEOPT PACKING pc=0x0000017c1245a5dc sp=0x00000023288fa080
Event: 5079.054 Thread 0x0000017c26e0e800 DEOPT UNPACKING pc=0x0000017c09c6742f sp=0x00000023288f9d88 mode 2
Event: 5111.737 Thread 0x0000017c2a5a7800 Uncommon trap: trap_request=0xffffff4d fr.pc=0x0000017c121ec18c relative=0x000000000000024c
Event: 5111.737 Thread 0x0000017c2a5a7800 Uncommon trap: reason=unstable_if action=reinterpret pc=0x0000017c121ec18c method=java.util.concurrent.locks.ReentrantReadWriteLock$Sync.tryAcquireShared(I)I @ 55 c2
Event: 5111.737 Thread 0x0000017c2a5a7800 DEOPT PACKING pc=0x0000017c121ec18c sp=0x000000232abfc550
Event: 5111.737 Thread 0x0000017c2a5a7800 DEOPT UNPACKING pc=0x0000017c09c6742f sp=0x000000232abfc4f0 mode 2
Event: 5117.358 Thread 0x0000017c26e0e800 Uncommon trap: trap_request=0xffffff4d fr.pc=0x0000017c12d001d0 relative=0x0000000000001e70
Event: 5117.358 Thread 0x0000017c26e0e800 Uncommon trap: reason=unstable_if action=reinterpret pc=0x0000017c12d001d0 method=com.sun.org.apache.xerces.internal.impl.XMLDocumentFragmentScannerImpl$FragmentContentDriver.next()I @ 880 c2
Event: 5117.358 Thread 0x0000017c26e0e800 DEOPT PACKING pc=0x0000017c12d001d0 sp=0x00000023288f8120
Event: 5117.358 Thread 0x0000017c26e0e800 DEOPT UNPACKING pc=0x0000017c09c6742f sp=0x00000023288f8108 mode 2

Classes redefined (0 events):
No events

Internal exceptions (20 events):
Event: 5017.819 Thread 0x0000017c26e0e800 Exception <a 'java/lang/reflect/InvocationTargetException'{0x00000000930bcb58}> (0x00000000930bcb58) thrown at [./src/hotspot/share/runtime/reflection.cpp, line 1247]
Event: 5017.837 Thread 0x0000017c26e0e800 Implicit null exception at 0x0000017c12791648 to 0x0000017c127920f4
Event: 5019.962 Thread 0x0000017c26e0e800 Implicit null exception at 0x0000017c11a79b14 to 0x0000017c11a7a128
Event: 5019.962 Thread 0x0000017c2a5a6000 Implicit null exception at 0x0000017c11a79b14 to 0x0000017c11a7a128
Event: 5019.962 Thread 0x0000017c2a5ac000 Implicit null exception at 0x0000017c11a79b14 to 0x0000017c11a7a128
Event: 5032.490 Thread 0x0000017c2a5a6000 Exception <a 'java/lang/IncompatibleClassChangeError'{0x0000000095740028}: Found class java.lang.Object, but interface was expected> (0x0000000095740028) thrown at [./src/hotspot/share/interpreter/linkResolver.cpp, line 839]
Event: 5054.178 Thread 0x0000017c26e0e800 Implicit null exception at 0x0000017c11e960fb to 0x0000017c11e968e8
Event: 5057.914 Thread 0x0000017c2a5ac000 Implicit null exception at 0x0000017c12b52afd to 0x0000017c12b52e0c
Event: 5057.915 Thread 0x0000017c2a5ac000 Implicit null exception at 0x0000017c12788fff to 0x0000017c1278a3d4
Event: 5060.090 Thread 0x0000017c2a5a6000 Implicit null exception at 0x0000017c12780980 to 0x0000017c12784874
Event: 5073.884 Thread 0x0000017c2a5a6000 Exception <a 'java/net/SocketTimeoutException'{0x0000000093d26fb8}: Read timed out> (0x0000000093d26fb8) thrown at [./src/hotspot/share/prims/jni.cpp, line 636]
Event: 5074.081 Thread 0x0000017c2a5ac800 Exception <a 'java/net/SocketTimeoutException'{0x0000000093d07428}: Read timed out> (0x0000000093d07428) thrown at [./src/hotspot/share/prims/jni.cpp, line 636]
Event: 5074.090 Thread 0x0000017c2a5a7800 Exception <a 'java/net/SocketTimeoutException'{0x0000000093d1da88}: Read timed out> (0x0000000093d1da88) thrown at [./src/hotspot/share/prims/jni.cpp, line 636]
Event: 5078.040 Thread 0x0000017c26e0e800 Exception <a 'java/net/SocketTimeoutException'{0x0000000093c38d58}: Read timed out> (0x0000000093c38d58) thrown at [./src/hotspot/share/prims/jni.cpp, line 636]
Event: 5079.059 Thread 0x0000017c26e0e800 Exception <a 'java/net/SocketTimeoutException'{0x00000000939155b0}: Read timed out> (0x00000000939155b0) thrown at [./src/hotspot/share/prims/jni.cpp, line 636]
Event: 5079.136 Thread 0x0000017c2a5ac000 Exception <a 'java/net/SocketTimeoutException'{0x000000009398cc60}: Read timed out> (0x000000009398cc60) thrown at [./src/hotspot/share/prims/jni.cpp, line 636]
Event: 5109.453 Thread 0x0000017c26e0e800 Exception <a 'java/net/SocketTimeoutException'{0x0000000093721498}: Read timed out> (0x0000000093721498) thrown at [./src/hotspot/share/prims/jni.cpp, line 636]
Event: 5109.940 Thread 0x0000017c26e0e800 Exception <a 'java/net/SocketTimeoutException'{0x000000009372fe18}: Read timed out> (0x000000009372fe18) thrown at [./src/hotspot/share/prims/jni.cpp, line 636]
Event: 5111.740 Thread 0x0000017c2a5a7800 Exception <a 'java/net/SocketTimeoutException'{0x0000000093608250}: Read timed out> (0x0000000093608250) thrown at [./src/hotspot/share/prims/jni.cpp, line 636]
Event: 5120.067 Thread 0x0000017c26e0e800 Exception <a 'java/net/SocketTimeoutException'{0x000000009351cec0}: Read timed out> (0x000000009351cec0) thrown at [./src/hotspot/share/prims/jni.cpp, line 636]

Events (20 events):
Event: 5078.036 Executing VM operation: RevokeBias done
Event: 5078.037 Executing VM operation: RevokeBias
Event: 5078.037 Executing VM operation: RevokeBias done
Event: 5078.037 Executing VM operation: RevokeBias
Event: 5078.037 Executing VM operation: RevokeBias done
Event: 5078.040 Executing VM operation: RevokeBias
Event: 5078.041 Executing VM operation: RevokeBias done
Event: 5079.052 Executing VM operation: RevokeBias
Event: 5079.053 Executing VM operation: RevokeBias done
Event: 5086.718 Executing VM operation: RevokeBias
Event: 5086.718 Executing VM operation: RevokeBias done
Event: 5086.718 Thread 0x0000017c29c3d800 Thread exited: 0x0000017c29c3d800
Event: 5111.737 Executing VM operation: RevokeBias
Event: 5111.737 Executing VM operation: RevokeBias done
Event: 5111.737 Executing VM operation: RevokeBias
Event: 5111.737 Executing VM operation: RevokeBias done
Event: 5111.738 Executing VM operation: RevokeBias
Event: 5111.738 Executing VM operation: RevokeBias done
Event: 5111.740 Executing VM operation: RevokeBias
Event: 5111.740 Executing VM operation: RevokeBias done


Dynamic libraries:
0x00007ff7e08f0000 - 0x00007ff7e08fa000 	C:\Program Files\Android\Android Studio\jre\bin\java.exe
0x00007ffc4bdd0000 - 0x00007ffc4bfc5000 	C:\Windows\SYSTEM32\ntdll.dll
0x00007ffc4aef0000 - 0x00007ffc4afad000 	C:\Windows\System32\KERNEL32.DLL
0x00007ffc497a0000 - 0x00007ffc49a68000 	C:\Windows\System32\KERNELBASE.dll
0x00007ffc49d30000 - 0x00007ffc49e30000 	C:\Windows\System32\ucrtbase.dll
0x00007ffc333d0000 - 0x00007ffc333e9000 	C:\Program Files\Android\Android Studio\jre\bin\jli.dll
0x00007ffc33530000 - 0x00007ffc33547000 	C:\Program Files\Android\Android Studio\jre\bin\VCRUNTIME140.dll
0x00007ffc4b100000 - 0x00007ffc4b2a0000 	C:\Windows\System32\USER32.dll
0x00007ffc496d0000 - 0x00007ffc496f2000 	C:\Windows\System32\win32u.dll
0x00007ffc34aa0000 - 0x00007ffc34d3a000 	C:\Windows\WinSxS\amd64_microsoft.windows.common-controls_6595b64144ccf1df_6.0.19041.844_none_ca00b6081b84eb1d\COMCTL32.dll
0x00007ffc4b0d0000 - 0x00007ffc4b0fa000 	C:\Windows\System32\GDI32.dll
0x00007ffc4bcf0000 - 0x00007ffc4bd8e000 	C:\Windows\System32\msvcrt.dll
0x00007ffc49ac0000 - 0x00007ffc49bcb000 	C:\Windows\System32\gdi32full.dll
0x00007ffc49700000 - 0x00007ffc4979d000 	C:\Windows\System32\msvcp_win.dll
0x00007ffc4ae60000 - 0x00007ffc4ae90000 	C:\Windows\System32\IMM32.DLL
0x00007ffc22930000 - 0x00007ffc229cd000 	C:\Program Files\Android\Android Studio\jre\bin\msvcp140.dll
0x00007ffbffd60000 - 0x00007ffc0081c000 	C:\Program Files\Android\Android Studio\jre\bin\server\jvm.dll
0x00007ffc4a860000 - 0x00007ffc4a90c000 	C:\Windows\System32\ADVAPI32.dll
0x00007ffc4b6a0000 - 0x00007ffc4b73b000 	C:\Windows\System32\sechost.dll
0x00007ffc4bbc0000 - 0x00007ffc4bceb000 	C:\Windows\System32\RPCRT4.dll
0x00007ffc4a100000 - 0x00007ffc4a108000 	C:\Windows\System32\PSAPI.DLL
0x00007ffc44cf0000 - 0x00007ffc44cf9000 	C:\Windows\SYSTEM32\WSOCK32.dll
0x00007ffc3d5d0000 - 0x00007ffc3d5f7000 	C:\Windows\SYSTEM32\WINMM.dll
0x00007ffc40ff0000 - 0x00007ffc40ffa000 	C:\Windows\SYSTEM32\VERSION.dll
0x00007ffc49e30000 - 0x00007ffc49e9b000 	C:\Windows\System32\WS2_32.dll
0x00007ffc474d0000 - 0x00007ffc474e2000 	C:\Windows\SYSTEM32\kernel.appcore.dll
0x00007ffc44cd0000 - 0x00007ffc44ce1000 	C:\Program Files\Android\Android Studio\jre\bin\verify.dll
0x00007ffc3e9a0000 - 0x00007ffc3eb84000 	C:\Windows\SYSTEM32\DBGHELP.DLL
0x00007ffc2ce90000 - 0x00007ffc2cebc000 	C:\Windows\SYSTEM32\dbgcore.DLL
0x00007ffc49510000 - 0x00007ffc49590000 	C:\Windows\System32\bcryptPrimitives.dll
0x00007ffc44c60000 - 0x00007ffc44c89000 	C:\Program Files\Android\Android Studio\jre\bin\java.dll
0x00007ffc44cc0000 - 0x00007ffc44ccb000 	C:\Program Files\Android\Android Studio\jre\bin\jimage.dll
0x00007ffc3d0b0000 - 0x00007ffc3d0c8000 	C:\Program Files\Android\Android Studio\jre\bin\zip.dll
0x00007ffc4a110000 - 0x00007ffc4a852000 	C:\Windows\System32\SHELL32.dll
0x00007ffc47640000 - 0x00007ffc47dd0000 	C:\Windows\SYSTEM32\windows.storage.dll
0x00007ffc4ab00000 - 0x00007ffc4ae55000 	C:\Windows\System32\combase.dll
0x00007ffc48f80000 - 0x00007ffc48fac000 	C:\Windows\SYSTEM32\Wldp.dll
0x00007ffc49ea0000 - 0x00007ffc49f4e000 	C:\Windows\System32\SHCORE.dll
0x00007ffc4b640000 - 0x00007ffc4b695000 	C:\Windows\System32\shlwapi.dll
0x00007ffc49450000 - 0x00007ffc4946f000 	C:\Windows\SYSTEM32\profapi.dll
0x00007ffc3c750000 - 0x00007ffc3c76a000 	C:\Program Files\Android\Android Studio\jre\bin\net.dll
0x00007ffc3f720000 - 0x00007ffc3f82b000 	C:\Windows\SYSTEM32\WINHTTP.dll
0x00007ffc48cf0000 - 0x00007ffc48d5a000 	C:\Windows\system32\mswsock.dll
0x00007ffc38680000 - 0x00007ffc38694000 	C:\Program Files\Android\Android Studio\jre\bin\nio.dll
0x00007ffc3c700000 - 0x00007ffc3c727000 	C:\Users\cient\.gradle\native\f6784746aeab05261644944871eae4fe03e0ef1612fff0a4a95f87b438bc6780\windows-amd64\native-platform.dll
0x00007ffc44cb0000 - 0x00007ffc44cba000 	C:\Program Files\Android\Android Studio\jre\bin\management.dll
0x00007ffc44c50000 - 0x00007ffc44c5c000 	C:\Program Files\Android\Android Studio\jre\bin\management_ext.dll
0x00007ffc48ec0000 - 0x00007ffc48ed8000 	C:\Windows\SYSTEM32\CRYPTSP.dll
0x00007ffc48620000 - 0x00007ffc48654000 	C:\Windows\system32\rsaenh.dll
0x00007ffc495f0000 - 0x00007ffc49617000 	C:\Windows\System32\bcrypt.dll
0x00007ffc493d0000 - 0x00007ffc493fe000 	C:\Windows\SYSTEM32\USERENV.dll
0x00007ffc48ee0000 - 0x00007ffc48eec000 	C:\Windows\SYSTEM32\CRYPTBASE.dll
0x00007ffc48990000 - 0x00007ffc489cb000 	C:\Windows\SYSTEM32\IPHLPAPI.DLL
0x00007ffc4b430000 - 0x00007ffc4b438000 	C:\Windows\System32\NSI.dll
0x00007ffc3ec80000 - 0x00007ffc3ec97000 	C:\Windows\SYSTEM32\dhcpcsvc6.DLL
0x00007ffc3ec50000 - 0x00007ffc3ec6d000 	C:\Windows\SYSTEM32\dhcpcsvc.DLL
0x00007ffc489d0000 - 0x00007ffc48a9c000 	C:\Windows\SYSTEM32\DNSAPI.dll
0x00007ffc3ec70000 - 0x00007ffc3ec7b000 	C:\Windows\SYSTEM32\WINNSI.DLL
0x00007ffc23b20000 - 0x00007ffc23cc2000 	C:\Program Files\Android\Android Studio\jre\bin\awt.dll
0x00007ffc4b440000 - 0x00007ffc4b50d000 	C:\Windows\System32\OLEAUT32.dll
0x00007ffc46f00000 - 0x00007ffc46f2f000 	C:\Windows\SYSTEM32\dwmapi.dll
0x00007ffc46820000 - 0x00007ffc468b0000 	C:\Windows\SYSTEM32\apphelp.dll
0x00007ffc46c00000 - 0x00007ffc46c9e000 	C:\Windows\system32\uxtheme.dll
0x00007ffc33250000 - 0x00007ffc33277000 	C:\Program Files\Android\Android Studio\jre\bin\sunec.dll
0x00007ffc3bbf0000 - 0x00007ffc3bbfa000 	C:\Windows\System32\rasadhlp.dll
0x00007ffc3c4b0000 - 0x00007ffc3c52f000 	C:\Windows\System32\fwpuclnt.dll

dbghelp: loaded successfully - version: 4.0.5 - missing functions: none
symbol engine: initialized successfully - sym options: 0x614 - pdb path: .;C:\Program Files\Android\Android Studio\jre\bin;C:\Windows\SYSTEM32;C:\Windows\WinSxS\amd64_microsoft.windows.common-controls_6595b64144ccf1df_6.0.19041.844_none_ca00b6081b84eb1d;C:\Program Files\Android\Android Studio\jre\bin\server;C:\Users\cient\.gradle\native\f6784746aeab05261644944871eae4fe03e0ef1612fff0a4a95f87b438bc6780\windows-amd64

VM Arguments:
jvm_args: --add-opens=java.base/java.util=ALL-UNNAMED --add-opens=java.base/java.lang=ALL-UNNAMED --add-opens=java.base/java.lang.invoke=ALL-UNNAMED --add-opens=java.prefs/java.util.prefs=ALL-UNNAMED -Xmx2048m -Dfile.encoding=UTF-8 -Duser.country=PT -Duser.language=pt -Duser.variant 
java_command: org.gradle.launcher.daemon.bootstrap.GradleDaemon 6.5
java_class_path (initial): C:\Users\cient\.gradle\wrapper\dists\gradle-6.5-bin\6nifqtx7604sqp1q6g8wikw7p\gradle-6.5\lib\gradle-launcher-6.5.jar
Launcher Type: SUN_STANDARD

[Global flags]
     intx CICompilerCount                          = 3                                         {product} {ergonomic}
     uint ConcGCThreads                            = 1                                         {product} {ergonomic}
     uint G1ConcRefinementThreads                  = 4                                         {product} {ergonomic}
   size_t G1HeapRegionSize                         = 1048576                                   {product} {ergonomic}
    uintx GCDrainStackTargetSize                   = 64                                        {product} {ergonomic}
   size_t InitialHeapSize                          = 113246208                                 {product} {ergonomic}
   size_t MarkStackSize                            = 4194304                                   {product} {ergonomic}
   size_t MaxHeapSize                              = 2147483648                                {product} {command line}
   size_t MaxNewSize                               = 1287651328                                {product} {ergonomic}
   size_t MinHeapDeltaBytes                        = 1048576                                   {product} {ergonomic}
    uintx NonNMethodCodeHeapSize                   = 5830732                                {pd product} {ergonomic}
    uintx NonProfiledCodeHeapSize                  = 122913754                              {pd product} {ergonomic}
    uintx ProfiledCodeHeapSize                     = 122913754                              {pd product} {ergonomic}
    uintx ReservedCodeCacheSize                    = 251658240                              {pd product} {ergonomic}
     bool SegmentedCodeCache                       = true                                      {product} {ergonomic}
     bool UseCompressedClassPointers               = true                                 {lp64_product} {ergonomic}
     bool UseCompressedOops                        = true                                 {lp64_product} {ergonomic}
     bool UseG1GC                                  = true                                      {product} {ergonomic}
     bool UseLargePagesIndividualAllocation        = false                                  {pd product} {ergonomic}

Logging:
Log output configuration:
 #0: stdout all=warning uptime,level,tags
 #1: stderr all=off uptime,level,tags

Environment Variables:
PATH=C:\Program Files\Microsoft MPI\Bin\;C:\Windows\system32;C:\Windows;C:\Windows\System32\Wbem;C:\Windows\System32\WindowsPowerShell\v1.0\;C:\Program Files (x86)\ATI Technologies\ATI.ACE\Core-Static;C:\Program Files\Git\cmd;C:\Program Files\dotnet\;C:\Program Files\Microsoft SQL Server\130\Tools\Binn\;C:\Windows\System32\OpenSSH\;C:\Windows\system32\config\systemprofile\.dnx\bin;C:\Program Files\Microsoft DNX\Dnvm\;C:\Program Files\Microsoft SQL Server\120\Tools\Binn\;C:\Program Files\Microsoft\Web Platform Installer\;C:\Users\cient\AppData\Local\Microsoft\WindowsApps;C:\Users\cient\AppData\Local\GitHubDesktop\bin;C:\Users\cient\.dotnet\tools
USERNAME=cient
OS=Windows_NT
PROCESSOR_IDENTIFIER=Intel64 Family 6 Model 42 Stepping 7, GenuineIntel



---------------  S Y S T E M  ---------------

OS: Windows 10 , 64 bit Build 19041 (10.0.19041.928)
OS uptime: 0 days 11:26 hours

CPU:total 4 (initial active 4) (2 cores per cpu, 2 threads per core) family 6 model 42 stepping 7, cmov, cx8, fxsr, mmx, sse, sse2, sse3, ssse3, sse4.1, sse4.2, popcnt, avx, aes, clmul, ht, tsc, tscinvbit

Memory: 4k page, system-wide physical 6852M (545M free)
TotalPageFile size 10948M (AvailPageFile size 1M)
current process WorkingSet (physical memory assigned to process): 432M, peak: 615M
current process commit charge ("private bytes"): 755M, peak: 787M

vm_info: OpenJDK 64-Bit Server VM (11.0.8+10-b944.6842174) for windows-amd64 JRE (11.0.8+10-b944.6842174), built on Sep 19 2020 01:11:42 by "builder" with MS VC++ 14.0 (VS2015)

END.
