#
# There is insufficient memory for the Java Runtime Environment to continue.
# Native memory allocation (mmap) failed to map 339738624 bytes for Failed to commit area from 0x0000000094400000 to 0x00000000a8800000 of length 339738624.
# Possible reasons:
#   The system is out of physical RAM or swap space
#   The process is running with CompressedOops enabled, and the Java Heap may be blocking the growth of the native heap
# Possible solutions:
#   Reduce memory load on the system
#   Increase physical memory or swap space
#   Check if swap backing store is full
#   Decrease Java heap size (-Xmx/-Xms)
#   Decrease number of Java threads
#   Decrease Java thread stack sizes (-Xss)
#   Set larger code cache with -XX:ReservedCodeCacheSize=
#   JVM is running with Unscaled Compressed Oops mode in which the Java heap is
#     placed in the first 4GB address space. The Java Heap base address is the
#     maximum limit for the native heap growth. Please use -XX:HeapBaseMinAddress
#     to set the Java Heap base and to place the Java Heap above 4GB virtual address.
# This output file may be truncated or incomplete.
#
#  Out of Memory Error (./src/hotspot/os/windows/os_windows.cpp:3303), pid=6308, tid=11824
#
# JRE version: OpenJDK Runtime Environment (11.0.8+10) (build 11.0.8+10-b944.6842174)
# Java VM: OpenJDK 64-Bit Server VM (11.0.8+10-b944.6842174, mixed mode, tiered, compressed oops, g1 gc, windows-amd64)
# No core dump will be written. Minidumps are not enabled by default on client versions of Windows
#

---------------  S U M M A R Y ------------

Command Line: --add-opens=java.base/java.util=ALL-UNNAMED --add-opens=java.base/java.lang=ALL-UNNAMED --add-opens=java.base/java.lang.invoke=ALL-UNNAMED --add-opens=java.prefs/java.util.prefs=ALL-UNNAMED -Xmx2048m -Dfile.encoding=UTF-8 -Duser.country=PT -Duser.language=pt -Duser.variant org.gradle.launcher.daemon.bootstrap.GradleDaemon 6.5

Host: Intel(R) Core(TM) i5-2410M CPU @ 2.30GHz, 4 cores, 6G,  Windows 10 , 64 bit Build 19041 (10.0.19041.928)
Time: Tue May 11 00:29:08 2021 Hor. Padrão Centro-oeste África elapsed time: 2607 seconds (0d 0h 43m 27s)

---------------  T H R E A D  ---------------

Current thread (0x000002246b196000):  VMThread "VM Thread" [stack: 0x0000005bf2200000,0x0000005bf2300000] [id=11824]

Stack: [0x0000005bf2200000,0x0000005bf2300000]
[error occurred during error reporting (printing stack bounds), id 0xc0000005, EXCEPTION_ACCESS_VIOLATION (0xc0000005) at pc=0x0000022454990dad]

Native frames: (J=compiled Java code, j=interpreted, Vv=VM code, C=native code)
V  [jvm.dll+0x5de50a]
V  [jvm.dll+0x7122f5]
V  [jvm.dll+0x71384d]
V  [jvm.dll+0x713e65]
V  [jvm.dll+0x713e1b]
V  [jvm.dll+0x5dd958]
V  [jvm.dll+0x5de0f8]
C  [ntdll.dll+0xa217f]
C  [ntdll.dll+0x51454]
C  [ntdll.dll+0xa0cae]
C  0x0000022454990dad

VM_Operation (0x0000005bf4dfe310): G1CollectForAllocation, mode: safepoint, requested by thread 0x000002246c92b800


---------------  P R O C E S S  ---------------

Threads class SMR info:
_java_thread_list=0x0000022474e28880, length=54, elements={
0x0000022451009000, 0x000002246b19b000, 0x000002246b19c800, 0x000002246bb52800,
0x000002246b1b1800, 0x000002246b1b5800, 0x000002246b1bd800, 0x000002246b1bf800,
0x000002246bc70000, 0x000002246bc8c800, 0x000002246d424800, 0x000002246d10f000,
0x000002246d254000, 0x000002246d60d000, 0x000002246d60e800, 0x000002246d60f800,
0x000002246dd0e000, 0x000002246dd0a800, 0x000002246c931000, 0x000002247243e000,
0x000002247243b800, 0x000002247243f000, 0x000002247243d800, 0x0000022472442800,
0x000002247243c800, 0x0000022472444000, 0x0000022472446800, 0x0000022472444800,
0x0000022472443000, 0x0000022472440800, 0x0000022472447000, 0x0000022472441800,
0x0000022472448000, 0x00000224745e6800, 0x00000224745ed800, 0x00000224745f1000,
0x00000224745ed000, 0x00000224745ee800, 0x00000224745f2000, 0x00000224745ef800,
0x00000224742d9800, 0x00000224742da800, 0x000002246c92d000, 0x000002246c930000,
0x000002246c932800, 0x000002246c933800, 0x000002246c92e800, 0x000002246c92c000,
0x000002246c92e000, 0x0000022472679800, 0x000002246c92a800, 0x000002246c92b800,
0x000002246c936000, 0x000002246c936800
}

Java Threads: ( => current thread )
  0x0000022451009000 JavaThread "main" [_thread_blocked, id=14996, stack(0x0000005bf1c00000,0x0000005bf1d00000)]
  0x000002246b19b000 JavaThread "Reference Handler" daemon [_thread_blocked, id=11788, stack(0x0000005bf2300000,0x0000005bf2400000)]
  0x000002246b19c800 JavaThread "Finalizer" daemon [_thread_blocked, id=14808, stack(0x0000005bf2400000,0x0000005bf2500000)]
  0x000002246bb52800 JavaThread "Signal Dispatcher" daemon [_thread_blocked, id=10652, stack(0x0000005bf2500000,0x0000005bf2600000)]
  0x000002246b1b1800 JavaThread "Attach Listener" daemon [_thread_blocked, id=13888, stack(0x0000005bf2600000,0x0000005bf2700000)]
  0x000002246b1b5800 JavaThread "C2 CompilerThread0" daemon [_thread_blocked, id=13804, stack(0x0000005bf2700000,0x0000005bf2800000)]
  0x000002246b1bd800 JavaThread "C1 CompilerThread0" daemon [_thread_blocked, id=9240, stack(0x0000005bf2800000,0x0000005bf2900000)]
  0x000002246b1bf800 JavaThread "Sweeper thread" daemon [_thread_blocked, id=9308, stack(0x0000005bf2900000,0x0000005bf2a00000)]
  0x000002246bc70000 JavaThread "Common-Cleaner" daemon [_thread_blocked, id=8196, stack(0x0000005bf2a00000,0x0000005bf2b00000)]
  0x000002246bc8c800 JavaThread "Service Thread" daemon [_thread_blocked, id=11276, stack(0x0000005bf2b00000,0x0000005bf2c00000)]
  0x000002246d424800 JavaThread "Daemon health stats" [_thread_blocked, id=13876, stack(0x0000005bf2f00000,0x0000005bf3000000)]
  0x000002246d10f000 JavaThread "Incoming local TCP Connector on port 52376" [_thread_in_native, id=16572, stack(0x0000005bf3100000,0x0000005bf3200000)]
  0x000002246d254000 JavaThread "Daemon periodic checks" [_thread_blocked, id=10536, stack(0x0000005bf3200000,0x0000005bf3300000)]
  0x000002246d60d000 JavaThread "Cache worker for journal cache (C:\Users\cient\.gradle\caches\journal-1)" [_thread_blocked, id=4588, stack(0x0000005bf3c00000,0x0000005bf3d00000)]
  0x000002246d60e800 JavaThread "File lock request listener" [_thread_in_native, id=15640, stack(0x0000005bf3d00000,0x0000005bf3e00000)]
  0x000002246d60f800 JavaThread "Cache worker for file hash cache (C:\Users\cient\.gradle\caches\6.5\fileHashes)" [_thread_blocked, id=15204, stack(0x0000005bf3e00000,0x0000005bf3f00000)]
  0x000002246dd0e000 JavaThread "Cache worker for execution history cache (C:\Users\cient\.gradle\caches\6.5\executionHistory)" [_thread_blocked, id=9776, stack(0x0000005bf5800000,0x0000005bf5900000)]
  0x000002246dd0a800 JavaThread "Cache worker for file content cache (C:\Users\cient\.gradle\caches\6.5\fileContent)" [_thread_blocked, id=13212, stack(0x0000005bf5900000,0x0000005bf5a00000)]
  0x000002246c931000 JavaThread "Memory manager" [_thread_blocked, id=6420, stack(0x0000005bf1a00000,0x0000005bf1b00000)]
  0x000002247243e000 JavaThread "Daemon Thread 5" [_thread_blocked, id=7112, stack(0x0000005bf1b00000,0x0000005bf1c00000)]
  0x000002247243b800 JavaThread "Handler for socket connection from /127.0.0.1:52376 to /127.0.0.1:52661" [_thread_in_native, id=12692, stack(0x0000005bf2d00000,0x0000005bf2e00000)]
  0x000002247243f000 JavaThread "Cancel handler" [_thread_blocked, id=12128, stack(0x0000005bf3000000,0x0000005bf3100000)]
  0x000002247243d800 JavaThread "Daemon worker Thread 5" [_thread_blocked, id=12572, stack(0x0000005bf3300000,0x0000005bf3400000)]
  0x0000022472442800 JavaThread "Asynchronous log dispatcher for DefaultDaemonConnection: socket connection from /127.0.0.1:52376 to /127.0.0.1:52661" [_thread_blocked, id=7492, stack(0x0000005bf3400000,0x0000005bf3500000)]
  0x000002247243c800 JavaThread "Thread-470" [_thread_blocked, id=5092, stack(0x0000005bf3600000,0x0000005bf3700000)]
  0x0000022472444000 JavaThread "Cache worker for file hash cache (C:\Users\cient\Documents\Cientista\ListaNova\Ex17\.gradle\6.5\fileHashes)" [_thread_blocked, id=14700, stack(0x0000005bf3700000,0x0000005bf3800000)]
  0x0000022472446800 JavaThread "Cache worker for checksums cache (C:\Users\cient\Documents\Cientista\ListaNova\Ex17\.gradle\checksums)" [_thread_blocked, id=13740, stack(0x0000005bf3800000,0x0000005bf3900000)]
  0x0000022472444800 JavaThread "Cache worker for cache directory md-supplier (C:\Users\cient\.gradle\caches\6.5\md-supplier)" [_thread_blocked, id=14528, stack(0x0000005bf3900000,0x0000005bf3a00000)]
  0x0000022472443000 JavaThread "Cache worker for cache directory md-rule (C:\Users\cient\.gradle\caches\6.5\md-rule)" [_thread_blocked, id=17464, stack(0x0000005bf3f00000,0x0000005bf4000000)]
  0x0000022472440800 JavaThread "Build operations" [_thread_blocked, id=11820, stack(0x0000005bf4000000,0x0000005bf4100000)]
  0x0000022472447000 JavaThread "Build operations Thread 2" [_thread_blocked, id=10896, stack(0x0000005bf4100000,0x0000005bf4200000)]
  0x0000022472441800 JavaThread "Build operations Thread 3" [_thread_blocked, id=1456, stack(0x0000005bf4200000,0x0000005bf4300000)]
  0x0000022472448000 JavaThread "Build operations Thread 4" [_thread_blocked, id=13724, stack(0x0000005bf4300000,0x0000005bf4400000)]
  0x00000224745e6800 JavaThread "Cache worker for Build Output Cleanup Cache (C:\Users\cient\Documents\Cientista\ListaNova\Ex17\.gradle\buildOutputCleanup)" [_thread_blocked, id=7120, stack(0x0000005bfa200000,0x0000005bfa300000)]
  0x00000224745ed800 JavaThread "Cache worker for file content cache (C:\Users\cient\Documents\Cientista\ListaNova\Ex17\.gradle\6.5\fileContent)" [_thread_blocked, id=2608, stack(0x0000005bfa300000,0x0000005bfa400000)]
  0x00000224745f1000 JavaThread "Execution worker for ':'" [_thread_blocked, id=14728, stack(0x0000005bfa400000,0x0000005bfa500000)]
  0x00000224745ed000 JavaThread "Execution worker for ':' Thread 2" [_thread_blocked, id=17420, stack(0x0000005bfa500000,0x0000005bfa600000)]
  0x00000224745ee800 JavaThread "Execution worker for ':' Thread 3" [_thread_blocked, id=13180, stack(0x0000005bfa600000,0x0000005bfa700000)]
  0x00000224745f2000 JavaThread "Cache worker for execution history cache (C:\Users\cient\Documents\Cientista\ListaNova\Ex17\.gradle\6.5\executionHistory)" [_thread_blocked, id=7936, stack(0x0000005bfa700000,0x0000005bfa800000)]
  0x00000224745ef800 JavaThread "WorkerExecutor Queue" [_thread_blocked, id=18260, stack(0x0000005bfa800000,0x0000005bfa900000)]
  0x00000224742d9800 JavaThread "WorkerExecutor Queue Thread 3" [_thread_blocked, id=8832, stack(0x0000005bfaa00000,0x0000005bfab00000)]
  0x00000224742da800 JavaThread "Java2D Disposer" daemon [_thread_blocked, id=1776, stack(0x0000005bfae00000,0x0000005bfaf00000)]
  0x000002246c92d000 JavaThread "pool-12-thread-1" [_thread_blocked, id=15832, stack(0x0000005bf4400000,0x0000005bf4500000)]
  0x000002246c930000 JavaThread "stderr" [_thread_in_native, id=10988, stack(0x0000005bf4700000,0x0000005bf4800000)]
  0x000002246c932800 JavaThread "stdout" [_thread_in_native, id=9612, stack(0x0000005bf4c00000,0x0000005bf4d00000)]
  0x000002246c933800 JavaThread "WorkerExecutor Queue Thread 5" [_thread_blocked, id=3176, stack(0x0000005bf3500000,0x0000005bf3600000)]
  0x000002246c92e800 JavaThread "Cache worker for Java compile cache (C:\Users\cient\.gradle\caches\6.5\javaCompile)" [_thread_blocked, id=1296, stack(0x0000005bf4800000,0x0000005bf4900000)]
  0x000002246c92c000 JavaThread "Cache worker for Java compile cache (C:\Users\cient\Documents\Cientista\ListaNova\Ex17\.gradle\6.5\javaCompile)" [_thread_blocked, id=10008, stack(0x0000005bf4900000,0x0000005bf4a00000)]
  0x000002246c92e000 JavaThread "WorkerExecutor Queue Thread 6" [_thread_blocked, id=18040, stack(0x0000005bf4600000,0x0000005bf4700000)]
  0x0000022472679800 JavaThread "C2 CompilerThread1" daemon [_thread_blocked, id=11412, stack(0x0000005bf4a00000,0x0000005bf4b00000)]
  0x000002246c92a800 JavaThread "ForkJoinPool-8-worker-3" daemon [_thread_blocked, id=11972, stack(0x0000005bf4b00000,0x0000005bf4c00000)]
  0x000002246c92b800 JavaThread "ForkJoinPool-8-worker-5" daemon [_thread_blocked, id=18304, stack(0x0000005bf4d00000,0x0000005bf4e00000)]
  0x000002246c936000 JavaThread "ForkJoinPool-8-worker-7" daemon [_thread_blocked, id=15208, stack(0x0000005bf4e00000,0x0000005bf4f00000)]
  0x000002246c936800 JavaThread "ForkJoinPool-8-worker-1" daemon [_thread_blocked, id=13140, stack(0x0000005bf4f00000,0x0000005bf5000000)]

Other Threads:
=>0x000002246b196000 VMThread "VM Thread" [stack: 0x0000005bf2200000,0x0000005bf2300000] [id=11824]
  0x000002246bc8f000 WatcherThread [stack: 0x0000005bf2c00000,0x0000005bf2d00000] [id=11624]
  0x0000022451021800 GCTaskThread "GC Thread#0" [stack: 0x0000005bf1d00000,0x0000005bf1e00000] [id=11524]
  0x000002246c522000 GCTaskThread "GC Thread#1" [stack: 0x0000005bf2e00000,0x0000005bf2f00000] [id=17488]
  0x000002246de29800 GCTaskThread "GC Thread#2" [stack: 0x0000005bf3a00000,0x0000005bf3b00000] [id=10216]
  0x000002246de06800 GCTaskThread "GC Thread#3" [stack: 0x0000005bf3b00000,0x0000005bf3c00000] [id=18292]
  0x0000022451054800 ConcurrentGCThread "G1 Main Marker" [stack: 0x0000005bf1e00000,0x0000005bf1f00000] [id=12412]
  0x0000022451056800 ConcurrentGCThread "G1 Conc#0" [stack: 0x0000005bf1f00000,0x0000005bf2000000] [id=12260]
  0x00000224510ce000 ConcurrentGCThread "G1 Refine#0" [stack: 0x0000005bf2000000,0x0000005bf2100000] [id=11868]
  0x000002247466a000 ConcurrentGCThread "G1 Refine#1" [stack: 0x0000005bf1900000,0x0000005bf1a00000] [id=1672]
  0x00000224510cf000 ConcurrentGCThread "G1 Young RemSet Sampling" [stack: 0x0000005bf2100000,0x0000005bf2200000] [id=4276]

Threads with active compile tasks:
C2 CompilerThread02607528 22184       4       com.android.tools.r8.t.a.a.a.h.V0::g (323 bytes)
C1 CompilerThread02607528 22196       3       com.android.tools.r8.dex.r::b (204 bytes)
C2 CompilerThread12607528 22192       4       java.util.ArrayList$SubList::toArray (79 bytes)

VM state:at safepoint (normal execution)

VM Mutex/Monitor currently owned by a thread:  ([mutex/lock_event])
[0x0000022451005fe0] Threads_lock - owner thread: 0x000002246b196000
[0x0000022451006460] Heap_lock - owner thread: 0x000002246c92b800

Heap address: 0x0000000080000000, size: 2048 MB, Compressed Oops mode: 32-bit
Narrow klass base: 0x0000000000000000, Narrow klass shift: 3
Compressed class space size: 1073741824 Address: 0x0000000100000000

Heap:
 garbage-first heap   total 663552K, used 167168K [0x0000000080000000, 0x0000000100000000)
  region size 1024K, 5 young (5120K), 5 survivors (5120K)
 Metaspace       used 126874K, capacity 130574K, committed 130972K, reserved 1163264K
  class space    used 15670K, capacity 16954K, committed 17132K, reserved 1048576K
Heap Regions: E=young(eden), S=young(survivor), O=old, HS=humongous(starts), HC=humongous(continues), CS=collection set, F=free, A=archive, TAMS=top-at-mark-start (previous, next)
|   0|0x0000000080000000, 0x0000000080100000, 0x0000000080100000|100%| O|  |TAMS 0x0000000080100000, 0x0000000080100000| Untracked 
|   1|0x0000000080100000, 0x0000000080200000, 0x0000000080200000|100%| O|  |TAMS 0x0000000080200000, 0x0000000080200000| Untracked 
|   2|0x0000000080200000, 0x0000000080300000, 0x0000000080300000|100%| O|  |TAMS 0x0000000080300000, 0x0000000080300000| Untracked 
|   3|0x0000000080300000, 0x0000000080400000, 0x0000000080400000|100%|HS|  |TAMS 0x0000000080400000, 0x0000000080400000| Complete 
|   4|0x0000000080400000, 0x0000000080500000, 0x0000000080500000|100%|HC|  |TAMS 0x0000000080500000, 0x0000000080500000| Complete 
|   5|0x0000000080500000, 0x0000000080600000, 0x0000000080600000|100%|HC|  |TAMS 0x0000000080600000, 0x0000000080600000| Complete 
|   6|0x0000000080600000, 0x0000000080700000, 0x0000000080700000|100%| O|  |TAMS 0x0000000080700000, 0x0000000080700000| Untracked 
|   7|0x0000000080700000, 0x0000000080800000, 0x0000000080800000|100%| O|  |TAMS 0x0000000080800000, 0x0000000080800000| Untracked 
|   8|0x0000000080800000, 0x0000000080900000, 0x0000000080900000|100%| O|  |TAMS 0x0000000080900000, 0x0000000080900000| Untracked 
|   9|0x0000000080900000, 0x0000000080a00000, 0x0000000080a00000|100%| O|  |TAMS 0x0000000080a00000, 0x0000000080a00000| Untracked 
|  10|0x0000000080a00000, 0x0000000080b00000, 0x0000000080b00000|100%| O|  |TAMS 0x0000000080b00000, 0x0000000080b00000| Untracked 
|  11|0x0000000080b00000, 0x0000000080c00000, 0x0000000080c00000|100%| O|  |TAMS 0x0000000080c00000, 0x0000000080c00000| Untracked 
|  12|0x0000000080c00000, 0x0000000080d00000, 0x0000000080d00000|100%| O|  |TAMS 0x0000000080d00000, 0x0000000080d00000| Untracked 
|  13|0x0000000080d00000, 0x0000000080e00000, 0x0000000080e00000|100%|HS|  |TAMS 0x0000000080e00000, 0x0000000080e00000| Complete 
|  14|0x0000000080e00000, 0x0000000080f00000, 0x0000000080f00000|100%|HC|  |TAMS 0x0000000080f00000, 0x0000000080f00000| Complete 
|  15|0x0000000080f00000, 0x0000000081000000, 0x0000000081000000|100%|HS|  |TAMS 0x0000000081000000, 0x0000000081000000| Complete 
|  16|0x0000000081000000, 0x0000000081100000, 0x0000000081100000|100%|HC|  |TAMS 0x0000000081100000, 0x0000000081100000| Complete 
|  17|0x0000000081100000, 0x0000000081200000, 0x0000000081200000|100%|HC|  |TAMS 0x0000000081200000, 0x0000000081200000| Complete 
|  18|0x0000000081200000, 0x0000000081300000, 0x0000000081300000|100%|HS|  |TAMS 0x0000000081300000, 0x0000000081300000| Complete 
|  19|0x0000000081300000, 0x0000000081400000, 0x0000000081400000|100%|HC|  |TAMS 0x0000000081400000, 0x0000000081400000| Complete 
|  20|0x0000000081400000, 0x0000000081500000, 0x0000000081500000|100%|HC|  |TAMS 0x0000000081500000, 0x0000000081500000| Complete 
|  21|0x0000000081500000, 0x0000000081600000, 0x0000000081600000|100%|HC|  |TAMS 0x0000000081600000, 0x0000000081600000| Complete 
|  22|0x0000000081600000, 0x0000000081700000, 0x0000000081700000|100%| O|  |TAMS 0x0000000081700000, 0x0000000081700000| Untracked 
|  23|0x0000000081700000, 0x0000000081800000, 0x0000000081800000|100%| O|  |TAMS 0x0000000081800000, 0x0000000081800000| Untracked 
|  24|0x0000000081800000, 0x0000000081900000, 0x0000000081900000|100%| O|  |TAMS 0x0000000081900000, 0x0000000081900000| Untracked 
|  25|0x0000000081900000, 0x0000000081a00000, 0x0000000081a00000|100%| O|  |TAMS 0x0000000081a00000, 0x0000000081a00000| Untracked 
|  26|0x0000000081a00000, 0x0000000081b00000, 0x0000000081b00000|100%| O|  |TAMS 0x0000000081b00000, 0x0000000081b00000| Untracked 
|  27|0x0000000081b00000, 0x0000000081c00000, 0x0000000081c00000|100%| O|  |TAMS 0x0000000081c00000, 0x0000000081c00000| Untracked 
|  28|0x0000000081c00000, 0x0000000081d00000, 0x0000000081d00000|100%| O|  |TAMS 0x0000000081d00000, 0x0000000081d00000| Untracked 
|  29|0x0000000081d00000, 0x0000000081e00000, 0x0000000081e00000|100%| O|  |TAMS 0x0000000081e00000, 0x0000000081e00000| Untracked 
|  30|0x0000000081e00000, 0x0000000081f00000, 0x0000000081f00000|100%| O|  |TAMS 0x0000000081f00000, 0x0000000081f00000| Untracked 
|  31|0x0000000081f00000, 0x0000000082000000, 0x0000000082000000|100%| O|  |TAMS 0x0000000082000000, 0x0000000082000000| Untracked 
|  32|0x0000000082000000, 0x0000000082100000, 0x0000000082100000|100%|HS|  |TAMS 0x0000000082100000, 0x0000000082100000| Complete 
|  33|0x0000000082100000, 0x0000000082200000, 0x0000000082200000|100%|HS|  |TAMS 0x0000000082200000, 0x0000000082200000| Complete 
|  34|0x0000000082200000, 0x0000000082300000, 0x0000000082300000|100%|HC|  |TAMS 0x0000000082300000, 0x0000000082300000| Complete 
|  35|0x0000000082300000, 0x0000000082400000, 0x0000000082400000|100%| O|  |TAMS 0x0000000082400000, 0x0000000082400000| Untracked 
|  36|0x0000000082400000, 0x0000000082500000, 0x0000000082500000|100%| O|  |TAMS 0x0000000082500000, 0x0000000082500000| Untracked 
|  37|0x0000000082500000, 0x0000000082600000, 0x0000000082600000|100%| O|  |TAMS 0x0000000082600000, 0x0000000082600000| Untracked 
|  38|0x0000000082600000, 0x0000000082700000, 0x0000000082700000|100%| O|  |TAMS 0x0000000082700000, 0x0000000082700000| Untracked 
|  39|0x0000000082700000, 0x0000000082800000, 0x0000000082800000|100%| O|  |TAMS 0x0000000082800000, 0x0000000082800000| Untracked 
|  40|0x0000000082800000, 0x0000000082900000, 0x0000000082900000|100%| O|  |TAMS 0x0000000082900000, 0x0000000082900000| Untracked 
|  41|0x0000000082900000, 0x0000000082a00000, 0x0000000082a00000|100%| O|  |TAMS 0x0000000082a00000, 0x0000000082a00000| Untracked 
|  42|0x0000000082a00000, 0x0000000082b00000, 0x0000000082b00000|100%| O|  |TAMS 0x0000000082b00000, 0x0000000082b00000| Untracked 
|  43|0x0000000082b00000, 0x0000000082c00000, 0x0000000082c00000|100%| O|  |TAMS 0x0000000082c00000, 0x0000000082c00000| Untracked 
|  44|0x0000000082c00000, 0x0000000082d00000, 0x0000000082d00000|100%| O|  |TAMS 0x0000000082d00000, 0x0000000082d00000| Untracked 
|  45|0x0000000082d00000, 0x0000000082e00000, 0x0000000082e00000|100%| O|  |TAMS 0x0000000082e00000, 0x0000000082e00000| Untracked 
|  46|0x0000000082e00000, 0x0000000082e00000, 0x0000000082f00000|  0%| F|  |TAMS 0x0000000082e00000, 0x0000000082e00000| Untracked 
|  47|0x0000000082f00000, 0x0000000083000000, 0x0000000083000000|100%|HS|  |TAMS 0x0000000082f00000, 0x0000000083000000| Complete 
|  48|0x0000000083000000, 0x0000000083100000, 0x0000000083100000|100%| O|  |TAMS 0x0000000083100000, 0x0000000083100000| Untracked 
|  49|0x0000000083100000, 0x0000000083200000, 0x0000000083200000|100%| O|  |TAMS 0x0000000083200000, 0x0000000083200000| Untracked 
|  50|0x0000000083200000, 0x0000000083300000, 0x0000000083300000|100%| O|  |TAMS 0x0000000083300000, 0x0000000083300000| Untracked 
|  51|0x0000000083300000, 0x0000000083400000, 0x0000000083400000|100%| O|  |TAMS 0x0000000083400000, 0x0000000083400000| Untracked 
|  52|0x0000000083400000, 0x0000000083500000, 0x0000000083500000|100%| O|  |TAMS 0x0000000083500000, 0x0000000083500000| Untracked 
|  53|0x0000000083500000, 0x0000000083600000, 0x0000000083600000|100%| O|  |TAMS 0x0000000083600000, 0x0000000083600000| Untracked 
|  54|0x0000000083600000, 0x0000000083700000, 0x0000000083700000|100%| O|  |TAMS 0x0000000083700000, 0x0000000083700000| Untracked 
|  55|0x0000000083700000, 0x0000000083800000, 0x0000000083800000|100%| O|  |TAMS 0x0000000083800000, 0x0000000083800000| Untracked 
|  56|0x0000000083800000, 0x0000000083900000, 0x0000000083900000|100%| O|  |TAMS 0x0000000083900000, 0x0000000083900000| Untracked 
|  57|0x0000000083900000, 0x0000000083a00000, 0x0000000083a00000|100%| O|  |TAMS 0x0000000083a00000, 0x0000000083a00000| Untracked 
|  58|0x0000000083a00000, 0x0000000083a00000, 0x0000000083b00000|  0%| F|  |TAMS 0x0000000083a00000, 0x0000000083a00000| Untracked 
|  59|0x0000000083b00000, 0x0000000083c00000, 0x0000000083c00000|100%| O|  |TAMS 0x0000000083c00000, 0x0000000083c00000| Untracked 
|  60|0x0000000083c00000, 0x0000000083d00000, 0x0000000083d00000|100%| O|  |TAMS 0x0000000083d00000, 0x0000000083d00000| Untracked 
|  61|0x0000000083d00000, 0x0000000083e00000, 0x0000000083e00000|100%| O|  |TAMS 0x0000000083e00000, 0x0000000083e00000| Untracked 
|  62|0x0000000083e00000, 0x0000000083f00000, 0x0000000083f00000|100%| O|  |TAMS 0x0000000083f00000, 0x0000000083f00000| Untracked 
|  63|0x0000000083f00000, 0x0000000084000000, 0x0000000084000000|100%| O|  |TAMS 0x0000000084000000, 0x0000000084000000| Untracked 
|  64|0x0000000084000000, 0x0000000084100000, 0x0000000084100000|100%| O|  |TAMS 0x0000000084100000, 0x0000000084100000| Untracked 
|  65|0x0000000084100000, 0x0000000084200000, 0x0000000084200000|100%| O|  |TAMS 0x0000000084200000, 0x0000000084200000| Untracked 
|  66|0x0000000084200000, 0x0000000084300000, 0x0000000084300000|100%| O|  |TAMS 0x0000000084200000, 0x0000000084300000| Untracked 
|  67|0x0000000084300000, 0x0000000084400000, 0x0000000084400000|100%| O|  |TAMS 0x0000000084400000, 0x0000000084400000| Untracked 
|  68|0x0000000084400000, 0x0000000084400000, 0x0000000084500000|  0%| F|  |TAMS 0x0000000084400000, 0x0000000084400000| Untracked 
|  69|0x0000000084500000, 0x0000000084500000, 0x0000000084600000|  0%| F|  |TAMS 0x0000000084500000, 0x0000000084500000| Untracked 
|  70|0x0000000084600000, 0x0000000084700000, 0x0000000084700000|100%| O|  |TAMS 0x0000000084600000, 0x0000000084700000| Untracked 
|  71|0x0000000084700000, 0x0000000084800000, 0x0000000084800000|100%| O|  |TAMS 0x0000000084800000, 0x0000000084800000| Untracked 
|  72|0x0000000084800000, 0x0000000084900000, 0x0000000084900000|100%| O|  |TAMS 0x0000000084900000, 0x0000000084900000| Untracked 
|  73|0x0000000084900000, 0x0000000084a00000, 0x0000000084a00000|100%| O|  |TAMS 0x0000000084a00000, 0x0000000084a00000| Untracked 
|  74|0x0000000084a00000, 0x0000000084b00000, 0x0000000084b00000|100%| O|  |TAMS 0x0000000084b00000, 0x0000000084b00000| Untracked 
|  75|0x0000000084b00000, 0x0000000084c00000, 0x0000000084c00000|100%| O|  |TAMS 0x0000000084c00000, 0x0000000084c00000| Untracked 
|  76|0x0000000084c00000, 0x0000000084d00000, 0x0000000084d00000|100%| O|  |TAMS 0x0000000084d00000, 0x0000000084d00000| Untracked 
|  77|0x0000000084d00000, 0x0000000084d00000, 0x0000000084e00000|  0%| F|  |TAMS 0x0000000084d00000, 0x0000000084d00000| Untracked 
|  78|0x0000000084e00000, 0x0000000084f00000, 0x0000000084f00000|100%| O|  |TAMS 0x0000000084f00000, 0x0000000084f00000| Untracked 
|  79|0x0000000084f00000, 0x0000000085000000, 0x0000000085000000|100%| O|  |TAMS 0x0000000085000000, 0x0000000085000000| Untracked 
|  80|0x0000000085000000, 0x0000000085100000, 0x0000000085100000|100%| O|  |TAMS 0x0000000085100000, 0x0000000085100000| Untracked 
|  81|0x0000000085100000, 0x0000000085200000, 0x0000000085200000|100%| O|  |TAMS 0x0000000085100000, 0x0000000085200000| Untracked 
|  82|0x0000000085200000, 0x0000000085200000, 0x0000000085300000|  0%| F|  |TAMS 0x0000000085200000, 0x0000000085200000| Untracked 
|  83|0x0000000085300000, 0x0000000085400000, 0x0000000085400000|100%| O|  |TAMS 0x0000000085400000, 0x0000000085400000| Untracked 
|  84|0x0000000085400000, 0x0000000085400000, 0x0000000085500000|  0%| F|  |TAMS 0x0000000085400000, 0x0000000085400000| Untracked 
|  85|0x0000000085500000, 0x0000000085600000, 0x0000000085600000|100%| O|  |TAMS 0x0000000085600000, 0x0000000085600000| Untracked 
|  86|0x0000000085600000, 0x0000000085700000, 0x0000000085700000|100%| O|  |TAMS 0x0000000085700000, 0x0000000085700000| Untracked 
|  87|0x0000000085700000, 0x0000000085700000, 0x0000000085800000|  0%| F|  |TAMS 0x0000000085700000, 0x0000000085700000| Untracked 
|  88|0x0000000085800000, 0x0000000085900000, 0x0000000085900000|100%| O|  |TAMS 0x0000000085900000, 0x0000000085900000| Untracked 
|  89|0x0000000085900000, 0x0000000085a00000, 0x0000000085a00000|100%| O|  |TAMS 0x0000000085a00000, 0x0000000085a00000| Untracked 
|  90|0x0000000085a00000, 0x0000000085a00000, 0x0000000085b00000|  0%| F|  |TAMS 0x0000000085a00000, 0x0000000085a00000| Untracked 
|  91|0x0000000085b00000, 0x0000000085c00000, 0x0000000085c00000|100%| O|  |TAMS 0x0000000085b00000, 0x0000000085c00000| Untracked 
|  92|0x0000000085c00000, 0x0000000085d00000, 0x0000000085d00000|100%| O|  |TAMS 0x0000000085d00000, 0x0000000085d00000| Untracked 
|  93|0x0000000085d00000, 0x0000000085e00000, 0x0000000085e00000|100%| O|  |TAMS 0x0000000085e00000, 0x0000000085e00000| Untracked 
|  94|0x0000000085e00000, 0x0000000085e00000, 0x0000000085f00000|  0%| F|  |TAMS 0x0000000085e00000, 0x0000000085e00000| Untracked 
|  95|0x0000000085f00000, 0x0000000086000000, 0x0000000086000000|100%| O|  |TAMS 0x0000000085f00000, 0x0000000086000000| Untracked 
|  96|0x0000000086000000, 0x0000000086100000, 0x0000000086100000|100%| O|  |TAMS 0x0000000086100000, 0x0000000086100000| Untracked 
|  97|0x0000000086100000, 0x0000000086200000, 0x0000000086200000|100%| O|  |TAMS 0x0000000086100000, 0x0000000086200000| Untracked 
|  98|0x0000000086200000, 0x0000000086300000, 0x0000000086300000|100%| O|  |TAMS 0x0000000086200000, 0x0000000086300000| Untracked 
|  99|0x0000000086300000, 0x0000000086300000, 0x0000000086400000|  0%| F|  |TAMS 0x0000000086300000, 0x0000000086300000| Untracked 
| 100|0x0000000086400000, 0x0000000086400000, 0x0000000086500000|  0%| F|  |TAMS 0x0000000086400000, 0x0000000086400000| Untracked 
| 101|0x0000000086500000, 0x0000000086500000, 0x0000000086600000|  0%| F|  |TAMS 0x0000000086500000, 0x0000000086500000| Untracked 
| 102|0x0000000086600000, 0x0000000086700000, 0x0000000086700000|100%| O|  |TAMS 0x0000000086600000, 0x0000000086700000| Untracked 
| 103|0x0000000086700000, 0x0000000086800000, 0x0000000086800000|100%| O|  |TAMS 0x0000000086800000, 0x0000000086800000| Untracked 
| 104|0x0000000086800000, 0x0000000086900000, 0x0000000086900000|100%| O|  |TAMS 0x0000000086900000, 0x0000000086900000| Untracked 
| 105|0x0000000086900000, 0x0000000086900000, 0x0000000086a00000|  0%| F|  |TAMS 0x0000000086900000, 0x0000000086900000| Untracked 
| 106|0x0000000086a00000, 0x0000000086b00000, 0x0000000086b00000|100%| O|  |TAMS 0x0000000086b00000, 0x0000000086b00000| Untracked 
| 107|0x0000000086b00000, 0x0000000086c00000, 0x0000000086c00000|100%| O|  |TAMS 0x0000000086c00000, 0x0000000086c00000| Untracked 
| 108|0x0000000086c00000, 0x0000000086d00000, 0x0000000086d00000|100%| O|  |TAMS 0x0000000086c00000, 0x0000000086d00000| Untracked 
| 109|0x0000000086d00000, 0x0000000086e00000, 0x0000000086e00000|100%| O|  |TAMS 0x0000000086d00000, 0x0000000086e00000| Untracked 
| 110|0x0000000086e00000, 0x0000000086f00000, 0x0000000086f00000|100%| O|  |TAMS 0x0000000086e00000, 0x0000000086f00000| Untracked 
| 111|0x0000000086f00000, 0x0000000086f00000, 0x0000000087000000|  0%| F|  |TAMS 0x0000000086f00000, 0x0000000086f00000| Untracked 
| 112|0x0000000087000000, 0x0000000087100000, 0x0000000087100000|100%|HS|  |TAMS 0x0000000087000000, 0x0000000087100000| Complete 
| 113|0x0000000087100000, 0x0000000087200000, 0x0000000087200000|100%| O|  |TAMS 0x0000000087200000, 0x0000000087200000| Untracked 
| 114|0x0000000087200000, 0x0000000087300000, 0x0000000087300000|100%|HS|  |TAMS 0x0000000087200000, 0x0000000087300000| Complete 
| 115|0x0000000087300000, 0x0000000087400000, 0x0000000087400000|100%|HS|  |TAMS 0x0000000087300000, 0x0000000087400000| Complete 
| 116|0x0000000087400000, 0x0000000087500000, 0x0000000087500000|100%|HS|  |TAMS 0x0000000087400000, 0x0000000087500000| Complete 
| 117|0x0000000087500000, 0x0000000087600000, 0x0000000087600000|100%|HS|  |TAMS 0x0000000087500000, 0x0000000087600000| Complete 
| 118|0x0000000087600000, 0x0000000087700000, 0x0000000087700000|100%| O|  |TAMS 0x0000000087600000, 0x0000000087700000| Untracked 
| 119|0x0000000087700000, 0x0000000087800000, 0x0000000087800000|100%| O|  |TAMS 0x0000000087700000, 0x0000000087800000| Untracked 
| 120|0x0000000087800000, 0x0000000087900000, 0x0000000087900000|100%| O|  |TAMS 0x0000000087900000, 0x0000000087900000| Untracked 
| 121|0x0000000087900000, 0x0000000087a00000, 0x0000000087a00000|100%| O|  |TAMS 0x0000000087900000, 0x0000000087a00000| Untracked 
| 122|0x0000000087a00000, 0x0000000087b00000, 0x0000000087b00000|100%| O|  |TAMS 0x0000000087b00000, 0x0000000087b00000| Untracked 
| 123|0x0000000087b00000, 0x0000000087c00000, 0x0000000087c00000|100%| O|  |TAMS 0x0000000087c00000, 0x0000000087c00000| Untracked 
| 124|0x0000000087c00000, 0x0000000087d00000, 0x0000000087d00000|100%| O|  |TAMS 0x0000000087d00000, 0x0000000087d00000| Untracked 
| 125|0x0000000087d00000, 0x0000000087e00000, 0x0000000087e00000|100%| O|  |TAMS 0x0000000087e00000, 0x0000000087e00000| Untracked 
| 126|0x0000000087e00000, 0x0000000087f00000, 0x0000000087f00000|100%| O|  |TAMS 0x0000000087f00000, 0x0000000087f00000| Untracked 
| 127|0x0000000087f00000, 0x0000000088000000, 0x0000000088000000|100%| O|  |TAMS 0x0000000087f00000, 0x0000000088000000| Untracked 
| 128|0x0000000088000000, 0x0000000088100000, 0x0000000088100000|100%| O|  |TAMS 0x0000000088000000, 0x0000000088100000| Untracked 
| 129|0x0000000088100000, 0x0000000088200000, 0x0000000088200000|100%| O|  |TAMS 0x0000000088200000, 0x0000000088200000| Untracked 
| 130|0x0000000088200000, 0x0000000088300000, 0x0000000088300000|100%| O|  |TAMS 0x0000000088200000, 0x0000000088300000| Untracked 
| 131|0x0000000088300000, 0x0000000088300000, 0x0000000088400000|  0%| F|  |TAMS 0x0000000088300000, 0x0000000088300000| Untracked 
| 132|0x0000000088400000, 0x0000000088500000, 0x0000000088500000|100%| O|  |TAMS 0x0000000088400000, 0x0000000088500000| Untracked 
| 133|0x0000000088500000, 0x0000000088500000, 0x0000000088600000|  0%| F|  |TAMS 0x0000000088500000, 0x0000000088500000| Untracked 
| 134|0x0000000088600000, 0x0000000088700000, 0x0000000088700000|100%| O|  |TAMS 0x0000000088700000, 0x0000000088700000| Untracked 
| 135|0x0000000088700000, 0x0000000088700000, 0x0000000088800000|  0%| F|  |TAMS 0x0000000088700000, 0x0000000088700000| Untracked 
| 136|0x0000000088800000, 0x0000000088800000, 0x0000000088900000|  0%| F|  |TAMS 0x0000000088800000, 0x0000000088800000| Untracked 
| 137|0x0000000088900000, 0x0000000088900000, 0x0000000088a00000|  0%| F|  |TAMS 0x0000000088900000, 0x0000000088900000| Untracked 
| 138|0x0000000088a00000, 0x0000000088b00000, 0x0000000088b00000|100%| O|  |TAMS 0x0000000088b00000, 0x0000000088b00000| Untracked 
| 139|0x0000000088b00000, 0x0000000088c00000, 0x0000000088c00000|100%| O|  |TAMS 0x0000000088c00000, 0x0000000088c00000| Untracked 
| 140|0x0000000088c00000, 0x0000000088d00000, 0x0000000088d00000|100%| O|  |TAMS 0x0000000088c00000, 0x0000000088d00000| Untracked 
| 141|0x0000000088d00000, 0x0000000088e00000, 0x0000000088e00000|100%| O|  |TAMS 0x0000000088e00000, 0x0000000088e00000| Untracked 
| 142|0x0000000088e00000, 0x0000000088f00000, 0x0000000088f00000|100%| O|  |TAMS 0x0000000088f00000, 0x0000000088f00000| Untracked 
| 143|0x0000000088f00000, 0x0000000088f00000, 0x0000000089000000|  0%| F|  |TAMS 0x0000000088f00000, 0x0000000088f00000| Untracked 
| 144|0x0000000089000000, 0x0000000089000000, 0x0000000089100000|  0%| F|  |TAMS 0x0000000089000000, 0x0000000089000000| Untracked 
| 145|0x0000000089100000, 0x0000000089100000, 0x0000000089200000|  0%| F|  |TAMS 0x0000000089100000, 0x0000000089100000| Untracked 
| 146|0x0000000089200000, 0x0000000089300000, 0x0000000089300000|100%| O|  |TAMS 0x0000000089300000, 0x0000000089300000| Untracked 
| 147|0x0000000089300000, 0x0000000089400000, 0x0000000089400000|100%| O|  |TAMS 0x0000000089400000, 0x0000000089400000| Untracked 
| 148|0x0000000089400000, 0x0000000089500000, 0x0000000089500000|100%| O|  |TAMS 0x0000000089500000, 0x0000000089500000| Untracked 
| 149|0x0000000089500000, 0x0000000089600000, 0x0000000089600000|100%| O|  |TAMS 0x0000000089600000, 0x0000000089600000| Untracked 
| 150|0x0000000089600000, 0x0000000089600000, 0x0000000089700000|  0%| F|  |TAMS 0x0000000089600000, 0x0000000089600000| Untracked 
| 151|0x0000000089700000, 0x0000000089800000, 0x0000000089800000|100%| O|  |TAMS 0x0000000089800000, 0x0000000089800000| Untracked 
| 152|0x0000000089800000, 0x0000000089900000, 0x0000000089900000|100%| O|  |TAMS 0x0000000089900000, 0x0000000089900000| Untracked 
| 153|0x0000000089900000, 0x0000000089a00000, 0x0000000089a00000|100%| O|  |TAMS 0x0000000089a00000, 0x0000000089a00000| Untracked 
| 154|0x0000000089a00000, 0x0000000089b00000, 0x0000000089b00000|100%| O|  |TAMS 0x0000000089b00000, 0x0000000089b00000| Untracked 
| 155|0x0000000089b00000, 0x0000000089c00000, 0x0000000089c00000|100%| O|  |TAMS 0x0000000089c00000, 0x0000000089c00000| Untracked 
| 156|0x0000000089c00000, 0x0000000089d00000, 0x0000000089d00000|100%|HS|  |TAMS 0x0000000089d00000, 0x0000000089d00000| Complete 
| 157|0x0000000089d00000, 0x0000000089e00000, 0x0000000089e00000|100%|HC|  |TAMS 0x0000000089e00000, 0x0000000089e00000| Complete 
| 158|0x0000000089e00000, 0x0000000089f00000, 0x0000000089f00000|100%|HC|  |TAMS 0x0000000089f00000, 0x0000000089f00000| Complete 
| 159|0x0000000089f00000, 0x000000008a000000, 0x000000008a000000|100%|HC|  |TAMS 0x000000008a000000, 0x000000008a000000| Complete 
| 160|0x000000008a000000, 0x000000008a100000, 0x000000008a100000|100%|HC|  |TAMS 0x000000008a100000, 0x000000008a100000| Complete 
| 161|0x000000008a100000, 0x000000008a200000, 0x000000008a200000|100%| O|  |TAMS 0x000000008a200000, 0x000000008a200000| Untracked 
| 162|0x000000008a200000, 0x000000008a300000, 0x000000008a300000|100%| O|  |TAMS 0x000000008a300000, 0x000000008a300000| Untracked 
| 163|0x000000008a300000, 0x000000008a400000, 0x000000008a400000|100%| O|  |TAMS 0x000000008a400000, 0x000000008a400000| Untracked 
| 164|0x000000008a400000, 0x000000008a500000, 0x000000008a500000|100%| O|  |TAMS 0x000000008a500000, 0x000000008a500000| Untracked 
| 165|0x000000008a500000, 0x000000008a600000, 0x000000008a600000|100%| O|  |TAMS 0x000000008a600000, 0x000000008a600000| Untracked 
| 166|0x000000008a600000, 0x000000008a700000, 0x000000008a700000|100%|HS|  |TAMS 0x000000008a700000, 0x000000008a700000| Complete 
| 167|0x000000008a700000, 0x000000008a800000, 0x000000008a800000|100%|HC|  |TAMS 0x000000008a800000, 0x000000008a800000| Complete 
| 168|0x000000008a800000, 0x000000008a900000, 0x000000008a900000|100%|HC|  |TAMS 0x000000008a900000, 0x000000008a900000| Complete 
| 169|0x000000008a900000, 0x000000008aa00000, 0x000000008aa00000|100%|HC|  |TAMS 0x000000008aa00000, 0x000000008aa00000| Complete 
| 170|0x000000008aa00000, 0x000000008ab00000, 0x000000008ab00000|100%|HC|  |TAMS 0x000000008ab00000, 0x000000008ab00000| Complete 
| 171|0x000000008ab00000, 0x000000008ac00000, 0x000000008ac00000|100%| O|  |TAMS 0x000000008ac00000, 0x000000008ac00000| Untracked 
| 172|0x000000008ac00000, 0x000000008ad00000, 0x000000008ad00000|100%| O|  |TAMS 0x000000008ad00000, 0x000000008ad00000| Untracked 
| 173|0x000000008ad00000, 0x000000008ae00000, 0x000000008ae00000|100%| O|  |TAMS 0x000000008ae00000, 0x000000008ae00000| Untracked 
| 174|0x000000008ae00000, 0x000000008af00000, 0x000000008af00000|100%| O|  |TAMS 0x000000008af00000, 0x000000008af00000| Untracked 
| 175|0x000000008af00000, 0x000000008b000000, 0x000000008b000000|100%| O|  |TAMS 0x000000008b000000, 0x000000008b000000| Untracked 
| 176|0x000000008b000000, 0x000000008b100000, 0x000000008b100000|100%| O|  |TAMS 0x000000008b100000, 0x000000008b100000| Untracked 
| 177|0x000000008b100000, 0x000000008b200000, 0x000000008b200000|100%| O|  |TAMS 0x000000008b200000, 0x000000008b200000| Untracked 
| 178|0x000000008b200000, 0x000000008b300000, 0x000000008b300000|100%| O|  |TAMS 0x000000008b300000, 0x000000008b300000| Untracked 
| 179|0x000000008b300000, 0x000000008b400000, 0x000000008b400000|100%| O|  |TAMS 0x000000008b400000, 0x000000008b400000| Untracked 
| 180|0x000000008b400000, 0x000000008b500000, 0x000000008b500000|100%| O|  |TAMS 0x000000008b500000, 0x000000008b500000| Untracked 
| 181|0x000000008b500000, 0x000000008b600000, 0x000000008b600000|100%| O|  |TAMS 0x000000008b600000, 0x000000008b600000| Untracked 
| 182|0x000000008b600000, 0x000000008b700000, 0x000000008b700000|100%| O|  |TAMS 0x000000008b6aba00, 0x000000008b700000| Untracked 
| 183|0x000000008b700000, 0x000000008b700000, 0x000000008b800000|  0%| F|  |TAMS 0x000000008b700000, 0x000000008b700000| Untracked 
| 184|0x000000008b800000, 0x000000008b800000, 0x000000008b900000|  0%| F|  |TAMS 0x000000008b800000, 0x000000008b800000| Untracked 
| 185|0x000000008b900000, 0x000000008b900000, 0x000000008ba00000|  0%| F|  |TAMS 0x000000008b900000, 0x000000008b900000| Untracked 
| 186|0x000000008ba00000, 0x000000008ba00000, 0x000000008bb00000|  0%| F|  |TAMS 0x000000008ba00000, 0x000000008ba00000| Untracked 
| 187|0x000000008bb00000, 0x000000008bb00000, 0x000000008bc00000|  0%| F|  |TAMS 0x000000008bb00000, 0x000000008bb00000| Untracked 
| 188|0x000000008bc00000, 0x000000008bc00000, 0x000000008bd00000|  0%| F|  |TAMS 0x000000008bc00000, 0x000000008bc00000| Untracked 
| 189|0x000000008bd00000, 0x000000008bd00000, 0x000000008be00000|  0%| F|  |TAMS 0x000000008bd00000, 0x000000008bd00000| Untracked 
| 190|0x000000008be00000, 0x000000008be00000, 0x000000008bf00000|  0%| F|  |TAMS 0x000000008be00000, 0x000000008be00000| Untracked 
| 191|0x000000008bf00000, 0x000000008bf00000, 0x000000008c000000|  0%| F|  |TAMS 0x000000008bf00000, 0x000000008bf00000| Untracked 
| 192|0x000000008c000000, 0x000000008c000000, 0x000000008c100000|  0%| F|  |TAMS 0x000000008c000000, 0x000000008c000000| Untracked 
| 193|0x000000008c100000, 0x000000008c100000, 0x000000008c200000|  0%| F|  |TAMS 0x000000008c100000, 0x000000008c100000| Untracked 
| 194|0x000000008c200000, 0x000000008c200000, 0x000000008c300000|  0%| F|  |TAMS 0x000000008c200000, 0x000000008c200000| Untracked 
| 195|0x000000008c300000, 0x000000008c300000, 0x000000008c400000|  0%| F|  |TAMS 0x000000008c300000, 0x000000008c300000| Untracked 
| 196|0x000000008c400000, 0x000000008c400000, 0x000000008c500000|  0%| F|  |TAMS 0x000000008c400000, 0x000000008c400000| Untracked 
| 197|0x000000008c500000, 0x000000008c500000, 0x000000008c600000|  0%| F|  |TAMS 0x000000008c500000, 0x000000008c500000| Untracked 
| 198|0x000000008c600000, 0x000000008c600000, 0x000000008c700000|  0%| F|  |TAMS 0x000000008c600000, 0x000000008c600000| Untracked 
| 199|0x000000008c700000, 0x000000008c700000, 0x000000008c800000|  0%| F|  |TAMS 0x000000008c700000, 0x000000008c700000| Untracked 
| 200|0x000000008c800000, 0x000000008c800000, 0x000000008c900000|  0%| F|  |TAMS 0x000000008c800000, 0x000000008c800000| Untracked 
| 201|0x000000008c900000, 0x000000008c900000, 0x000000008ca00000|  0%| F|  |TAMS 0x000000008c900000, 0x000000008c900000| Untracked 
| 202|0x000000008ca00000, 0x000000008ca00000, 0x000000008cb00000|  0%| F|  |TAMS 0x000000008ca00000, 0x000000008ca00000| Untracked 
| 203|0x000000008cb00000, 0x000000008cb00000, 0x000000008cc00000|  0%| F|  |TAMS 0x000000008cb00000, 0x000000008cb00000| Untracked 
| 204|0x000000008cc00000, 0x000000008cc00000, 0x000000008cd00000|  0%| F|  |TAMS 0x000000008cc00000, 0x000000008cc00000| Untracked 
| 205|0x000000008cd00000, 0x000000008cd00000, 0x000000008ce00000|  0%| F|  |TAMS 0x000000008cd00000, 0x000000008cd00000| Untracked 
| 206|0x000000008ce00000, 0x000000008ce00000, 0x000000008cf00000|  0%| F|  |TAMS 0x000000008ce00000, 0x000000008ce00000| Untracked 
| 207|0x000000008cf00000, 0x000000008cf00000, 0x000000008d000000|  0%| F|  |TAMS 0x000000008cf00000, 0x000000008cf00000| Untracked 
| 208|0x000000008d000000, 0x000000008d000000, 0x000000008d100000|  0%| F|  |TAMS 0x000000008d000000, 0x000000008d000000| Untracked 
| 209|0x000000008d100000, 0x000000008d100000, 0x000000008d200000|  0%| F|  |TAMS 0x000000008d100000, 0x000000008d100000| Untracked 
| 210|0x000000008d200000, 0x000000008d200000, 0x000000008d300000|  0%| F|  |TAMS 0x000000008d200000, 0x000000008d200000| Untracked 
| 211|0x000000008d300000, 0x000000008d300000, 0x000000008d400000|  0%| F|  |TAMS 0x000000008d300000, 0x000000008d300000| Untracked 
| 212|0x000000008d400000, 0x000000008d400000, 0x000000008d500000|  0%| F|  |TAMS 0x000000008d400000, 0x000000008d400000| Untracked 
| 213|0x000000008d500000, 0x000000008d500000, 0x000000008d600000|  0%| F|  |TAMS 0x000000008d500000, 0x000000008d500000| Untracked 
| 214|0x000000008d600000, 0x000000008d600000, 0x000000008d700000|  0%| F|  |TAMS 0x000000008d600000, 0x000000008d600000| Untracked 
| 215|0x000000008d700000, 0x000000008d700000, 0x000000008d800000|  0%| F|  |TAMS 0x000000008d700000, 0x000000008d700000| Untracked 
| 216|0x000000008d800000, 0x000000008d800000, 0x000000008d900000|  0%| F|  |TAMS 0x000000008d800000, 0x000000008d800000| Untracked 
| 217|0x000000008d900000, 0x000000008d900000, 0x000000008da00000|  0%| F|  |TAMS 0x000000008d900000, 0x000000008d900000| Untracked 
| 218|0x000000008da00000, 0x000000008da00000, 0x000000008db00000|  0%| F|  |TAMS 0x000000008da00000, 0x000000008da00000| Untracked 
| 219|0x000000008db00000, 0x000000008db00000, 0x000000008dc00000|  0%| F|  |TAMS 0x000000008db00000, 0x000000008db00000| Untracked 
| 220|0x000000008dc00000, 0x000000008dc00000, 0x000000008dd00000|  0%| F|  |TAMS 0x000000008dc00000, 0x000000008dc00000| Untracked 
| 221|0x000000008dd00000, 0x000000008dd00000, 0x000000008de00000|  0%| F|  |TAMS 0x000000008dd00000, 0x000000008dd00000| Untracked 
| 222|0x000000008de00000, 0x000000008de00000, 0x000000008df00000|  0%| F|  |TAMS 0x000000008de00000, 0x000000008de00000| Untracked 
| 223|0x000000008df00000, 0x000000008df00000, 0x000000008e000000|  0%| F|  |TAMS 0x000000008df00000, 0x000000008df00000| Untracked 
| 224|0x000000008e000000, 0x000000008e000000, 0x000000008e100000|  0%| F|  |TAMS 0x000000008e000000, 0x000000008e000000| Untracked 
| 225|0x000000008e100000, 0x000000008e100000, 0x000000008e200000|  0%| F|  |TAMS 0x000000008e100000, 0x000000008e100000| Untracked 
| 226|0x000000008e200000, 0x000000008e200000, 0x000000008e300000|  0%| F|  |TAMS 0x000000008e200000, 0x000000008e200000| Untracked 
| 227|0x000000008e300000, 0x000000008e300000, 0x000000008e400000|  0%| F|  |TAMS 0x000000008e300000, 0x000000008e300000| Untracked 
| 228|0x000000008e400000, 0x000000008e400000, 0x000000008e500000|  0%| F|  |TAMS 0x000000008e400000, 0x000000008e400000| Untracked 
| 229|0x000000008e500000, 0x000000008e500000, 0x000000008e600000|  0%| F|  |TAMS 0x000000008e500000, 0x000000008e500000| Untracked 
| 230|0x000000008e600000, 0x000000008e600000, 0x000000008e700000|  0%| F|  |TAMS 0x000000008e600000, 0x000000008e600000| Untracked 
| 231|0x000000008e700000, 0x000000008e700000, 0x000000008e800000|  0%| F|  |TAMS 0x000000008e700000, 0x000000008e700000| Untracked 
| 232|0x000000008e800000, 0x000000008e800000, 0x000000008e900000|  0%| F|  |TAMS 0x000000008e800000, 0x000000008e800000| Untracked 
| 233|0x000000008e900000, 0x000000008e900000, 0x000000008ea00000|  0%| F|  |TAMS 0x000000008e900000, 0x000000008e900000| Untracked 
| 234|0x000000008ea00000, 0x000000008ea00000, 0x000000008eb00000|  0%| F|  |TAMS 0x000000008ea00000, 0x000000008ea00000| Untracked 
| 235|0x000000008eb00000, 0x000000008eb00000, 0x000000008ec00000|  0%| F|  |TAMS 0x000000008eb00000, 0x000000008eb00000| Untracked 
| 236|0x000000008ec00000, 0x000000008ec00000, 0x000000008ed00000|  0%| F|  |TAMS 0x000000008ec00000, 0x000000008ec00000| Untracked 
| 237|0x000000008ed00000, 0x000000008ed00000, 0x000000008ee00000|  0%| F|  |TAMS 0x000000008ed00000, 0x000000008ed00000| Untracked 
| 238|0x000000008ee00000, 0x000000008ee00000, 0x000000008ef00000|  0%| F|  |TAMS 0x000000008ee00000, 0x000000008ee00000| Untracked 
| 239|0x000000008ef00000, 0x000000008ef00000, 0x000000008f000000|  0%| F|  |TAMS 0x000000008ef00000, 0x000000008ef00000| Untracked 
| 240|0x000000008f000000, 0x000000008f000000, 0x000000008f100000|  0%| F|  |TAMS 0x000000008f000000, 0x000000008f000000| Untracked 
| 241|0x000000008f100000, 0x000000008f100000, 0x000000008f200000|  0%| F|  |TAMS 0x000000008f100000, 0x000000008f100000| Untracked 
| 242|0x000000008f200000, 0x000000008f200000, 0x000000008f300000|  0%| F|  |TAMS 0x000000008f200000, 0x000000008f200000| Untracked 
| 243|0x000000008f300000, 0x000000008f300000, 0x000000008f400000|  0%| F|  |TAMS 0x000000008f300000, 0x000000008f300000| Untracked 
| 244|0x000000008f400000, 0x000000008f400000, 0x000000008f500000|  0%| F|  |TAMS 0x000000008f400000, 0x000000008f400000| Untracked 
| 245|0x000000008f500000, 0x000000008f500000, 0x000000008f600000|  0%| F|  |TAMS 0x000000008f500000, 0x000000008f500000| Untracked 
| 246|0x000000008f600000, 0x000000008f600000, 0x000000008f700000|  0%| F|  |TAMS 0x000000008f600000, 0x000000008f600000| Untracked 
| 247|0x000000008f700000, 0x000000008f700000, 0x000000008f800000|  0%| F|  |TAMS 0x000000008f700000, 0x000000008f700000| Untracked 
| 248|0x000000008f800000, 0x000000008f800000, 0x000000008f900000|  0%| F|  |TAMS 0x000000008f800000, 0x000000008f800000| Untracked 
| 249|0x000000008f900000, 0x000000008f900000, 0x000000008fa00000|  0%| F|  |TAMS 0x000000008f900000, 0x000000008f900000| Untracked 
| 250|0x000000008fa00000, 0x000000008fa00000, 0x000000008fb00000|  0%| F|  |TAMS 0x000000008fa00000, 0x000000008fa00000| Untracked 
| 251|0x000000008fb00000, 0x000000008fb00000, 0x000000008fc00000|  0%| F|  |TAMS 0x000000008fb00000, 0x000000008fb00000| Untracked 
| 252|0x000000008fc00000, 0x000000008fc00000, 0x000000008fd00000|  0%| F|  |TAMS 0x000000008fc00000, 0x000000008fc00000| Untracked 
| 253|0x000000008fd00000, 0x000000008fd00000, 0x000000008fe00000|  0%| F|  |TAMS 0x000000008fd00000, 0x000000008fd00000| Untracked 
| 254|0x000000008fe00000, 0x000000008fe00000, 0x000000008ff00000|  0%| F|  |TAMS 0x000000008fe00000, 0x000000008fe00000| Untracked 
| 255|0x000000008ff00000, 0x000000008ff00000, 0x0000000090000000|  0%| F|  |TAMS 0x000000008ff00000, 0x000000008ff00000| Untracked 
| 256|0x0000000090000000, 0x0000000090000000, 0x0000000090100000|  0%| F|  |TAMS 0x0000000090000000, 0x0000000090000000| Untracked 
| 257|0x0000000090100000, 0x0000000090100000, 0x0000000090200000|  0%| F|  |TAMS 0x0000000090100000, 0x0000000090100000| Untracked 
| 258|0x0000000090200000, 0x0000000090200000, 0x0000000090300000|  0%| F|  |TAMS 0x0000000090200000, 0x0000000090200000| Untracked 
| 259|0x0000000090300000, 0x0000000090300000, 0x0000000090400000|  0%| F|  |TAMS 0x0000000090300000, 0x0000000090300000| Untracked 
| 260|0x0000000090400000, 0x0000000090400000, 0x0000000090500000|  0%| F|  |TAMS 0x0000000090400000, 0x0000000090400000| Untracked 
| 261|0x0000000090500000, 0x0000000090500000, 0x0000000090600000|  0%| F|  |TAMS 0x0000000090500000, 0x0000000090500000| Untracked 
| 262|0x0000000090600000, 0x0000000090600000, 0x0000000090700000|  0%| F|  |TAMS 0x0000000090600000, 0x0000000090600000| Untracked 
| 263|0x0000000090700000, 0x0000000090700000, 0x0000000090800000|  0%| F|  |TAMS 0x0000000090700000, 0x0000000090700000| Untracked 
| 264|0x0000000090800000, 0x0000000090800000, 0x0000000090900000|  0%| F|  |TAMS 0x0000000090800000, 0x0000000090800000| Untracked 
| 265|0x0000000090900000, 0x0000000090900000, 0x0000000090a00000|  0%| F|  |TAMS 0x0000000090900000, 0x0000000090900000| Untracked 
| 266|0x0000000090a00000, 0x0000000090a00000, 0x0000000090b00000|  0%| F|  |TAMS 0x0000000090a00000, 0x0000000090a00000| Untracked 
| 267|0x0000000090b00000, 0x0000000090b00000, 0x0000000090c00000|  0%| F|  |TAMS 0x0000000090b00000, 0x0000000090b00000| Untracked 
| 268|0x0000000090c00000, 0x0000000090c00000, 0x0000000090d00000|  0%| F|  |TAMS 0x0000000090c00000, 0x0000000090c00000| Untracked 
| 269|0x0000000090d00000, 0x0000000090d00000, 0x0000000090e00000|  0%| F|  |TAMS 0x0000000090d00000, 0x0000000090d00000| Untracked 
| 270|0x0000000090e00000, 0x0000000090e00000, 0x0000000090f00000|  0%| F|  |TAMS 0x0000000090e00000, 0x0000000090e00000| Untracked 
| 271|0x0000000090f00000, 0x0000000090f00000, 0x0000000091000000|  0%| F|  |TAMS 0x0000000090f00000, 0x0000000090f00000| Untracked 
| 272|0x0000000091000000, 0x0000000091000000, 0x0000000091100000|  0%| F|  |TAMS 0x0000000091000000, 0x0000000091000000| Untracked 
| 273|0x0000000091100000, 0x0000000091100000, 0x0000000091200000|  0%| F|  |TAMS 0x0000000091100000, 0x0000000091100000| Untracked 
| 274|0x0000000091200000, 0x0000000091200000, 0x0000000091300000|  0%| F|  |TAMS 0x0000000091200000, 0x0000000091200000| Untracked 
| 275|0x0000000091300000, 0x0000000091300000, 0x0000000091400000|  0%| F|  |TAMS 0x0000000091300000, 0x0000000091300000| Untracked 
| 276|0x0000000091400000, 0x0000000091400000, 0x0000000091500000|  0%| F|  |TAMS 0x0000000091400000, 0x0000000091400000| Untracked 
| 277|0x0000000091500000, 0x0000000091500000, 0x0000000091600000|  0%| F|  |TAMS 0x0000000091500000, 0x0000000091500000| Untracked 
| 278|0x0000000091600000, 0x0000000091600000, 0x0000000091700000|  0%| F|  |TAMS 0x0000000091600000, 0x0000000091600000| Untracked 
| 279|0x0000000091700000, 0x0000000091700000, 0x0000000091800000|  0%| F|  |TAMS 0x0000000091700000, 0x0000000091700000| Untracked 
| 280|0x0000000091800000, 0x0000000091800000, 0x0000000091900000|  0%| F|  |TAMS 0x0000000091800000, 0x0000000091800000| Untracked 
| 281|0x0000000091900000, 0x0000000091900000, 0x0000000091a00000|  0%| F|  |TAMS 0x0000000091900000, 0x0000000091900000| Untracked 
| 282|0x0000000091a00000, 0x0000000091a00000, 0x0000000091b00000|  0%| F|  |TAMS 0x0000000091a00000, 0x0000000091a00000| Untracked 
| 283|0x0000000091b00000, 0x0000000091b00000, 0x0000000091c00000|  0%| F|  |TAMS 0x0000000091b00000, 0x0000000091b00000| Untracked 
| 284|0x0000000091c00000, 0x0000000091c00000, 0x0000000091d00000|  0%| F|  |TAMS 0x0000000091c00000, 0x0000000091c00000| Untracked 
| 285|0x0000000091d00000, 0x0000000091d00000, 0x0000000091e00000|  0%| F|  |TAMS 0x0000000091d00000, 0x0000000091d00000| Untracked 
| 286|0x0000000091e00000, 0x0000000091e00000, 0x0000000091f00000|  0%| F|  |TAMS 0x0000000091e00000, 0x0000000091e00000| Untracked 
| 287|0x0000000091f00000, 0x0000000091f00000, 0x0000000092000000|  0%| F|  |TAMS 0x0000000091f00000, 0x0000000091f00000| Untracked 
| 288|0x0000000092000000, 0x0000000092000000, 0x0000000092100000|  0%| F|  |TAMS 0x0000000092000000, 0x0000000092000000| Untracked 
| 289|0x0000000092100000, 0x0000000092100000, 0x0000000092200000|  0%| F|  |TAMS 0x0000000092100000, 0x0000000092100000| Untracked 
| 290|0x0000000092200000, 0x0000000092200000, 0x0000000092300000|  0%| F|  |TAMS 0x0000000092200000, 0x0000000092200000| Untracked 
| 291|0x0000000092300000, 0x0000000092300000, 0x0000000092400000|  0%| F|  |TAMS 0x0000000092300000, 0x0000000092300000| Untracked 
| 292|0x0000000092400000, 0x0000000092400000, 0x0000000092500000|  0%| F|  |TAMS 0x0000000092400000, 0x0000000092400000| Untracked 
| 293|0x0000000092500000, 0x0000000092500000, 0x0000000092600000|  0%| F|  |TAMS 0x0000000092500000, 0x0000000092500000| Untracked 
| 294|0x0000000092600000, 0x0000000092600000, 0x0000000092700000|  0%| F|  |TAMS 0x0000000092600000, 0x0000000092600000| Untracked 
| 295|0x0000000092700000, 0x0000000092700000, 0x0000000092800000|  0%| F|  |TAMS 0x0000000092700000, 0x0000000092700000| Untracked 
| 296|0x0000000092800000, 0x0000000092800000, 0x0000000092900000|  0%| F|  |TAMS 0x0000000092800000, 0x0000000092800000| Untracked 
| 297|0x0000000092900000, 0x0000000092900000, 0x0000000092a00000|  0%| F|  |TAMS 0x0000000092900000, 0x0000000092900000| Untracked 
| 298|0x0000000092a00000, 0x0000000092a00000, 0x0000000092b00000|  0%| F|  |TAMS 0x0000000092a00000, 0x0000000092a00000| Untracked 
| 299|0x0000000092b00000, 0x0000000092b00000, 0x0000000092c00000|  0%| F|  |TAMS 0x0000000092b00000, 0x0000000092b00000| Untracked 
| 300|0x0000000092c00000, 0x0000000092c00000, 0x0000000092d00000|  0%| F|  |TAMS 0x0000000092c00000, 0x0000000092c00000| Untracked 
| 301|0x0000000092d00000, 0x0000000092d00000, 0x0000000092e00000|  0%| F|  |TAMS 0x0000000092d00000, 0x0000000092d00000| Untracked 
| 302|0x0000000092e00000, 0x0000000092e00000, 0x0000000092f00000|  0%| F|  |TAMS 0x0000000092e00000, 0x0000000092e00000| Untracked 
| 303|0x0000000092f00000, 0x0000000092f00000, 0x0000000093000000|  0%| F|  |TAMS 0x0000000092f00000, 0x0000000092f00000| Untracked 
| 304|0x0000000093000000, 0x0000000093000000, 0x0000000093100000|  0%| F|  |TAMS 0x0000000093000000, 0x0000000093000000| Untracked 
| 305|0x0000000093100000, 0x0000000093100000, 0x0000000093200000|  0%| F|  |TAMS 0x0000000093100000, 0x0000000093100000| Untracked 
| 306|0x0000000093200000, 0x0000000093200000, 0x0000000093300000|  0%| F|  |TAMS 0x0000000093200000, 0x0000000093200000| Untracked 
| 307|0x0000000093300000, 0x0000000093300000, 0x0000000093400000|  0%| F|  |TAMS 0x0000000093300000, 0x0000000093300000| Untracked 
| 308|0x0000000093400000, 0x0000000093400000, 0x0000000093500000|  0%| F|  |TAMS 0x0000000093400000, 0x0000000093400000| Untracked 
| 309|0x0000000093500000, 0x0000000093500000, 0x0000000093600000|  0%| F|  |TAMS 0x0000000093500000, 0x0000000093500000| Untracked 
| 310|0x0000000093600000, 0x0000000093600000, 0x0000000093700000|  0%| F|  |TAMS 0x0000000093600000, 0x0000000093600000| Untracked 
| 311|0x0000000093700000, 0x0000000093700000, 0x0000000093800000|  0%| F|  |TAMS 0x0000000093700000, 0x0000000093700000| Untracked 
| 312|0x0000000093800000, 0x0000000093800000, 0x0000000093900000|  0%| F|  |TAMS 0x0000000093800000, 0x0000000093800000| Untracked 
| 313|0x0000000093900000, 0x0000000093900000, 0x0000000093a00000|  0%| F|  |TAMS 0x0000000093900000, 0x0000000093900000| Untracked 
| 314|0x0000000093a00000, 0x0000000093a40018, 0x0000000093b00000| 25%| S|CS|TAMS 0x0000000093a00000, 0x0000000093a00000| Complete 
| 315|0x0000000093b00000, 0x0000000093c00000, 0x0000000093c00000|100%| S|CS|TAMS 0x0000000093b00000, 0x0000000093b00000| Complete 
| 316|0x0000000093c00000, 0x0000000093d00000, 0x0000000093d00000|100%| S|CS|TAMS 0x0000000093c00000, 0x0000000093c00000| Complete 
| 317|0x0000000093d00000, 0x0000000093e00000, 0x0000000093e00000|100%| S|CS|TAMS 0x0000000093d00000, 0x0000000093d00000| Complete 
| 318|0x0000000093e00000, 0x0000000093f00000, 0x0000000093f00000|100%| S|CS|TAMS 0x0000000093e00000, 0x0000000093e00000| Complete 
| 319|0x0000000093f00000, 0x0000000093f00000, 0x0000000094000000|  0%| F|  |TAMS 0x0000000093f00000, 0x0000000093f00000| Untracked 
| 320|0x0000000094000000, 0x0000000094000000, 0x0000000094100000|  0%| F|  |TAMS 0x0000000094000000, 0x0000000094000000| Untracked 
| 321|0x0000000094100000, 0x0000000094100000, 0x0000000094200000|  0%| F|  |TAMS 0x0000000094100000, 0x0000000094100000| Untracked 
| 322|0x0000000094200000, 0x0000000094200000, 0x0000000094300000|  0%| F|  |TAMS 0x0000000094200000, 0x0000000094200000| Untracked 
| 323|0x0000000094300000, 0x0000000094300000, 0x0000000094400000|  0%| F|  |TAMS 0x0000000094300000, 0x0000000094300000| Untracked 

Card table byte_map: [0x00000224643c0000,0x00000224647c0000] _byte_map_base: 0x0000022463fc0000

Marking Bits (Prev, Next): (CMBitMap*) 0x000002245104b8e0, (CMBitMap*) 0x000002245104b8a8
 Prev Bits: [0x0000022466bc0000, 0x0000022468bc0000)
 Next Bits: [0x0000022464bc0000, 0x0000022466bc0000)

Polling page: 0x000002244f780000

Metaspace:

Usage:
  Non-class:    110.96 MB capacity,   108.60 MB ( 98%) used,     1.97 MB (  2%) free+waste,   398.88 KB ( <1%) overhead. 
      Class:     16.56 MB capacity,    15.30 MB ( 92%) used,     1.08 MB (  7%) free+waste,   177.19 KB (  1%) overhead. 
       Both:    127.51 MB capacity,   123.90 MB ( 97%) used,     3.05 MB (  2%) free+waste,   576.06 KB ( <1%) overhead. 

Virtual space:
  Non-class space:      112.00 MB reserved,     111.17 MB (>99%) committed 
      Class space:        1.00 GB reserved,      16.73 MB (  2%) committed 
             Both:        1.11 GB reserved,     127.90 MB ( 11%) committed 

Chunk freelists:
   Non-Class:  28.00 KB
       Class:  70.00 KB
        Both:  98.00 KB

MaxMetaspaceSize: 17179869184.00 GB
CompressedClassSpaceSize: 1.00 GB

CodeHeap 'non-profiled nmethods': size=120064Kb used=16256Kb max_used=16256Kb free=103807Kb
 bounds [0x000002245c450000, 0x000002245d440000, 0x0000022463990000]
CodeHeap 'profiled nmethods': size=120000Kb used=40424Kb max_used=40424Kb free=79575Kb
 bounds [0x0000022454f20000, 0x00000224576d0000, 0x000002245c450000]
CodeHeap 'non-nmethods': size=5696Kb used=2398Kb max_used=2463Kb free=3297Kb
 bounds [0x0000022454990000, 0x0000022454c10000, 0x0000022454f20000]
 total_blobs=19729 nmethods=18679 adapters=960
 compilation: enabled
              stopped_count=0, restarted_count=0
 full_count=0

Compilation events (20 events):
Event: 2606.924 Thread 0x000002246b1bd800 nmethod 22177 0x00000224576b6c10 code [0x00000224576b6e20, 0x00000224576b7438]
Event: 2606.933 Thread 0x000002246b1bd800 22178       3       com.android.tools.r8.dex.t::a (19 bytes)
Event: 2606.933 Thread 0x000002246b1bd800 nmethod 22178 0x00000224576b7690 code [0x00000224576b7880, 0x00000224576b7cf8]
Event: 2606.935 Thread 0x000002246b1bd800 22179       3       com.android.tools.r8.dex.t::a (10 bytes)
Event: 2606.936 Thread 0x000002246b1bd800 nmethod 22179 0x00000224576b7e90 code [0x00000224576b8060, 0x00000224576b8398]
Event: 2606.952 Thread 0x000002246b1b5800 nmethod 22170% 0x000002245d429590 code [0x000002245d4297a0, 0x000002245d42a618]
Event: 2606.952 Thread 0x000002246b1b5800 22174       4       com.android.tools.r8.graph.l0$w::hashCode (19 bytes)
Event: 2606.954 Thread 0x000002246b1b5800 nmethod 22174 0x000002245d42ad10 code [0x000002245d42aec0, 0x000002245d42afb8]
Event: 2606.954 Thread 0x000002246b1b5800 22180       4       com.android.tools.r8.graph.U::collectMixedSectionItems (9 bytes)
Event: 2606.963 Thread 0x0000022472679800 nmethod 22167 0x000002245d42b110 code [0x000002245d42b3a0, 0x000002245d42c610]
Event: 2606.963 Thread 0x0000022472679800 22186 %     4       com.android.tools.r8.t.a.a.a.h.N::g @ 74 (323 bytes)
Event: 2606.992 Thread 0x000002246b1bd800 22194       3       com.android.tools.r8.graph.f0::a (205 bytes)
Event: 2606.995 Thread 0x000002246b1bd800 nmethod 22194 0x00000224576b8510 code [0x00000224576b8880, 0x00000224576ba008]
Event: 2607.005 Thread 0x000002246b1bd800 22195 %     3       com.android.tools.r8.dex.r::b @ 96 (204 bytes)
Event: 2607.008 Thread 0x0000022472679800 nmethod 22186% 0x000002245d42d590 code [0x000002245d42d7a0, 0x000002245d42e4d8]
Event: 2607.008 Thread 0x0000022472679800 22192       4       java.util.ArrayList$SubList::toArray (79 bytes)
Event: 2607.011 Thread 0x000002246b1bd800 nmethod 22195% 0x00000224576ba910 code [0x00000224576baf80, 0x00000224576bef08]
Event: 2607.011 Thread 0x000002246b1bd800 22196       3       com.android.tools.r8.dex.r::b (204 bytes)
Event: 2607.012 Thread 0x000002246b1b5800 nmethod 22180 0x000002245d42eb90 code [0x000002245d42ee20, 0x000002245d42ff50]
Event: 2607.013 Thread 0x000002246b1b5800 22184       4       com.android.tools.r8.t.a.a.a.h.V0::g (323 bytes)

GC Heap History (20 events):
Event: 2600.204 GC heap after
{Heap after GC invocations=144 (full 0):
 garbage-first heap   total 192512K, used 141526K [0x0000000080000000, 0x0000000100000000)
  region size 1024K, 1 young (1024K), 1 survivors (1024K)
 Metaspace       used 126565K, capacity 130261K, committed 130716K, reserved 1163264K
  class space    used 15667K, capacity 16953K, committed 17132K, reserved 1048576K
}
Event: 2600.451 GC heap before
{Heap before GC invocations=144 (full 0):
 garbage-first heap   total 192512K, used 148694K [0x0000000080000000, 0x0000000100000000)
  region size 1024K, 10 young (10240K), 1 survivors (1024K)
 Metaspace       used 126582K, capacity 130261K, committed 130716K, reserved 1163264K
  class space    used 15667K, capacity 16953K, committed 17132K, reserved 1048576K
}
Event: 2600.467 GC heap after
{Heap after GC invocations=145 (full 0):
 garbage-first heap   total 192512K, used 143301K [0x0000000080000000, 0x0000000100000000)
  region size 1024K, 2 young (2048K), 2 survivors (2048K)
 Metaspace       used 126582K, capacity 130261K, committed 130716K, reserved 1163264K
  class space    used 15667K, capacity 16953K, committed 17132K, reserved 1048576K
}
Event: 2601.309 GC heap before
{Heap before GC invocations=146 (full 0):
 garbage-first heap   total 192512K, used 155589K [0x0000000080000000, 0x0000000100000000)
  region size 1024K, 16 young (16384K), 2 survivors (2048K)
 Metaspace       used 126594K, capacity 130323K, committed 130716K, reserved 1163264K
  class space    used 15667K, capacity 16952K, committed 17132K, reserved 1048576K
}
Event: 2601.341 GC heap after
{Heap after GC invocations=147 (full 0):
 garbage-first heap   total 234496K, used 144512K [0x0000000080000000, 0x0000000100000000)
  region size 1024K, 2 young (2048K), 2 survivors (2048K)
 Metaspace       used 126594K, capacity 130323K, committed 130716K, reserved 1163264K
  class space    used 15667K, capacity 16952K, committed 17132K, reserved 1048576K
}
Event: 2601.649 GC heap before
{Heap before GC invocations=147 (full 0):
 garbage-first heap   total 234496K, used 154752K [0x0000000080000000, 0x0000000100000000)
  region size 1024K, 11 young (11264K), 2 survivors (2048K)
 Metaspace       used 126601K, capacity 130323K, committed 130716K, reserved 1163264K
  class space    used 15667K, capacity 16952K, committed 17132K, reserved 1048576K
}
Event: 2601.688 GC heap after
{Heap after GC invocations=148 (full 0):
 garbage-first heap   total 234496K, used 145687K [0x0000000080000000, 0x0000000100000000)
  region size 1024K, 2 young (2048K), 2 survivors (2048K)
 Metaspace       used 126601K, capacity 130323K, committed 130716K, reserved 1163264K
  class space    used 15667K, capacity 16952K, committed 17132K, reserved 1048576K
}
Event: 2601.821 GC heap before
{Heap before GC invocations=148 (full 0):
 garbage-first heap   total 234496K, used 170263K [0x0000000080000000, 0x0000000100000000)
  region size 1024K, 27 young (27648K), 2 survivors (2048K)
 Metaspace       used 126613K, capacity 130325K, committed 130716K, reserved 1163264K
  class space    used 15667K, capacity 16952K, committed 17132K, reserved 1048576K
}
Event: 2601.839 GC heap after
{Heap after GC invocations=149 (full 0):
 garbage-first heap   total 234496K, used 150357K [0x0000000080000000, 0x0000000100000000)
  region size 1024K, 4 young (4096K), 4 survivors (4096K)
 Metaspace       used 126613K, capacity 130325K, committed 130716K, reserved 1163264K
  class space    used 15667K, capacity 16952K, committed 17132K, reserved 1048576K
}
Event: 2603.294 GC heap before
{Heap before GC invocations=150 (full 0):
 garbage-first heap   total 234496K, used 199509K [0x0000000080000000, 0x0000000100000000)
  region size 1024K, 32 young (32768K), 4 survivors (4096K)
 Metaspace       used 126840K, capacity 130503K, committed 130716K, reserved 1163264K
  class space    used 15669K, capacity 16954K, committed 17132K, reserved 1048576K
}
Event: 2603.309 GC heap after
{Heap after GC invocations=151 (full 0):
 garbage-first heap   total 234496K, used 162816K [0x0000000080000000, 0x0000000100000000)
  region size 1024K, 4 young (4096K), 4 survivors (4096K)
 Metaspace       used 126840K, capacity 130503K, committed 130716K, reserved 1163264K
  class space    used 15669K, capacity 16954K, committed 17132K, reserved 1048576K
}
Event: 2603.392 GC heap before
{Heap before GC invocations=151 (full 0):
 garbage-first heap   total 234496K, used 168960K [0x0000000080000000, 0x0000000100000000)
  region size 1024K, 11 young (11264K), 4 survivors (4096K)
 Metaspace       used 126840K, capacity 130503K, committed 130716K, reserved 1163264K
  class space    used 15669K, capacity 16954K, committed 17132K, reserved 1048576K
}
Event: 2603.427 GC heap after
{Heap after GC invocations=152 (full 0):
 garbage-first heap   total 331776K, used 165325K [0x0000000080000000, 0x0000000100000000)
  region size 1024K, 2 young (2048K), 2 survivors (2048K)
 Metaspace       used 126840K, capacity 130503K, committed 130716K, reserved 1163264K
  class space    used 15669K, capacity 16954K, committed 17132K, reserved 1048576K
}
Event: 2604.442 GC heap before
{Heap before GC invocations=152 (full 0):
 garbage-first heap   total 331776K, used 218573K [0x0000000080000000, 0x0000000100000000)
  region size 1024K, 55 young (56320K), 2 survivors (2048K)
 Metaspace       used 126857K, capacity 130570K, committed 130972K, reserved 1163264K
  class space    used 15670K, capacity 16954K, committed 17132K, reserved 1048576K
}
Event: 2604.530 GC heap after
{Heap after GC invocations=153 (full 0):
 garbage-first heap   total 331776K, used 194222K [0x0000000080000000, 0x0000000100000000)
  region size 1024K, 7 young (7168K), 7 survivors (7168K)
 Metaspace       used 126857K, capacity 130570K, committed 130972K, reserved 1163264K
  class space    used 15670K, capacity 16954K, committed 17132K, reserved 1048576K
}
Event: 2605.476 GC heap before
{Heap before GC invocations=154 (full 0):
 garbage-first heap   total 331776K, used 195246K [0x0000000080000000, 0x0000000100000000)
  region size 1024K, 35 young (35840K), 7 survivors (7168K)
 Metaspace       used 126868K, capacity 130572K, committed 130972K, reserved 1163264K
  class space    used 15670K, capacity 16954K, committed 17132K, reserved 1048576K
}
Event: 2605.559 GC heap after
{Heap after GC invocations=155 (full 0):
 garbage-first heap   total 331776K, used 177152K [0x0000000080000000, 0x0000000100000000)
  region size 1024K, 5 young (5120K), 5 survivors (5120K)
 Metaspace       used 126868K, capacity 130572K, committed 130972K, reserved 1163264K
  class space    used 15670K, capacity 16954K, committed 17132K, reserved 1048576K
}
Event: 2606.872 GC heap before
{Heap before GC invocations=155 (full 0):
 garbage-first heap   total 331776K, used 192512K [0x0000000080000000, 0x0000000100000000)
  region size 1024K, 16 young (16384K), 5 survivors (5120K)
 Metaspace       used 126869K, capacity 130572K, committed 130972K, reserved 1163264K
  class space    used 15670K, capacity 16954K, committed 17132K, reserved 1048576K
}
Event: 2606.905 GC heap after
{Heap after GC invocations=156 (full 0):
 garbage-first heap   total 331776K, used 164864K [0x0000000080000000, 0x0000000100000000)
  region size 1024K, 2 young (2048K), 2 survivors (2048K)
 Metaspace       used 126869K, capacity 130572K, committed 130972K, reserved 1163264K
  class space    used 15670K, capacity 16954K, committed 17132K, reserved 1048576K
}
Event: 2607.015 GC heap before
{Heap before GC invocations=156 (full 0):
 garbage-first heap   total 331776K, used 167936K [0x0000000080000000, 0x0000000100000000)
  region size 1024K, 7 young (7168K), 2 survivors (2048K)
 Metaspace       used 126874K, capacity 130574K, committed 130972K, reserved 1163264K
  class space    used 15670K, capacity 16954K, committed 17132K, reserved 1048576K
}

Deoptimization events (20 events):
Event: 2606.855 Thread 0x000002246c92b800 Uncommon trap: trap_request=0xffffffbe fr.pc=0x000002245d4221ac relative=0x000000000000088c
Event: 2606.855 Thread 0x000002246c92b800 Uncommon trap: reason=profile_predicate action=maybe_recompile pc=0x000002245d4221ac method=com.android.tools.r8.graph.Z0.d(Ljava/util/function/Function;)Lcom/android/tools/r8/utils/q1; @ 21 c2
Event: 2606.856 Thread 0x000002246c92b800 DEOPT PACKING pc=0x000002245d4221ac sp=0x0000005bf4dfec70
Event: 2606.856 Thread 0x000002246c92b800 DEOPT UNPACKING pc=0x00000224549b742f sp=0x0000005bf4dfec68 mode 2
Event: 2606.856 Thread 0x000002246c92b800 Uncommon trap: trap_request=0xffffffbe fr.pc=0x000002245d4221ac relative=0x000000000000088c
Event: 2606.856 Thread 0x000002246c92b800 Uncommon trap: reason=profile_predicate action=maybe_recompile pc=0x000002245d4221ac method=com.android.tools.r8.graph.Z0.d(Ljava/util/function/Function;)Lcom/android/tools/r8/utils/q1; @ 21 c2
Event: 2606.856 Thread 0x000002246c92b800 DEOPT PACKING pc=0x000002245d4221ac sp=0x0000005bf4dfec70
Event: 2606.856 Thread 0x000002246c92b800 DEOPT UNPACKING pc=0x00000224549b742f sp=0x0000005bf4dfec68 mode 2
Event: 2606.857 Thread 0x000002246c92b800 Uncommon trap: trap_request=0xffffffbe fr.pc=0x000002245d33a3d8 relative=0x0000000000000838
Event: 2606.857 Thread 0x000002246c92b800 Uncommon trap: reason=profile_predicate action=maybe_recompile pc=0x000002245d33a3d8 method=com.android.tools.r8.graph.Z0.d(Ljava/util/function/Function;)Lcom/android/tools/r8/utils/q1; @ 15 c2
Event: 2606.857 Thread 0x000002246c92b800 DEOPT PACKING pc=0x000002245d33a3d8 sp=0x0000005bf4dfec70
Event: 2606.857 Thread 0x000002246c92b800 DEOPT UNPACKING pc=0x00000224549b742f sp=0x0000005bf4dfec70 mode 2
Event: 2606.956 Thread 0x000002246c92b800 DEOPT PACKING pc=0x000002245757475b sp=0x0000005bf4dfe840
Event: 2606.956 Thread 0x000002246c92b800 DEOPT UNPACKING pc=0x00000224549b724e sp=0x0000005bf4dfdda8 mode 0
Event: 2607.001 Thread 0x000002246c92b800 DEOPT PACKING pc=0x000002245757475b sp=0x0000005bf4dfed40
Event: 2607.001 Thread 0x000002246c92b800 DEOPT UNPACKING pc=0x00000224549b724e sp=0x0000005bf4dfe2a8 mode 0
Event: 2607.003 Thread 0x000002246c92b800 DEOPT PACKING pc=0x0000022457574667 sp=0x0000005bf4dfed40
Event: 2607.003 Thread 0x000002246c92b800 DEOPT UNPACKING pc=0x00000224549b724e sp=0x0000005bf4dfe2a8 mode 0
Event: 2607.008 Thread 0x000002246c92b800 DEOPT PACKING pc=0x0000022457574667 sp=0x0000005bf4dfed40
Event: 2607.008 Thread 0x000002246c92b800 DEOPT UNPACKING pc=0x00000224549b724e sp=0x0000005bf4dfe2a8 mode 0

Classes redefined (0 events):
No events

Internal exceptions (20 events):
Event: 2591.127 Thread 0x000002246c92e000 Exception <a 'java/lang/NoSuchMethodError'{0x000000008910f7c8}: 'void java.lang.invoke.DirectMethodHandle$Holder.invokeVirtual(java.lang.Object, java.lang.Object, int, java.lang.Object)'> (0x000000008910f7c8) thrown at [./src/hotspot/share/interpreter/linkResolver.cpp, line 773]
Event: 2591.127 Thread 0x000002246c933800 Exception <a 'java/lang/NoSuchMethodError'{0x00000000891e95a0}: 'void java.lang.invoke.DirectMethodHandle$Holder.invokeVirtual(java.lang.Object, java.lang.Object, int, java.lang.Object)'> (0x00000000891e95a0) thrown at [./src/hotspot/share/interpreter/linkResolver.cpp, line 773]
Event: 2591.542 Thread 0x00000224742d9800 Exception <a 'java/lang/NoSuchMethodError'{0x0000000088e43518}: 'java.lang.Object java.lang.invoke.DirectMethodHandle$Holder.newInvokeSpecial(java.lang.Object, int)'> (0x0000000088e43518) thrown at [./src/hotspot/share/interpreter/linkResolver.cpp, line 773]
Event: 2593.726 Thread 0x00000224742d9800 Exception <a 'java/lang/NoSuchMethodError'{0x0000000089249430}: 'void java.lang.invoke.DirectMethodHandle$Holder.invokeVirtual(java.lang.Object, java.lang.Object, int)'> (0x0000000089249430) thrown at [./src/hotspot/share/interpreter/linkResolver.cpp, line 773]
Event: 2593.752 Thread 0x00000224742d9800 Exception <a 'sun/nio/fs/WindowsException'{0x00000000892ef9e8}> (0x00000000892ef9e8) thrown at [./src/hotspot/share/prims/jni.cpp, line 615]
Event: 2593.752 Thread 0x00000224742d9800 Exception <a 'sun/nio/fs/WindowsException'{0x00000000892f0188}> (0x00000000892f0188) thrown at [./src/hotspot/share/prims/jni.cpp, line 615]
Event: 2593.753 Thread 0x00000224742d9800 Exception <a 'sun/nio/fs/WindowsException'{0x00000000892f0300}> (0x00000000892f0300) thrown at [./src/hotspot/share/prims/jni.cpp, line 615]
Event: 2593.753 Thread 0x00000224742d9800 Exception <a 'sun/nio/fs/WindowsException'{0x00000000892f1008}> (0x00000000892f1008) thrown at [./src/hotspot/share/prims/jni.cpp, line 615]
Event: 2593.753 Thread 0x00000224742d9800 Exception <a 'sun/nio/fs/WindowsException'{0x00000000892f1170}> (0x00000000892f1170) thrown at [./src/hotspot/share/prims/jni.cpp, line 615]
Event: 2593.753 Thread 0x00000224742d9800 Exception <a 'sun/nio/fs/WindowsException'{0x00000000892f1e68}> (0x00000000892f1e68) thrown at [./src/hotspot/share/prims/jni.cpp, line 615]
Event: 2593.925 Thread 0x00000224742d9800 Exception <a 'sun/nio/fs/WindowsException'{0x00000000891c7d68}> (0x00000000891c7d68) thrown at [./src/hotspot/share/prims/jni.cpp, line 615]
Event: 2593.946 Thread 0x00000224742d9800 Exception <a 'sun/nio/fs/WindowsException'{0x00000000891ce100}> (0x00000000891ce100) thrown at [./src/hotspot/share/prims/jni.cpp, line 615]
Event: 2593.977 Thread 0x00000224742d9800 Exception <a 'sun/nio/fs/WindowsException'{0x00000000891fb3c8}> (0x00000000891fb3c8) thrown at [./src/hotspot/share/prims/jni.cpp, line 615]
Event: 2595.071 Thread 0x00000224745ed000 Exception <a 'java/lang/NoSuchMethodError'{0x0000000089428990}: <clinit>> (0x0000000089428990) thrown at [./src/hotspot/share/prims/jni.cpp, line 1362]
Event: 2598.013 Thread 0x00000224745ef800 Exception <a 'sun/nio/fs/WindowsException'{0x0000000089968a18}> (0x0000000089968a18) thrown at [./src/hotspot/share/prims/jni.cpp, line 615]
Event: 2598.726 Thread 0x000002246c936800 Implicit null exception at 0x000002245c655f2f to 0x000002245c656020
Event: 2598.726 Thread 0x000002246c92b800 Implicit null exception at 0x000002245c655f2f to 0x000002245c656020
Event: 2601.415 Thread 0x000002246c934800 Implicit null exception at 0x000002245d17c0cc to 0x000002245d17c214
Event: 2603.035 Thread 0x000002246c934800 Exception <a 'sun/nio/fs/WindowsException'{0x000000008d2c97c8}> (0x000000008d2c97c8) thrown at [./src/hotspot/share/prims/jni.cpp, line 615]
Event: 2603.169 Thread 0x000002246c92e000 Exception <a 'sun/nio/fs/WindowsException'{0x000000008d07c1b0}> (0x000000008d07c1b0) thrown at [./src/hotspot/share/prims/jni.cpp, line 615]

Events (20 events):
Event: 2603.847 Thread 0x000002246c92f800 Thread exited: 0x000002246c92f800
Event: 2604.441 Executing VM operation: G1CollectForAllocation
Event: 2604.530 Executing VM operation: G1CollectForAllocation done
Event: 2604.743 Executing VM operation: RevokeBias
Event: 2604.744 Executing coalesced safepoint VM operation: RevokeBias
Event: 2604.744 Executing coalesced safepoint VM operation: RevokeBias done
Event: 2604.744 Executing coalesced safepoint VM operation: RevokeBias
Event: 2604.744 Executing coalesced safepoint VM operation: RevokeBias done
Event: 2604.744 Executing VM operation: RevokeBias done
Event: 2604.979 Executing VM operation: RevokeBias
Event: 2604.979 Executing VM operation: RevokeBias done
Event: 2604.996 Executing VM operation: CGC_Operation
Event: 2605.026 Executing VM operation: CGC_Operation done
Event: 2605.254 Executing VM operation: CGC_Operation
Event: 2605.254 Executing VM operation: CGC_Operation done
Event: 2605.476 Executing VM operation: G1CollectForAllocation
Event: 2605.559 Executing VM operation: G1CollectForAllocation done
Event: 2606.872 Executing VM operation: G1CollectForAllocation
Event: 2606.905 Executing VM operation: G1CollectForAllocation done
Event: 2607.015 Executing VM operation: G1CollectForAllocation


Dynamic libraries:
0x00007ff7e08f0000 - 0x00007ff7e08fa000 	C:\Program Files\Android\Android Studio\jre\bin\java.exe
0x00007ffc4bdd0000 - 0x00007ffc4bfc5000 	C:\Windows\SYSTEM32\ntdll.dll
0x00007ffc4aef0000 - 0x00007ffc4afad000 	C:\Windows\System32\KERNEL32.DLL
0x00007ffc497a0000 - 0x00007ffc49a68000 	C:\Windows\System32\KERNELBASE.dll
0x00007ffc49d30000 - 0x00007ffc49e30000 	C:\Windows\System32\ucrtbase.dll
0x00007ffc42040000 - 0x00007ffc42057000 	C:\Program Files\Android\Android Studio\jre\bin\VCRUNTIME140.dll
0x00007ffc43380000 - 0x00007ffc43399000 	C:\Program Files\Android\Android Studio\jre\bin\jli.dll
0x00007ffc4b100000 - 0x00007ffc4b2a0000 	C:\Windows\System32\USER32.dll
0x00007ffc496d0000 - 0x00007ffc496f2000 	C:\Windows\System32\win32u.dll
0x00007ffc34aa0000 - 0x00007ffc34d3a000 	C:\Windows\WinSxS\amd64_microsoft.windows.common-controls_6595b64144ccf1df_6.0.19041.844_none_ca00b6081b84eb1d\COMCTL32.dll
0x00007ffc4b0d0000 - 0x00007ffc4b0fa000 	C:\Windows\System32\GDI32.dll
0x00007ffc4bcf0000 - 0x00007ffc4bd8e000 	C:\Windows\System32\msvcrt.dll
0x00007ffc49ac0000 - 0x00007ffc49bcb000 	C:\Windows\System32\gdi32full.dll
0x00007ffc49700000 - 0x00007ffc4979d000 	C:\Windows\System32\msvcp_win.dll
0x00007ffc4ae60000 - 0x00007ffc4ae90000 	C:\Windows\System32\IMM32.DLL
0x00007ffc2a7a0000 - 0x00007ffc2a83d000 	C:\Program Files\Android\Android Studio\jre\bin\msvcp140.dll
0x00007ffbffd60000 - 0x00007ffc0081c000 	C:\Program Files\Android\Android Studio\jre\bin\server\jvm.dll
0x00007ffc4a860000 - 0x00007ffc4a90c000 	C:\Windows\System32\ADVAPI32.dll
0x00007ffc4b6a0000 - 0x00007ffc4b73b000 	C:\Windows\System32\sechost.dll
0x00007ffc4bbc0000 - 0x00007ffc4bceb000 	C:\Windows\System32\RPCRT4.dll
0x00007ffc4a100000 - 0x00007ffc4a108000 	C:\Windows\System32\PSAPI.DLL
0x00007ffc3d5d0000 - 0x00007ffc3d5f7000 	C:\Windows\SYSTEM32\WINMM.dll
0x00007ffc44cf0000 - 0x00007ffc44cf9000 	C:\Windows\SYSTEM32\WSOCK32.dll
0x00007ffc40ff0000 - 0x00007ffc40ffa000 	C:\Windows\SYSTEM32\VERSION.dll
0x00007ffc49e30000 - 0x00007ffc49e9b000 	C:\Windows\System32\WS2_32.dll
0x00007ffc474d0000 - 0x00007ffc474e2000 	C:\Windows\SYSTEM32\kernel.appcore.dll
0x00007ffc44cd0000 - 0x00007ffc44ce1000 	C:\Program Files\Android\Android Studio\jre\bin\verify.dll
0x00007ffc3e9a0000 - 0x00007ffc3eb84000 	C:\Windows\SYSTEM32\DBGHELP.DLL
0x00007ffc2ce90000 - 0x00007ffc2cebc000 	C:\Windows\SYSTEM32\dbgcore.DLL
0x00007ffc49510000 - 0x00007ffc49590000 	C:\Windows\System32\bcryptPrimitives.dll
0x00007ffc44c60000 - 0x00007ffc44c89000 	C:\Program Files\Android\Android Studio\jre\bin\java.dll
0x00007ffc44cc0000 - 0x00007ffc44ccb000 	C:\Program Files\Android\Android Studio\jre\bin\jimage.dll
0x00007ffc3d0b0000 - 0x00007ffc3d0c8000 	C:\Program Files\Android\Android Studio\jre\bin\zip.dll
0x00007ffc4a110000 - 0x00007ffc4a852000 	C:\Windows\System32\SHELL32.dll
0x00007ffc47640000 - 0x00007ffc47dd0000 	C:\Windows\SYSTEM32\windows.storage.dll
0x00007ffc4ab00000 - 0x00007ffc4ae55000 	C:\Windows\System32\combase.dll
0x00007ffc48f80000 - 0x00007ffc48fac000 	C:\Windows\SYSTEM32\Wldp.dll
0x00007ffc49ea0000 - 0x00007ffc49f4e000 	C:\Windows\System32\SHCORE.dll
0x00007ffc4b640000 - 0x00007ffc4b695000 	C:\Windows\System32\shlwapi.dll
0x00007ffc49450000 - 0x00007ffc4946f000 	C:\Windows\SYSTEM32\profapi.dll
0x00007ffc3c750000 - 0x00007ffc3c76a000 	C:\Program Files\Android\Android Studio\jre\bin\net.dll
0x00007ffc3f720000 - 0x00007ffc3f82b000 	C:\Windows\SYSTEM32\WINHTTP.dll
0x00007ffc48cf0000 - 0x00007ffc48d5a000 	C:\Windows\system32\mswsock.dll
0x00007ffc38680000 - 0x00007ffc38694000 	C:\Program Files\Android\Android Studio\jre\bin\nio.dll
0x00007ffc3c700000 - 0x00007ffc3c727000 	C:\Users\cient\.gradle\native\f6784746aeab05261644944871eae4fe03e0ef1612fff0a4a95f87b438bc6780\windows-amd64\native-platform.dll
0x00007ffc44cb0000 - 0x00007ffc44cba000 	C:\Program Files\Android\Android Studio\jre\bin\management.dll
0x00007ffc44c50000 - 0x00007ffc44c5c000 	C:\Program Files\Android\Android Studio\jre\bin\management_ext.dll
0x00007ffc48ec0000 - 0x00007ffc48ed8000 	C:\Windows\SYSTEM32\CRYPTSP.dll
0x00007ffc48620000 - 0x00007ffc48654000 	C:\Windows\system32\rsaenh.dll
0x00007ffc495f0000 - 0x00007ffc49617000 	C:\Windows\System32\bcrypt.dll
0x00007ffc493d0000 - 0x00007ffc493fe000 	C:\Windows\SYSTEM32\USERENV.dll
0x00007ffc48ee0000 - 0x00007ffc48eec000 	C:\Windows\SYSTEM32\CRYPTBASE.dll
0x00007ffc48990000 - 0x00007ffc489cb000 	C:\Windows\SYSTEM32\IPHLPAPI.DLL
0x00007ffc4b430000 - 0x00007ffc4b438000 	C:\Windows\System32\NSI.dll
0x00007ffc3ec80000 - 0x00007ffc3ec97000 	C:\Windows\SYSTEM32\dhcpcsvc6.DLL
0x00007ffc3ec50000 - 0x00007ffc3ec6d000 	C:\Windows\SYSTEM32\dhcpcsvc.DLL
0x00007ffc489d0000 - 0x00007ffc48a9c000 	C:\Windows\SYSTEM32\DNSAPI.dll
0x00007ffc3ec70000 - 0x00007ffc3ec7b000 	C:\Windows\SYSTEM32\WINNSI.DLL
0x00007ffc23b20000 - 0x00007ffc23cc2000 	C:\Program Files\Android\Android Studio\jre\bin\awt.dll
0x00007ffc4b440000 - 0x00007ffc4b50d000 	C:\Windows\System32\OLEAUT32.dll
0x00007ffc46f00000 - 0x00007ffc46f2f000 	C:\Windows\SYSTEM32\dwmapi.dll
0x00007ffc46820000 - 0x00007ffc468b0000 	C:\Windows\SYSTEM32\apphelp.dll
0x00007ffc46c00000 - 0x00007ffc46c9e000 	C:\Windows\system32\uxtheme.dll

dbghelp: loaded successfully - version: 4.0.5 - missing functions: none
symbol engine: initialized successfully - sym options: 0x614 - pdb path: .;C:\Program Files\Android\Android Studio\jre\bin;C:\Windows\SYSTEM32;C:\Windows\WinSxS\amd64_microsoft.windows.common-controls_6595b64144ccf1df_6.0.19041.844_none_ca00b6081b84eb1d;C:\Program Files\Android\Android Studio\jre\bin\server;C:\Users\cient\.gradle\native\f6784746aeab05261644944871eae4fe03e0ef1612fff0a4a95f87b438bc6780\windows-amd64

VM Arguments:
jvm_args: --add-opens=java.base/java.util=ALL-UNNAMED --add-opens=java.base/java.lang=ALL-UNNAMED --add-opens=java.base/java.lang.invoke=ALL-UNNAMED --add-opens=java.prefs/java.util.prefs=ALL-UNNAMED -Xmx2048m -Dfile.encoding=UTF-8 -Duser.country=PT -Duser.language=pt -Duser.variant 
java_command: org.gradle.launcher.daemon.bootstrap.GradleDaemon 6.5
java_class_path (initial): C:\Users\cient\.gradle\wrapper\dists\gradle-6.5-bin\6nifqtx7604sqp1q6g8wikw7p\gradle-6.5\lib\gradle-launcher-6.5.jar
Launcher Type: SUN_STANDARD

[Global flags]
     intx CICompilerCount                          = 3                                         {product} {ergonomic}
     uint ConcGCThreads                            = 1                                         {product} {ergonomic}
     uint G1ConcRefinementThreads                  = 4                                         {product} {ergonomic}
   size_t G1HeapRegionSize                         = 1048576                                   {product} {ergonomic}
    uintx GCDrainStackTargetSize                   = 64                                        {product} {ergonomic}
   size_t InitialHeapSize                          = 113246208                                 {product} {ergonomic}
   size_t MarkStackSize                            = 4194304                                   {product} {ergonomic}
   size_t MaxHeapSize                              = 2147483648                                {product} {command line}
   size_t MaxNewSize                               = 1287651328                                {product} {ergonomic}
   size_t MinHeapDeltaBytes                        = 1048576                                   {product} {ergonomic}
    uintx NonNMethodCodeHeapSize                   = 5830732                                {pd product} {ergonomic}
    uintx NonProfiledCodeHeapSize                  = 122913754                              {pd product} {ergonomic}
    uintx ProfiledCodeHeapSize                     = 122913754                              {pd product} {ergonomic}
    uintx ReservedCodeCacheSize                    = 251658240                              {pd product} {ergonomic}
     bool SegmentedCodeCache                       = true                                      {product} {ergonomic}
     bool UseCompressedClassPointers               = true                                 {lp64_product} {ergonomic}
     bool UseCompressedOops                        = true                                 {lp64_product} {ergonomic}
     bool UseG1GC                                  = true                                      {product} {ergonomic}
     bool UseLargePagesIndividualAllocation        = false                                  {pd product} {ergonomic}

Logging:
Log output configuration:
 #0: stdout all=warning uptime,level,tags
 #1: stderr all=off uptime,level,tags

Environment Variables:
PATH=C:\Program Files\Microsoft MPI\Bin\;C:\Windows\system32;C:\Windows;C:\Windows\System32\Wbem;C:\Windows\System32\WindowsPowerShell\v1.0\;C:\Program Files (x86)\ATI Technologies\ATI.ACE\Core-Static;C:\Program Files\Git\cmd;C:\Program Files\dotnet\;C:\Program Files\Microsoft SQL Server\130\Tools\Binn\;C:\Windows\System32\OpenSSH\;C:\Windows\system32\config\systemprofile\.dnx\bin;C:\Program Files\Microsoft DNX\Dnvm\;C:\Program Files\Microsoft SQL Server\120\Tools\Binn\;C:\Program Files\Microsoft\Web Platform Installer\;C:\Users\cient\AppData\Local\Microsoft\WindowsApps;C:\Users\cient\AppData\Local\GitHubDesktop\bin;C:\Users\cient\.dotnet\tools
USERNAME=cient
OS=Windows_NT
PROCESSOR_IDENTIFIER=Intel64 Family 6 Model 42 Stepping 7, GenuineIntel



---------------  S Y S T E M  ---------------

OS: Windows 10 , 64 bit Build 19041 (10.0.19041.928)
OS uptime: 0 days 12:13 hours

CPU:total 4 (initial active 4) (2 cores per cpu, 2 threads per core) family 6 model 42 stepping 7, cmov, cx8, fxsr, mmx, sse, sse2, sse3, ssse3, sse4.1, sse4.2, popcnt, avx, aes, clmul, ht, tsc, tscinvbit

Memory: 4k page, system-wide physical 6852M (401M free)
TotalPageFile size 10948M (AvailPageFile size 240M)
current process WorkingSet (physical memory assigned to process): 598M, peak: 602M
current process commit charge ("private bytes"): 717M, peak: 1041M

vm_info: OpenJDK 64-Bit Server VM (11.0.8+10-b944.6842174) for windows-amd64 JRE (11.0.8+10-b944.6842174), built on Sep 19 2020 01:11:42 by "builder" with MS VC++ 14.0 (VS2015)

END.
